[0.712s] Invoking command in '/home/devin/ros2_ws/RSO2_Study/src/learning_topic': CMAKE_PREFIX_PATH=/home/devin/ros2_ws/RSO2_Study/install/learning_interface:/home/devin/ros2_ws/RSO2_Study/install/my_robot_interface LD_LIBRARY_PATH=/home/devin/ros2_ws/RSO2_Study/install/learning_interface/lib:/home/devin/ros2_ws/RSO2_Study/install/my_robot_interface/lib:/opt/ros/humble/opt/rviz_ogre_vendor/lib:/opt/ros/humble/lib/x86_64-linux-gnu:/opt/ros/humble/lib PYTHONPATH=/home/devin/ros2_ws/RSO2_Study/build/learning_topic/prefix_override:/usr/lib/python3/dist-packages/colcon_core/task/python/colcon_distutils_commands:/home/devin/ros2_ws/RSO2_Study/install/learning_topic/lib/python3.10/site-packages:${PYTHONPATH} /usr/bin/python3 -W ignore:setup.py install is deprecated -W ignore:easy_install command is deprecated setup.py egg_info --egg-base ../../build/learning_topic build --build-base /home/devin/ros2_ws/RSO2_Study/build/learning_topic/build install --record /home/devin/ros2_ws/RSO2_Study/build/learning_topic/install.log --single-version-externally-managed install_data
[0.868s] running egg_info
[0.868s] creating ../../build/learning_topic/learning_topic.egg-info
[0.868s] writing ../../build/learning_topic/learning_topic.egg-info/PKG-INFO
[0.868s] writing dependency_links to ../../build/learning_topic/learning_topic.egg-info/dependency_links.txt
[0.869s] writing entry points to ../../build/learning_topic/learning_topic.egg-info/entry_points.txt
[0.869s] writing requirements to ../../build/learning_topic/learning_topic.egg-info/requires.txt
[0.869s] writing top-level names to ../../build/learning_topic/learning_topic.egg-info/top_level.txt
[0.869s] writing manifest file '../../build/learning_topic/learning_topic.egg-info/SOURCES.txt'
[0.870s] reading manifest file '../../build/learning_topic/learning_topic.egg-info/SOURCES.txt'
[0.871s] writing manifest file '../../build/learning_topic/learning_topic.egg-info/SOURCES.txt'
[0.871s] running build
[0.871s] running build_py
[0.871s] creating /home/devin/ros2_ws/RSO2_Study/build/learning_topic/build
[0.871s] creating /home/devin/ros2_ws/RSO2_Study/build/learning_topic/build/lib
[0.871s] creating /home/devin/ros2_ws/RSO2_Study/build/learning_topic/build/lib/learning_topic
[0.872s] copying learning_topic/topic_webcam_pub.py -> /home/devin/ros2_ws/RSO2_Study/build/learning_topic/build/lib/learning_topic
[0.872s] copying learning_topic/topic_webcam_sub.py -> /home/devin/ros2_ws/RSO2_Study/build/learning_topic/build/lib/learning_topic
[0.872s] copying learning_topic/interface_object_pub.py -> /home/devin/ros2_ws/RSO2_Study/build/learning_topic/build/lib/learning_topic
[0.872s] copying learning_topic/topic_helloworld_sub.py -> /home/devin/ros2_ws/RSO2_Study/build/learning_topic/build/lib/learning_topic
[0.872s] copying learning_topic/interface_object_sub.py -> /home/devin/ros2_ws/RSO2_Study/build/learning_topic/build/lib/learning_topic
[0.872s] copying learning_topic/__init__.py -> /home/devin/ros2_ws/RSO2_Study/build/learning_topic/build/lib/learning_topic
[0.873s] copying learning_topic/topic_helloworld_pub.py -> /home/devin/ros2_ws/RSO2_Study/build/learning_topic/build/lib/learning_topic
[0.873s] running install
[0.873s] running install_lib
[0.873s] creating /home/devin/ros2_ws/RSO2_Study/install/learning_topic/lib/python3.10/site-packages/learning_topic
[0.873s] copying /home/devin/ros2_ws/RSO2_Study/build/learning_topic/build/lib/learning_topic/topic_webcam_pub.py -> /home/devin/ros2_ws/RSO2_Study/install/learning_topic/lib/python3.10/site-packages/learning_topic
[0.873s] copying /home/devin/ros2_ws/RSO2_Study/build/learning_topic/build/lib/learning_topic/topic_webcam_sub.py -> /home/devin/ros2_ws/RSO2_Study/install/learning_topic/lib/python3.10/site-packages/learning_topic
[0.874s] copying /home/devin/ros2_ws/RSO2_Study/build/learning_topic/build/lib/learning_topic/interface_object_pub.py -> /home/devin/ros2_ws/RSO2_Study/install/learning_topic/lib/python3.10/site-packages/learning_topic
[0.874s] copying /home/devin/ros2_ws/RSO2_Study/build/learning_topic/build/lib/learning_topic/topic_helloworld_sub.py -> /home/devin/ros2_ws/RSO2_Study/install/learning_topic/lib/python3.10/site-packages/learning_topic
[0.874s] copying /home/devin/ros2_ws/RSO2_Study/build/learning_topic/build/lib/learning_topic/interface_object_sub.py -> /home/devin/ros2_ws/RSO2_Study/install/learning_topic/lib/python3.10/site-packages/learning_topic
[0.874s] copying /home/devin/ros2_ws/RSO2_Study/build/learning_topic/build/lib/learning_topic/__init__.py -> /home/devin/ros2_ws/RSO2_Study/install/learning_topic/lib/python3.10/site-packages/learning_topic
[0.874s] copying /home/devin/ros2_ws/RSO2_Study/build/learning_topic/build/lib/learning_topic/topic_helloworld_pub.py -> /home/devin/ros2_ws/RSO2_Study/install/learning_topic/lib/python3.10/site-packages/learning_topic
[0.874s] byte-compiling /home/devin/ros2_ws/RSO2_Study/install/learning_topic/lib/python3.10/site-packages/learning_topic/topic_webcam_pub.py to topic_webcam_pub.cpython-310.pyc
[0.875s] byte-compiling /home/devin/ros2_ws/RSO2_Study/install/learning_topic/lib/python3.10/site-packages/learning_topic/topic_webcam_sub.py to topic_webcam_sub.cpython-310.pyc
[0.875s] byte-compiling /home/devin/ros2_ws/RSO2_Study/install/learning_topic/lib/python3.10/site-packages/learning_topic/interface_object_pub.py to interface_object_pub.cpython-310.pyc
[0.875s] byte-compiling /home/devin/ros2_ws/RSO2_Study/install/learning_topic/lib/python3.10/site-packages/learning_topic/topic_helloworld_sub.py to topic_helloworld_sub.cpython-310.pyc
[0.875s] byte-compiling /home/devin/ros2_ws/RSO2_Study/install/learning_topic/lib/python3.10/site-packages/learning_topic/interface_object_sub.py to interface_object_sub.cpython-310.pyc
[0.876s] byte-compiling /home/devin/ros2_ws/RSO2_Study/install/learning_topic/lib/python3.10/site-packages/learning_topic/__init__.py to __init__.cpython-310.pyc
[0.876s] byte-compiling /home/devin/ros2_ws/RSO2_Study/install/learning_topic/lib/python3.10/site-packages/learning_topic/topic_helloworld_pub.py to topic_helloworld_pub.cpython-310.pyc
[0.876s] running install_data
[0.876s] creating /home/devin/ros2_ws/RSO2_Study/install/learning_topic/share/ament_index
[0.876s] creating /home/devin/ros2_ws/RSO2_Study/install/learning_topic/share/ament_index/resource_index
[0.876s] creating /home/devin/ros2_ws/RSO2_Study/install/learning_topic/share/ament_index/resource_index/packages
[0.877s] copying resource/learning_topic -> /home/devin/ros2_ws/RSO2_Study/install/learning_topic/share/ament_index/resource_index/packages
[0.877s] copying package.xml -> /home/devin/ros2_ws/RSO2_Study/install/learning_topic/share/learning_topic
[0.877s] running install_egg_info
[0.878s] Copying ../../build/learning_topic/learning_topic.egg-info to /home/devin/ros2_ws/RSO2_Study/install/learning_topic/lib/python3.10/site-packages/learning_topic-0.0.0-py3.10.egg-info
[0.879s] running install_scripts
[0.894s] Installing interface_object_pub script to /home/devin/ros2_ws/RSO2_Study/install/learning_topic/lib/learning_topic
[0.894s] Installing interface_object_sub script to /home/devin/ros2_ws/RSO2_Study/install/learning_topic/lib/learning_topic
[0.894s] Installing topic_helloworld_pub script to /home/devin/ros2_ws/RSO2_Study/install/learning_topic/lib/learning_topic
[0.894s] Installing topic_helloworld_sub script to /home/devin/ros2_ws/RSO2_Study/install/learning_topic/lib/learning_topic
[0.894s] Installing topic_webcam_pub script to /home/devin/ros2_ws/RSO2_Study/install/learning_topic/lib/learning_topic
[0.895s] Installing topic_webcam_sub script to /home/devin/ros2_ws/RSO2_Study/install/learning_topic/lib/learning_topic
[0.895s] writing list of installed files to '/home/devin/ros2_ws/RSO2_Study/build/learning_topic/install.log'
[0.912s] Invoked command in '/home/devin/ros2_ws/RSO2_Study/src/learning_topic' returned '0': CMAKE_PREFIX_PATH=/home/devin/ros2_ws/RSO2_Study/install/learning_interface:/home/devin/ros2_ws/RSO2_Study/install/my_robot_interface LD_LIBRARY_PATH=/home/devin/ros2_ws/RSO2_Study/install/learning_interface/lib:/home/devin/ros2_ws/RSO2_Study/install/my_robot_interface/lib:/opt/ros/humble/opt/rviz_ogre_vendor/lib:/opt/ros/humble/lib/x86_64-linux-gnu:/opt/ros/humble/lib PYTHONPATH=/home/devin/ros2_ws/RSO2_Study/build/learning_topic/prefix_override:/usr/lib/python3/dist-packages/colcon_core/task/python/colcon_distutils_commands:/home/devin/ros2_ws/RSO2_Study/install/learning_topic/lib/python3.10/site-packages:${PYTHONPATH} /usr/bin/python3 -W ignore:setup.py install is deprecated -W ignore:easy_install command is deprecated setup.py egg_info --egg-base ../../build/learning_topic build --build-base /home/devin/ros2_ws/RSO2_Study/build/learning_topic/build install --record /home/devin/ros2_ws/RSO2_Study/build/learning_topic/install.log --single-version-externally-managed install_data
