[0.546s] Invoking command in '/home/devin/ros2_ws/RSO2_Study/src/learning_service': PYTHONPATH=/home/devin/ros2_ws/RSO2_Study/build/learning_service/prefix_override:/usr/lib/python3/dist-packages/colcon_core/task/python/colcon_distutils_commands:/home/devin/ros2_ws/RSO2_Study/install/learning_service/lib/python3.10/site-packages:${PYTHONPATH} /usr/bin/python3 -W ignore:setup.py install is deprecated -W ignore:easy_install command is deprecated setup.py egg_info --egg-base ../../build/learning_service build --build-base /home/devin/ros2_ws/RSO2_Study/build/learning_service/build install --record /home/devin/ros2_ws/RSO2_Study/build/learning_service/install.log --single-version-externally-managed install_data
[0.692s] running egg_info
[0.693s] creating ../../build/learning_service/learning_service.egg-info
[0.693s] writing ../../build/learning_service/learning_service.egg-info/PKG-INFO
[0.693s] writing dependency_links to ../../build/learning_service/learning_service.egg-info/dependency_links.txt
[0.693s] writing entry points to ../../build/learning_service/learning_service.egg-info/entry_points.txt
[0.693s] writing requirements to ../../build/learning_service/learning_service.egg-info/requires.txt
[0.693s] writing top-level names to ../../build/learning_service/learning_service.egg-info/top_level.txt
[0.693s] writing manifest file '../../build/learning_service/learning_service.egg-info/SOURCES.txt'
[0.694s] reading manifest file '../../build/learning_service/learning_service.egg-info/SOURCES.txt'
[0.695s] writing manifest file '../../build/learning_service/learning_service.egg-info/SOURCES.txt'
[0.695s] running build
[0.695s] running build_py
[0.695s] creating /home/devin/ros2_ws/RSO2_Study/build/learning_service/build
[0.695s] creating /home/devin/ros2_ws/RSO2_Study/build/learning_service/build/lib
[0.695s] creating /home/devin/ros2_ws/RSO2_Study/build/learning_service/build/lib/learning_service
[0.696s] copying learning_service/service_adder_client.py -> /home/devin/ros2_ws/RSO2_Study/build/learning_service/build/lib/learning_service
[0.696s] copying learning_service/service_object_client.py -> /home/devin/ros2_ws/RSO2_Study/build/learning_service/build/lib/learning_service
[0.696s] copying learning_service/service_object_server.py -> /home/devin/ros2_ws/RSO2_Study/build/learning_service/build/lib/learning_service
[0.696s] copying learning_service/__init__.py -> /home/devin/ros2_ws/RSO2_Study/build/learning_service/build/lib/learning_service
[0.696s] copying learning_service/service_adder_server.py -> /home/devin/ros2_ws/RSO2_Study/build/learning_service/build/lib/learning_service
[0.696s] running install
[0.696s] running install_lib
[0.697s] creating /home/devin/ros2_ws/RSO2_Study/install/learning_service/lib/python3.10/site-packages/learning_service
[0.697s] copying /home/devin/ros2_ws/RSO2_Study/build/learning_service/build/lib/learning_service/service_adder_client.py -> /home/devin/ros2_ws/RSO2_Study/install/learning_service/lib/python3.10/site-packages/learning_service
[0.697s] copying /home/devin/ros2_ws/RSO2_Study/build/learning_service/build/lib/learning_service/service_object_client.py -> /home/devin/ros2_ws/RSO2_Study/install/learning_service/lib/python3.10/site-packages/learning_service
[0.697s] copying /home/devin/ros2_ws/RSO2_Study/build/learning_service/build/lib/learning_service/service_object_server.py -> /home/devin/ros2_ws/RSO2_Study/install/learning_service/lib/python3.10/site-packages/learning_service
[0.697s] copying /home/devin/ros2_ws/RSO2_Study/build/learning_service/build/lib/learning_service/__init__.py -> /home/devin/ros2_ws/RSO2_Study/install/learning_service/lib/python3.10/site-packages/learning_service
[0.698s] copying /home/devin/ros2_ws/RSO2_Study/build/learning_service/build/lib/learning_service/service_adder_server.py -> /home/devin/ros2_ws/RSO2_Study/install/learning_service/lib/python3.10/site-packages/learning_service
[0.698s] byte-compiling /home/devin/ros2_ws/RSO2_Study/install/learning_service/lib/python3.10/site-packages/learning_service/service_adder_client.py to service_adder_client.cpython-310.pyc
[0.698s] byte-compiling /home/devin/ros2_ws/RSO2_Study/install/learning_service/lib/python3.10/site-packages/learning_service/service_object_client.py to service_object_client.cpython-310.pyc
[0.699s] byte-compiling /home/devin/ros2_ws/RSO2_Study/install/learning_service/lib/python3.10/site-packages/learning_service/service_object_server.py to service_object_server.cpython-310.pyc
[0.699s] byte-compiling /home/devin/ros2_ws/RSO2_Study/install/learning_service/lib/python3.10/site-packages/learning_service/__init__.py to __init__.cpython-310.pyc
[0.699s] byte-compiling /home/devin/ros2_ws/RSO2_Study/install/learning_service/lib/python3.10/site-packages/learning_service/service_adder_server.py to service_adder_server.cpython-310.pyc
[0.699s] running install_data
[0.700s] creating /home/devin/ros2_ws/RSO2_Study/install/learning_service/share/ament_index
[0.700s] creating /home/devin/ros2_ws/RSO2_Study/install/learning_service/share/ament_index/resource_index
[0.700s] creating /home/devin/ros2_ws/RSO2_Study/install/learning_service/share/ament_index/resource_index/packages
[0.700s] copying resource/learning_service -> /home/devin/ros2_ws/RSO2_Study/install/learning_service/share/ament_index/resource_index/packages
[0.700s] copying package.xml -> /home/devin/ros2_ws/RSO2_Study/install/learning_service/share/learning_service
[0.700s] running install_egg_info
[0.701s] Copying ../../build/learning_service/learning_service.egg-info to /home/devin/ros2_ws/RSO2_Study/install/learning_service/lib/python3.10/site-packages/learning_service-0.0.0-py3.10.egg-info
[0.702s] running install_scripts
[0.717s] Installing service_adder_client script to /home/devin/ros2_ws/RSO2_Study/install/learning_service/lib/learning_service
[0.717s] Installing service_adder_server script to /home/devin/ros2_ws/RSO2_Study/install/learning_service/lib/learning_service
[0.717s] Installing service_object_client script to /home/devin/ros2_ws/RSO2_Study/install/learning_service/lib/learning_service
[0.718s] Installing service_object_server script to /home/devin/ros2_ws/RSO2_Study/install/learning_service/lib/learning_service
[0.718s] writing list of installed files to '/home/devin/ros2_ws/RSO2_Study/build/learning_service/install.log'
[0.735s] Invoked command in '/home/devin/ros2_ws/RSO2_Study/src/learning_service' returned '0': PYTHONPATH=/home/devin/ros2_ws/RSO2_Study/build/learning_service/prefix_override:/usr/lib/python3/dist-packages/colcon_core/task/python/colcon_distutils_commands:/home/devin/ros2_ws/RSO2_Study/install/learning_service/lib/python3.10/site-packages:${PYTHONPATH} /usr/bin/python3 -W ignore:setup.py install is deprecated -W ignore:easy_install command is deprecated setup.py egg_info --egg-base ../../build/learning_service build --build-base /home/devin/ros2_ws/RSO2_Study/build/learning_service/build install --record /home/devin/ros2_ws/RSO2_Study/build/learning_service/install.log --single-version-externally-managed install_data
