[0.012s] Invoking command in '/home/devin/ros2_ws/RSO2_Study/build/learning_interface': CMAKE_PREFIX_PATH=${CMAKE_PREFIX_PATH}:/home/devin/ros2_ws/RSO2_Study/install/learning_service:/home/devin/ros2_ws/RSO2_Study/install/action_py:/opt/ros/humble /usr/bin/cmake /home/devin/ros2_ws/RSO2_Study/src/learning_interface -DCMAKE_INSTALL_PREFIX=/home/devin/ros2_ws/RSO2_Study/install/learning_interface
[0.209s] -- The C compiler identification is GNU 11.4.0
[0.678s] -- The CXX compiler identification is GNU 11.4.0
[0.959s] -- Detecting C compiler ABI info
[1.085s] -- Detecting C compiler ABI info - done
[1.090s] -- Check for working C compiler: /usr/bin/cc - skipped
[1.090s] -- Detecting C compile features
[1.091s] -- Detecting C compile features - done
[1.094s] -- Detecting CXX compiler ABI info
[1.225s] -- Detecting CXX compiler ABI info - done
[1.230s] -- Check for working CXX compiler: /usr/bin/c++ - skipped
[1.231s] -- Detecting CXX compile features
[1.231s] -- Detecting CXX compile features - done
[1.244s] -- Found ament_cmake: 1.3.11 (/opt/ros/humble/share/ament_cmake/cmake)
[1.356s] -- Found Python3: /usr/bin/python3 (found version "3.10.12") found components: Interpreter 
[1.443s] -- Found rosidl_default_generators: 1.2.0 (/opt/ros/humble/share/rosidl_default_generators/cmake)
[1.449s] -- Using all available rosidl_typesupport_c: rosidl_typesupport_fastrtps_c;rosidl_typesupport_introspection_c
[1.456s] -- Found rosidl_adapter: 3.1.6 (/opt/ros/humble/share/rosidl_adapter/cmake)
[1.596s] -- Using all available rosidl_typesupport_cpp: rosidl_typesupport_fastrtps_cpp;rosidl_typesupport_introspection_cpp
[1.892s] -- Found ament_cmake_ros: 0.10.0 (/opt/ros/humble/share/ament_cmake_ros/cmake)
[2.035s] -- Using all available rosidl_typesupport_c: rosidl_typesupport_fastrtps_c;rosidl_typesupport_introspection_c
[2.214s] -- Using all available rosidl_typesupport_cpp: rosidl_typesupport_fastrtps_cpp;rosidl_typesupport_introspection_cpp
[2.320s] -- Found PythonInterp: /usr/bin/python3 (found suitable version "3.10.12", minimum required is "3.6") 
[2.323s] -- Found python_cmake_module: 0.10.0 (/opt/ros/humble/share/python_cmake_module/cmake)
[2.647s] -- Found PythonLibs: /usr/lib/x86_64-linux-gnu/libpython3.10.so (found suitable version "3.10.12", minimum required is "3.5") 
[2.647s] -- Using PYTHON_EXECUTABLE: /usr/bin/python3
[2.647s] -- Using PYTHON_INCLUDE_DIRS: /usr/include/python3.10
[2.647s] -- Using PYTHON_LIBRARIES: /usr/lib/x86_64-linux-gnu/libpython3.10.so
[2.664s] -- Found PythonExtra: .so  
[2.733s] -- Found ament_lint_auto: 0.12.12 (/opt/ros/humble/share/ament_lint_auto/cmake)
[2.760s] -- Added test 'copyright' to check source files copyright and LICENSE
[2.762s] -- Added test 'lint_cmake' to check CMake code style
[2.763s] -- Added test 'xmllint' to check XML markup files
[2.766s] -- Configuring done
[2.803s] -- Generating done
[2.812s] -- Build files have been written to: /home/devin/ros2_ws/RSO2_Study/build/learning_interface
[2.819s] Invoked command in '/home/devin/ros2_ws/RSO2_Study/build/learning_interface' returned '0': CMAKE_PREFIX_PATH=${CMAKE_PREFIX_PATH}:/home/devin/ros2_ws/RSO2_Study/install/learning_service:/home/devin/ros2_ws/RSO2_Study/install/action_py:/opt/ros/humble /usr/bin/cmake /home/devin/ros2_ws/RSO2_Study/src/learning_interface -DCMAKE_INSTALL_PREFIX=/home/devin/ros2_ws/RSO2_Study/install/learning_interface
[2.821s] Invoking command in '/home/devin/ros2_ws/RSO2_Study/build/learning_interface': CMAKE_PREFIX_PATH=${CMAKE_PREFIX_PATH}:/home/devin/ros2_ws/RSO2_Study/install/learning_service:/home/devin/ros2_ws/RSO2_Study/install/action_py:/opt/ros/humble /usr/bin/cmake --build /home/devin/ros2_ws/RSO2_Study/build/learning_interface -- -j12 -l12
[2.851s] [  1%] [34m[1mGenerating C code for ROS interfaces[0m
[2.859s] [  3%] [34m[1mGenerating C++ code for ROS interfaces[0m
[2.866s] [  3%] Built target ament_cmake_python_copy_learning_interface
[3.084s] running egg_info
[3.084s] creating learning_interface.egg-info
[3.085s] writing learning_interface.egg-info/PKG-INFO
[3.085s] writing dependency_links to learning_interface.egg-info/dependency_links.txt
[3.085s] writing top-level names to learning_interface.egg-info/top_level.txt
[3.085s] writing manifest file 'learning_interface.egg-info/SOURCES.txt'
[3.088s] reading manifest file 'learning_interface.egg-info/SOURCES.txt'
[3.088s] writing manifest file 'learning_interface.egg-info/SOURCES.txt'
[3.109s] [  3%] Built target ament_cmake_python_build_learning_interface_egg
[3.409s] [  3%] Built target learning_interface__cpp
[3.418s] [  9%] [34m[1mGenerating C++ introspection for ROS interfaces[0m
[3.418s] [  9%] [34m[1mGenerating C++ type support dispatch for ROS interfaces[0m
[3.418s] [  9%] [34m[1mGenerating C++ type support for eProsima Fast-RTPS[0m
[3.486s] [ 10%] [32mBuilding C object CMakeFiles/learning_interface__rosidl_generator_c.dir/rosidl_generator_c/learning_interface/action/detail/move_circle__functions.c.o[0m
[3.487s] [ 12%] [32mBuilding C object CMakeFiles/learning_interface__rosidl_generator_c.dir/rosidl_generator_c/learning_interface/srv/detail/add_two_ints__functions.c.o[0m
[3.487s] [ 14%] [32mBuilding C object CMakeFiles/learning_interface__rosidl_generator_c.dir/rosidl_generator_c/learning_interface/msg/detail/object_position__functions.c.o[0m
[3.491s] [ 16%] [32mBuilding C object CMakeFiles/learning_interface__rosidl_generator_c.dir/rosidl_generator_c/learning_interface/srv/detail/get_object_position__functions.c.o[0m
[3.616s] [ 18%] [32m[1mLinking C shared library liblearning_interface__rosidl_generator_c.so[0m
[3.728s] [ 18%] Built target learning_interface__rosidl_generator_c
[3.736s] [ 20%] [34m[1mGenerating C type support dispatch for ROS interfaces[0m
[3.737s] [ 21%] [34m[1mGenerating C type support for eProsima Fast-RTPS[0m
[3.739s] [ 23%] [34m[1mGenerating C introspection for ROS interfaces[0m
[3.834s] [ 25%] [32mBuilding CXX object CMakeFiles/learning_interface__rosidl_typesupport_cpp.dir/rosidl_typesupport_cpp/learning_interface/action/move_circle__type_support.cpp.o[0m
[3.834s] [ 30%] [32mBuilding CXX object CMakeFiles/learning_interface__rosidl_typesupport_cpp.dir/rosidl_typesupport_cpp/learning_interface/srv/add_two_ints__type_support.cpp.o[0m
[3.834s] [ 30%] [32mBuilding CXX object CMakeFiles/learning_interface__rosidl_typesupport_cpp.dir/rosidl_typesupport_cpp/learning_interface/srv/get_object_position__type_support.cpp.o[0m
[3.835s] [ 30%] [32mBuilding CXX object CMakeFiles/learning_interface__rosidl_typesupport_cpp.dir/rosidl_typesupport_cpp/learning_interface/msg/object_position__type_support.cpp.o[0m
[3.939s] [ 32%] [32mBuilding CXX object CMakeFiles/learning_interface__rosidl_typesupport_introspection_cpp.dir/rosidl_typesupport_introspection_cpp/learning_interface/srv/detail/add_two_ints__type_support.cpp.o[0m
[3.939s] [ 34%] [32mBuilding CXX object CMakeFiles/learning_interface__rosidl_typesupport_introspection_cpp.dir/rosidl_typesupport_introspection_cpp/learning_interface/msg/detail/object_position__type_support.cpp.o[0m
[3.941s] [ 36%] [32mBuilding CXX object CMakeFiles/learning_interface__rosidl_typesupport_introspection_cpp.dir/rosidl_typesupport_introspection_cpp/learning_interface/action/detail/move_circle__type_support.cpp.o[0m
[3.942s] [ 38%] [32mBuilding CXX object CMakeFiles/learning_interface__rosidl_typesupport_introspection_cpp.dir/rosidl_typesupport_introspection_cpp/learning_interface/srv/detail/get_object_position__type_support.cpp.o[0m
[4.095s] [ 40%] [32mBuilding CXX object CMakeFiles/learning_interface__rosidl_typesupport_fastrtps_cpp.dir/rosidl_typesupport_fastrtps_cpp/learning_interface/msg/detail/dds_fastrtps/object_position__type_support.cpp.o[0m
[4.269s] [ 43%] [32mBuilding CXX object CMakeFiles/learning_interface__rosidl_typesupport_fastrtps_cpp.dir/rosidl_typesupport_fastrtps_cpp/learning_interface/srv/detail/dds_fastrtps/add_two_ints__type_support.cpp.o[0m
[4.270s] [ 43%] [32mBuilding CXX object CMakeFiles/learning_interface__rosidl_typesupport_fastrtps_cpp.dir/rosidl_typesupport_fastrtps_cpp/learning_interface/srv/detail/dds_fastrtps/get_object_position__type_support.cpp.o[0m
[4.271s] [ 45%] [32mBuilding CXX object CMakeFiles/learning_interface__rosidl_typesupport_fastrtps_cpp.dir/rosidl_typesupport_fastrtps_cpp/learning_interface/action/detail/dds_fastrtps/move_circle__type_support.cpp.o[0m
[4.372s] [ 47%] [32mBuilding CXX object CMakeFiles/learning_interface__rosidl_typesupport_c.dir/rosidl_typesupport_c/learning_interface/msg/object_position__type_support.cpp.o[0m
[4.426s] [ 49%] [32mBuilding CXX object CMakeFiles/learning_interface__rosidl_typesupport_c.dir/rosidl_typesupport_c/learning_interface/srv/add_two_ints__type_support.cpp.o[0m
[4.495s] [ 50%] [32mBuilding CXX object CMakeFiles/learning_interface__rosidl_typesupport_c.dir/rosidl_typesupport_c/learning_interface/srv/get_object_position__type_support.cpp.o[0m
[4.536s] [ 52%] [32mBuilding CXX object CMakeFiles/learning_interface__rosidl_typesupport_c.dir/rosidl_typesupport_c/learning_interface/action/move_circle__type_support.cpp.o[0m
[4.577s] [ 56%] [32mBuilding C object CMakeFiles/learning_interface__rosidl_typesupport_introspection_c.dir/rosidl_typesupport_introspection_c/learning_interface/msg/detail/object_position__type_support.c.o[0m
[4.577s] [ 56%] [32mBuilding C object CMakeFiles/learning_interface__rosidl_typesupport_introspection_c.dir/rosidl_typesupport_introspection_c/learning_interface/srv/detail/add_two_ints__type_support.c.o[0m
[4.582s] [ 58%] [32mBuilding C object CMakeFiles/learning_interface__rosidl_typesupport_introspection_c.dir/rosidl_typesupport_introspection_c/learning_interface/srv/detail/get_object_position__type_support.c.o[0m
[4.588s] [ 60%] [32mBuilding C object CMakeFiles/learning_interface__rosidl_typesupport_introspection_c.dir/rosidl_typesupport_introspection_c/learning_interface/action/detail/move_circle__type_support.c.o[0m
[4.599s] [ 61%] [32m[1mLinking CXX shared library liblearning_interface__rosidl_typesupport_cpp.so[0m
[4.617s] [ 63%] [32m[1mLinking CXX shared library liblearning_interface__rosidl_typesupport_c.so[0m
[4.650s] [ 67%] [32mBuilding CXX object CMakeFiles/learning_interface__rosidl_typesupport_fastrtps_c.dir/rosidl_typesupport_fastrtps_c/learning_interface/action/detail/move_circle__type_support_c.cpp.o[0m
[4.651s] [ 67%] [32mBuilding CXX object CMakeFiles/learning_interface__rosidl_typesupport_fastrtps_c.dir/rosidl_typesupport_fastrtps_c/learning_interface/msg/detail/object_position__type_support_c.cpp.o[0m
[4.651s] [ 69%] [32mBuilding CXX object CMakeFiles/learning_interface__rosidl_typesupport_fastrtps_c.dir/rosidl_typesupport_fastrtps_c/learning_interface/srv/detail/add_two_ints__type_support_c.cpp.o[0m
[4.652s] [ 70%] [32mBuilding CXX object CMakeFiles/learning_interface__rosidl_typesupport_fastrtps_c.dir/rosidl_typesupport_fastrtps_c/learning_interface/srv/detail/get_object_position__type_support_c.cpp.o[0m
[4.657s] [ 72%] [32m[1mLinking C shared library liblearning_interface__rosidl_typesupport_introspection_c.so[0m
[4.777s] [ 72%] Built target learning_interface__rosidl_typesupport_c
[4.777s] [ 72%] Built target learning_interface__rosidl_typesupport_cpp
[4.833s] [ 74%] [32m[1mLinking CXX shared library liblearning_interface__rosidl_typesupport_introspection_cpp.so[0m
[4.836s] [ 74%] Built target learning_interface__rosidl_typesupport_introspection_c
[5.003s] [ 76%] [32m[1mLinking CXX shared library liblearning_interface__rosidl_typesupport_fastrtps_cpp.so[0m
[5.009s] [ 76%] Built target learning_interface__rosidl_typesupport_introspection_cpp
[5.046s] [ 78%] [32m[1mLinking CXX shared library liblearning_interface__rosidl_typesupport_fastrtps_c.so[0m
[5.131s] [ 78%] Built target learning_interface__rosidl_typesupport_fastrtps_cpp
[5.181s] [ 78%] Built target learning_interface__rosidl_typesupport_fastrtps_c
[5.196s] [ 78%] Built target learning_interface
[5.211s] [ 80%] [34m[1mGenerating Python code for ROS interfaces[0m
[6.054s] [ 80%] Built target learning_interface__py
[6.070s] [ 85%] [32mBuilding C object CMakeFiles/learning_interface__rosidl_generator_py.dir/rosidl_generator_py/learning_interface/srv/_get_object_position_s.c.o[0m
[6.070s] [ 85%] [32mBuilding C object CMakeFiles/learning_interface__rosidl_generator_py.dir/rosidl_generator_py/learning_interface/msg/_object_position_s.c.o[0m
[6.070s] [ 85%] [32mBuilding C object CMakeFiles/learning_interface__rosidl_generator_py.dir/rosidl_generator_py/learning_interface/srv/_add_two_ints_s.c.o[0m
[6.070s] [ 87%] [32mBuilding C object CMakeFiles/learning_interface__rosidl_generator_py.dir/rosidl_generator_py/learning_interface/action/_move_circle_s.c.o[0m
[6.209s] [ 89%] [32m[1mLinking C shared library rosidl_generator_py/learning_interface/liblearning_interface__rosidl_generator_py.so[0m
[6.310s] [ 89%] Built target learning_interface__rosidl_generator_py
[6.327s] [ 94%] [32mBuilding C object CMakeFiles/learning_interface__rosidl_typesupport_introspection_c__pyext.dir/rosidl_generator_py/learning_interface/_learning_interface_s.ep.rosidl_typesupport_introspection_c.c.o[0m
[6.327s] [ 94%] [32mBuilding C object CMakeFiles/learning_interface__rosidl_typesupport_c__pyext.dir/rosidl_generator_py/learning_interface/_learning_interface_s.ep.rosidl_typesupport_c.c.o[0m
[6.327s] [ 94%] [32mBuilding C object CMakeFiles/learning_interface__rosidl_typesupport_fastrtps_c__pyext.dir/rosidl_generator_py/learning_interface/_learning_interface_s.ep.rosidl_typesupport_fastrtps_c.c.o[0m
[6.424s] [100%] [32m[1mLinking C shared library rosidl_generator_py/learning_interface/learning_interface_s__rosidl_typesupport_c.cpython-310-x86_64-linux-gnu.so[0m
[6.424s] [100%] [32m[1mLinking C shared library rosidl_generator_py/learning_interface/learning_interface_s__rosidl_typesupport_fastrtps_c.cpython-310-x86_64-linux-gnu.so[0m
[6.424s] [100%] [32m[1mLinking C shared library rosidl_generator_py/learning_interface/learning_interface_s__rosidl_typesupport_introspection_c.cpython-310-x86_64-linux-gnu.so[0m
[6.503s] [100%] Built target learning_interface__rosidl_typesupport_c__pyext
[6.503s] [100%] Built target learning_interface__rosidl_typesupport_introspection_c__pyext
[6.503s] [100%] Built target learning_interface__rosidl_typesupport_fastrtps_c__pyext
[6.513s] Invoked command in '/home/devin/ros2_ws/RSO2_Study/build/learning_interface' returned '0': CMAKE_PREFIX_PATH=${CMAKE_PREFIX_PATH}:/home/devin/ros2_ws/RSO2_Study/install/learning_service:/home/devin/ros2_ws/RSO2_Study/install/action_py:/opt/ros/humble /usr/bin/cmake --build /home/devin/ros2_ws/RSO2_Study/build/learning_interface -- -j12 -l12
[6.521s] Invoking command in '/home/devin/ros2_ws/RSO2_Study/build/learning_interface': CMAKE_PREFIX_PATH=${CMAKE_PREFIX_PATH}:/home/devin/ros2_ws/RSO2_Study/install/learning_service:/home/devin/ros2_ws/RSO2_Study/install/action_py:/opt/ros/humble /usr/bin/cmake --install /home/devin/ros2_ws/RSO2_Study/build/learning_interface
[6.526s] -- Install configuration: ""
[6.527s] -- Installing: /home/devin/ros2_ws/RSO2_Study/install/learning_interface/share/ament_index/resource_index/rosidl_interfaces/learning_interface
[6.527s] -- Installing: /home/devin/ros2_ws/RSO2_Study/install/learning_interface/include/learning_interface/learning_interface
[6.528s] -- Installing: /home/devin/ros2_ws/RSO2_Study/install/learning_interface/include/learning_interface/learning_interface/msg
[6.528s] -- Installing: /home/devin/ros2_ws/RSO2_Study/install/learning_interface/include/learning_interface/learning_interface/msg/rosidl_generator_c__visibility_control.h
[6.528s] -- Installing: /home/devin/ros2_ws/RSO2_Study/install/learning_interface/include/learning_interface/learning_interface/msg/detail
[6.528s] -- Installing: /home/devin/ros2_ws/RSO2_Study/install/learning_interface/include/learning_interface/learning_interface/msg/detail/object_position__functions.h
[6.528s] -- Installing: /home/devin/ros2_ws/RSO2_Study/install/learning_interface/include/learning_interface/learning_interface/msg/detail/object_position__struct.h
[6.528s] -- Installing: /home/devin/ros2_ws/RSO2_Study/install/learning_interface/include/learning_interface/learning_interface/msg/detail/object_position__type_support.h
[6.528s] -- Installing: /home/devin/ros2_ws/RSO2_Study/install/learning_interface/include/learning_interface/learning_interface/msg/detail/object_position__functions.c
[6.529s] -- Installing: /home/devin/ros2_ws/RSO2_Study/install/learning_interface/include/learning_interface/learning_interface/msg/object_position.h
[6.529s] -- Installing: /home/devin/ros2_ws/RSO2_Study/install/learning_interface/include/learning_interface/learning_interface/srv
[6.529s] -- Installing: /home/devin/ros2_ws/RSO2_Study/install/learning_interface/include/learning_interface/learning_interface/srv/get_object_position.h
[6.529s] -- Installing: /home/devin/ros2_ws/RSO2_Study/install/learning_interface/include/learning_interface/learning_interface/srv/add_two_ints.h
[6.529s] -- Installing: /home/devin/ros2_ws/RSO2_Study/install/learning_interface/include/learning_interface/learning_interface/srv/detail
[6.529s] -- Installing: /home/devin/ros2_ws/RSO2_Study/install/learning_interface/include/learning_interface/learning_interface/srv/detail/add_two_ints__functions.h
[6.529s] -- Installing: /home/devin/ros2_ws/RSO2_Study/install/learning_interface/include/learning_interface/learning_interface/srv/detail/get_object_position__struct.h
[6.529s] -- Installing: /home/devin/ros2_ws/RSO2_Study/install/learning_interface/include/learning_interface/learning_interface/srv/detail/add_two_ints__type_support.h
[6.529s] -- Installing: /home/devin/ros2_ws/RSO2_Study/install/learning_interface/include/learning_interface/learning_interface/srv/detail/get_object_position__functions.c
[6.529s] -- Installing: /home/devin/ros2_ws/RSO2_Study/install/learning_interface/include/learning_interface/learning_interface/srv/detail/add_two_ints__struct.h
[6.530s] -- Installing: /home/devin/ros2_ws/RSO2_Study/install/learning_interface/include/learning_interface/learning_interface/srv/detail/get_object_position__functions.h
[6.530s] -- Installing: /home/devin/ros2_ws/RSO2_Study/install/learning_interface/include/learning_interface/learning_interface/srv/detail/add_two_ints__functions.c
[6.530s] -- Installing: /home/devin/ros2_ws/RSO2_Study/install/learning_interface/include/learning_interface/learning_interface/srv/detail/get_object_position__type_support.h
[6.530s] -- Installing: /home/devin/ros2_ws/RSO2_Study/install/learning_interface/include/learning_interface/learning_interface/action
[6.530s] -- Installing: /home/devin/ros2_ws/RSO2_Study/install/learning_interface/include/learning_interface/learning_interface/action/move_circle.h
[6.530s] -- Installing: /home/devin/ros2_ws/RSO2_Study/install/learning_interface/include/learning_interface/learning_interface/action/detail
[6.530s] -- Installing: /home/devin/ros2_ws/RSO2_Study/install/learning_interface/include/learning_interface/learning_interface/action/detail/move_circle__functions.h
[6.530s] -- Installing: /home/devin/ros2_ws/RSO2_Study/install/learning_interface/include/learning_interface/learning_interface/action/detail/move_circle__functions.c
[6.530s] -- Installing: /home/devin/ros2_ws/RSO2_Study/install/learning_interface/include/learning_interface/learning_interface/action/detail/move_circle__struct.h
[6.530s] -- Installing: /home/devin/ros2_ws/RSO2_Study/install/learning_interface/include/learning_interface/learning_interface/action/detail/move_circle__type_support.h
[6.531s] -- Installing: /home/devin/ros2_ws/RSO2_Study/install/learning_interface/share/learning_interface/environment/library_path.sh
[6.531s] -- Installing: /home/devin/ros2_ws/RSO2_Study/install/learning_interface/share/learning_interface/environment/library_path.dsv
[6.531s] -- Installing: /home/devin/ros2_ws/RSO2_Study/install/learning_interface/lib/liblearning_interface__rosidl_generator_c.so
[6.531s] -- Set runtime path of "/home/devin/ros2_ws/RSO2_Study/install/learning_interface/lib/liblearning_interface__rosidl_generator_c.so" to ""
[6.532s] -- Up-to-date: /home/devin/ros2_ws/RSO2_Study/install/learning_interface/include/learning_interface/learning_interface
[6.532s] -- Up-to-date: /home/devin/ros2_ws/RSO2_Study/install/learning_interface/include/learning_interface/learning_interface/msg
[6.532s] -- Up-to-date: /home/devin/ros2_ws/RSO2_Study/install/learning_interface/include/learning_interface/learning_interface/msg/detail
[6.532s] -- Installing: /home/devin/ros2_ws/RSO2_Study/install/learning_interface/include/learning_interface/learning_interface/msg/detail/object_position__rosidl_typesupport_fastrtps_c.h
[6.532s] -- Installing: /home/devin/ros2_ws/RSO2_Study/install/learning_interface/include/learning_interface/learning_interface/msg/rosidl_typesupport_fastrtps_c__visibility_control.h
[6.532s] -- Up-to-date: /home/devin/ros2_ws/RSO2_Study/install/learning_interface/include/learning_interface/learning_interface/srv
[6.532s] -- Up-to-date: /home/devin/ros2_ws/RSO2_Study/install/learning_interface/include/learning_interface/learning_interface/srv/detail
[6.532s] -- Installing: /home/devin/ros2_ws/RSO2_Study/install/learning_interface/include/learning_interface/learning_interface/srv/detail/add_two_ints__rosidl_typesupport_fastrtps_c.h
[6.532s] -- Installing: /home/devin/ros2_ws/RSO2_Study/install/learning_interface/include/learning_interface/learning_interface/srv/detail/get_object_position__rosidl_typesupport_fastrtps_c.h
[6.533s] -- Up-to-date: /home/devin/ros2_ws/RSO2_Study/install/learning_interface/include/learning_interface/learning_interface/action
[6.533s] -- Up-to-date: /home/devin/ros2_ws/RSO2_Study/install/learning_interface/include/learning_interface/learning_interface/action/detail
[6.533s] -- Installing: /home/devin/ros2_ws/RSO2_Study/install/learning_interface/include/learning_interface/learning_interface/action/detail/move_circle__rosidl_typesupport_fastrtps_c.h
[6.533s] -- Installing: /home/devin/ros2_ws/RSO2_Study/install/learning_interface/lib/liblearning_interface__rosidl_typesupport_fastrtps_c.so
[6.533s] -- Set runtime path of "/home/devin/ros2_ws/RSO2_Study/install/learning_interface/lib/liblearning_interface__rosidl_typesupport_fastrtps_c.so" to ""
[6.533s] -- Up-to-date: /home/devin/ros2_ws/RSO2_Study/install/learning_interface/include/learning_interface/learning_interface
[6.533s] -- Up-to-date: /home/devin/ros2_ws/RSO2_Study/install/learning_interface/include/learning_interface/learning_interface/msg
[6.533s] -- Installing: /home/devin/ros2_ws/RSO2_Study/install/learning_interface/include/learning_interface/learning_interface/msg/rosidl_typesupport_introspection_c__visibility_control.h
[6.533s] -- Up-to-date: /home/devin/ros2_ws/RSO2_Study/install/learning_interface/include/learning_interface/learning_interface/msg/detail
[6.534s] -- Installing: /home/devin/ros2_ws/RSO2_Study/install/learning_interface/include/learning_interface/learning_interface/msg/detail/object_position__rosidl_typesupport_introspection_c.h
[6.534s] -- Installing: /home/devin/ros2_ws/RSO2_Study/install/learning_interface/include/learning_interface/learning_interface/msg/detail/object_position__type_support.c
[6.534s] -- Up-to-date: /home/devin/ros2_ws/RSO2_Study/install/learning_interface/include/learning_interface/learning_interface/srv
[6.534s] -- Up-to-date: /home/devin/ros2_ws/RSO2_Study/install/learning_interface/include/learning_interface/learning_interface/srv/detail
[6.534s] -- Installing: /home/devin/ros2_ws/RSO2_Study/install/learning_interface/include/learning_interface/learning_interface/srv/detail/add_two_ints__type_support.c
[6.534s] -- Installing: /home/devin/ros2_ws/RSO2_Study/install/learning_interface/include/learning_interface/learning_interface/srv/detail/get_object_position__type_support.c
[6.534s] -- Installing: /home/devin/ros2_ws/RSO2_Study/install/learning_interface/include/learning_interface/learning_interface/srv/detail/get_object_position__rosidl_typesupport_introspection_c.h
[6.534s] -- Installing: /home/devin/ros2_ws/RSO2_Study/install/learning_interface/include/learning_interface/learning_interface/srv/detail/add_two_ints__rosidl_typesupport_introspection_c.h
[6.534s] -- Up-to-date: /home/devin/ros2_ws/RSO2_Study/install/learning_interface/include/learning_interface/learning_interface/action
[6.534s] -- Up-to-date: /home/devin/ros2_ws/RSO2_Study/install/learning_interface/include/learning_interface/learning_interface/action/detail
[6.534s] -- Installing: /home/devin/ros2_ws/RSO2_Study/install/learning_interface/include/learning_interface/learning_interface/action/detail/move_circle__rosidl_typesupport_introspection_c.h
[6.534s] -- Installing: /home/devin/ros2_ws/RSO2_Study/install/learning_interface/include/learning_interface/learning_interface/action/detail/move_circle__type_support.c
[6.534s] -- Installing: /home/devin/ros2_ws/RSO2_Study/install/learning_interface/lib/liblearning_interface__rosidl_typesupport_introspection_c.so
[6.534s] -- Set runtime path of "/home/devin/ros2_ws/RSO2_Study/install/learning_interface/lib/liblearning_interface__rosidl_typesupport_introspection_c.so" to ""
[6.535s] -- Installing: /home/devin/ros2_ws/RSO2_Study/install/learning_interface/lib/liblearning_interface__rosidl_typesupport_c.so
[6.535s] -- Set runtime path of "/home/devin/ros2_ws/RSO2_Study/install/learning_interface/lib/liblearning_interface__rosidl_typesupport_c.so" to ""
[6.535s] -- Up-to-date: /home/devin/ros2_ws/RSO2_Study/install/learning_interface/include/learning_interface/learning_interface
[6.535s] -- Up-to-date: /home/devin/ros2_ws/RSO2_Study/install/learning_interface/include/learning_interface/learning_interface/msg
[6.535s] -- Installing: /home/devin/ros2_ws/RSO2_Study/install/learning_interface/include/learning_interface/learning_interface/msg/rosidl_generator_cpp__visibility_control.hpp
[6.535s] -- Up-to-date: /home/devin/ros2_ws/RSO2_Study/install/learning_interface/include/learning_interface/learning_interface/msg/detail
[6.535s] -- Installing: /home/devin/ros2_ws/RSO2_Study/install/learning_interface/include/learning_interface/learning_interface/msg/detail/object_position__traits.hpp
[6.535s] -- Installing: /home/devin/ros2_ws/RSO2_Study/install/learning_interface/include/learning_interface/learning_interface/msg/detail/object_position__type_support.hpp
[6.535s] -- Installing: /home/devin/ros2_ws/RSO2_Study/install/learning_interface/include/learning_interface/learning_interface/msg/detail/object_position__struct.hpp
[6.535s] -- Installing: /home/devin/ros2_ws/RSO2_Study/install/learning_interface/include/learning_interface/learning_interface/msg/detail/object_position__builder.hpp
[6.535s] -- Installing: /home/devin/ros2_ws/RSO2_Study/install/learning_interface/include/learning_interface/learning_interface/msg/object_position.hpp
[6.536s] -- Up-to-date: /home/devin/ros2_ws/RSO2_Study/install/learning_interface/include/learning_interface/learning_interface/srv
[6.536s] -- Installing: /home/devin/ros2_ws/RSO2_Study/install/learning_interface/include/learning_interface/learning_interface/srv/add_two_ints.hpp
[6.536s] -- Up-to-date: /home/devin/ros2_ws/RSO2_Study/install/learning_interface/include/learning_interface/learning_interface/srv/detail
[6.536s] -- Installing: /home/devin/ros2_ws/RSO2_Study/install/learning_interface/include/learning_interface/learning_interface/srv/detail/add_two_ints__traits.hpp
[6.536s] -- Installing: /home/devin/ros2_ws/RSO2_Study/install/learning_interface/include/learning_interface/learning_interface/srv/detail/add_two_ints__type_support.hpp
[6.536s] -- Installing: /home/devin/ros2_ws/RSO2_Study/install/learning_interface/include/learning_interface/learning_interface/srv/detail/add_two_ints__builder.hpp
[6.536s] -- Installing: /home/devin/ros2_ws/RSO2_Study/install/learning_interface/include/learning_interface/learning_interface/srv/detail/get_object_position__builder.hpp
[6.536s] -- Installing: /home/devin/ros2_ws/RSO2_Study/install/learning_interface/include/learning_interface/learning_interface/srv/detail/get_object_position__type_support.hpp
[6.536s] -- Installing: /home/devin/ros2_ws/RSO2_Study/install/learning_interface/include/learning_interface/learning_interface/srv/detail/add_two_ints__struct.hpp
[6.537s] -- Installing: /home/devin/ros2_ws/RSO2_Study/install/learning_interface/include/learning_interface/learning_interface/srv/detail/get_object_position__traits.hpp
[6.537s] -- Installing: /home/devin/ros2_ws/RSO2_Study/install/learning_interface/include/learning_interface/learning_interface/srv/detail/get_object_position__struct.hpp
[6.537s] -- Installing: /home/devin/ros2_ws/RSO2_Study/install/learning_interface/include/learning_interface/learning_interface/srv/get_object_position.hpp
[6.537s] -- Up-to-date: /home/devin/ros2_ws/RSO2_Study/install/learning_interface/include/learning_interface/learning_interface/action
[6.537s] -- Installing: /home/devin/ros2_ws/RSO2_Study/install/learning_interface/include/learning_interface/learning_interface/action/move_circle.hpp
[6.537s] -- Up-to-date: /home/devin/ros2_ws/RSO2_Study/install/learning_interface/include/learning_interface/learning_interface/action/detail
[6.537s] -- Installing: /home/devin/ros2_ws/RSO2_Study/install/learning_interface/include/learning_interface/learning_interface/action/detail/move_circle__traits.hpp
[6.537s] -- Installing: /home/devin/ros2_ws/RSO2_Study/install/learning_interface/include/learning_interface/learning_interface/action/detail/move_circle__struct.hpp
[6.537s] -- Installing: /home/devin/ros2_ws/RSO2_Study/install/learning_interface/include/learning_interface/learning_interface/action/detail/move_circle__builder.hpp
[6.537s] -- Installing: /home/devin/ros2_ws/RSO2_Study/install/learning_interface/include/learning_interface/learning_interface/action/detail/move_circle__type_support.hpp
[6.538s] -- Up-to-date: /home/devin/ros2_ws/RSO2_Study/install/learning_interface/include/learning_interface/learning_interface
[6.538s] -- Up-to-date: /home/devin/ros2_ws/RSO2_Study/install/learning_interface/include/learning_interface/learning_interface/msg
[6.538s] -- Up-to-date: /home/devin/ros2_ws/RSO2_Study/install/learning_interface/include/learning_interface/learning_interface/msg/detail
[6.538s] -- Installing: /home/devin/ros2_ws/RSO2_Study/install/learning_interface/include/learning_interface/learning_interface/msg/detail/dds_fastrtps
[6.538s] -- Installing: /home/devin/ros2_ws/RSO2_Study/install/learning_interface/include/learning_interface/learning_interface/msg/detail/object_position__rosidl_typesupport_fastrtps_cpp.hpp
[6.538s] -- Installing: /home/devin/ros2_ws/RSO2_Study/install/learning_interface/include/learning_interface/learning_interface/msg/rosidl_typesupport_fastrtps_cpp__visibility_control.h
[6.539s] -- Up-to-date: /home/devin/ros2_ws/RSO2_Study/install/learning_interface/include/learning_interface/learning_interface/srv
[6.539s] -- Up-to-date: /home/devin/ros2_ws/RSO2_Study/install/learning_interface/include/learning_interface/learning_interface/srv/detail
[6.539s] -- Installing: /home/devin/ros2_ws/RSO2_Study/install/learning_interface/include/learning_interface/learning_interface/srv/detail/get_object_position__rosidl_typesupport_fastrtps_cpp.hpp
[6.539s] -- Installing: /home/devin/ros2_ws/RSO2_Study/install/learning_interface/include/learning_interface/learning_interface/srv/detail/dds_fastrtps
[6.539s] -- Installing: /home/devin/ros2_ws/RSO2_Study/install/learning_interface/include/learning_interface/learning_interface/srv/detail/add_two_ints__rosidl_typesupport_fastrtps_cpp.hpp
[6.539s] -- Up-to-date: /home/devin/ros2_ws/RSO2_Study/install/learning_interface/include/learning_interface/learning_interface/action
[6.539s] -- Up-to-date: /home/devin/ros2_ws/RSO2_Study/install/learning_interface/include/learning_interface/learning_interface/action/detail
[6.539s] -- Installing: /home/devin/ros2_ws/RSO2_Study/install/learning_interface/include/learning_interface/learning_interface/action/detail/move_circle__rosidl_typesupport_fastrtps_cpp.hpp
[6.539s] -- Installing: /home/devin/ros2_ws/RSO2_Study/install/learning_interface/include/learning_interface/learning_interface/action/detail/dds_fastrtps
[6.540s] -- Installing: /home/devin/ros2_ws/RSO2_Study/install/learning_interface/lib/liblearning_interface__rosidl_typesupport_fastrtps_cpp.so
[6.540s] -- Set runtime path of "/home/devin/ros2_ws/RSO2_Study/install/learning_interface/lib/liblearning_interface__rosidl_typesupport_fastrtps_cpp.so" to ""
[6.540s] -- Up-to-date: /home/devin/ros2_ws/RSO2_Study/install/learning_interface/include/learning_interface/learning_interface
[6.540s] -- Up-to-date: /home/devin/ros2_ws/RSO2_Study/install/learning_interface/include/learning_interface/learning_interface/msg
[6.540s] -- Up-to-date: /home/devin/ros2_ws/RSO2_Study/install/learning_interface/include/learning_interface/learning_interface/msg/detail
[6.540s] -- Installing: /home/devin/ros2_ws/RSO2_Study/install/learning_interface/include/learning_interface/learning_interface/msg/detail/object_position__type_support.cpp
[6.540s] -- Installing: /home/devin/ros2_ws/RSO2_Study/install/learning_interface/include/learning_interface/learning_interface/msg/detail/object_position__rosidl_typesupport_introspection_cpp.hpp
[6.540s] -- Up-to-date: /home/devin/ros2_ws/RSO2_Study/install/learning_interface/include/learning_interface/learning_interface/srv
[6.540s] -- Up-to-date: /home/devin/ros2_ws/RSO2_Study/install/learning_interface/include/learning_interface/learning_interface/srv/detail
[6.540s] -- Installing: /home/devin/ros2_ws/RSO2_Study/install/learning_interface/include/learning_interface/learning_interface/srv/detail/get_object_position__type_support.cpp
[6.540s] -- Installing: /home/devin/ros2_ws/RSO2_Study/install/learning_interface/include/learning_interface/learning_interface/srv/detail/add_two_ints__rosidl_typesupport_introspection_cpp.hpp
[6.540s] -- Installing: /home/devin/ros2_ws/RSO2_Study/install/learning_interface/include/learning_interface/learning_interface/srv/detail/get_object_position__rosidl_typesupport_introspection_cpp.hpp
[6.540s] -- Installing: /home/devin/ros2_ws/RSO2_Study/install/learning_interface/include/learning_interface/learning_interface/srv/detail/add_two_ints__type_support.cpp
[6.540s] -- Up-to-date: /home/devin/ros2_ws/RSO2_Study/install/learning_interface/include/learning_interface/learning_interface/action
[6.540s] -- Up-to-date: /home/devin/ros2_ws/RSO2_Study/install/learning_interface/include/learning_interface/learning_interface/action/detail
[6.540s] -- Installing: /home/devin/ros2_ws/RSO2_Study/install/learning_interface/include/learning_interface/learning_interface/action/detail/move_circle__rosidl_typesupport_introspection_cpp.hpp
[6.541s] -- Installing: /home/devin/ros2_ws/RSO2_Study/install/learning_interface/include/learning_interface/learning_interface/action/detail/move_circle__type_support.cpp
[6.541s] -- Installing: /home/devin/ros2_ws/RSO2_Study/install/learning_interface/lib/liblearning_interface__rosidl_typesupport_introspection_cpp.so
[6.541s] -- Set runtime path of "/home/devin/ros2_ws/RSO2_Study/install/learning_interface/lib/liblearning_interface__rosidl_typesupport_introspection_cpp.so" to ""
[6.541s] -- Installing: /home/devin/ros2_ws/RSO2_Study/install/learning_interface/lib/liblearning_interface__rosidl_typesupport_cpp.so
[6.541s] -- Set runtime path of "/home/devin/ros2_ws/RSO2_Study/install/learning_interface/lib/liblearning_interface__rosidl_typesupport_cpp.so" to ""
[6.541s] -- Installing: /home/devin/ros2_ws/RSO2_Study/install/learning_interface/share/learning_interface/environment/pythonpath.sh
[6.541s] -- Installing: /home/devin/ros2_ws/RSO2_Study/install/learning_interface/share/learning_interface/environment/pythonpath.dsv
[6.541s] -- Installing: /home/devin/ros2_ws/RSO2_Study/install/learning_interface/local/lib/python3.10/dist-packages/learning_interface-0.0.0-py3.10.egg-info
[6.541s] -- Installing: /home/devin/ros2_ws/RSO2_Study/install/learning_interface/local/lib/python3.10/dist-packages/learning_interface-0.0.0-py3.10.egg-info/SOURCES.txt
[6.541s] -- Installing: /home/devin/ros2_ws/RSO2_Study/install/learning_interface/local/lib/python3.10/dist-packages/learning_interface-0.0.0-py3.10.egg-info/PKG-INFO
[6.542s] -- Installing: /home/devin/ros2_ws/RSO2_Study/install/learning_interface/local/lib/python3.10/dist-packages/learning_interface-0.0.0-py3.10.egg-info/top_level.txt
[6.542s] -- Installing: /home/devin/ros2_ws/RSO2_Study/install/learning_interface/local/lib/python3.10/dist-packages/learning_interface-0.0.0-py3.10.egg-info/dependency_links.txt
[6.542s] -- Installing: /home/devin/ros2_ws/RSO2_Study/install/learning_interface/local/lib/python3.10/dist-packages/learning_interface
[6.542s] -- Installing: /home/devin/ros2_ws/RSO2_Study/install/learning_interface/local/lib/python3.10/dist-packages/learning_interface/liblearning_interface__rosidl_generator_py.so
[6.542s] -- Installing: /home/devin/ros2_ws/RSO2_Study/install/learning_interface/local/lib/python3.10/dist-packages/learning_interface/msg
[6.542s] -- Installing: /home/devin/ros2_ws/RSO2_Study/install/learning_interface/local/lib/python3.10/dist-packages/learning_interface/msg/_object_position.py
[6.542s] -- Installing: /home/devin/ros2_ws/RSO2_Study/install/learning_interface/local/lib/python3.10/dist-packages/learning_interface/msg/_object_position_s.c
[6.542s] -- Installing: /home/devin/ros2_ws/RSO2_Study/install/learning_interface/local/lib/python3.10/dist-packages/learning_interface/msg/__init__.py
[6.542s] -- Installing: /home/devin/ros2_ws/RSO2_Study/install/learning_interface/local/lib/python3.10/dist-packages/learning_interface/_learning_interface_s.ep.rosidl_typesupport_introspection_c.c
[6.543s] -- Installing: /home/devin/ros2_ws/RSO2_Study/install/learning_interface/local/lib/python3.10/dist-packages/learning_interface/srv
[6.543s] -- Installing: /home/devin/ros2_ws/RSO2_Study/install/learning_interface/local/lib/python3.10/dist-packages/learning_interface/srv/_add_two_ints.py
[6.543s] -- Installing: /home/devin/ros2_ws/RSO2_Study/install/learning_interface/local/lib/python3.10/dist-packages/learning_interface/srv/_get_object_position.py
[6.543s] -- Installing: /home/devin/ros2_ws/RSO2_Study/install/learning_interface/local/lib/python3.10/dist-packages/learning_interface/srv/_add_two_ints_s.c
[6.543s] -- Installing: /home/devin/ros2_ws/RSO2_Study/install/learning_interface/local/lib/python3.10/dist-packages/learning_interface/srv/_get_object_position_s.c
[6.543s] -- Installing: /home/devin/ros2_ws/RSO2_Study/install/learning_interface/local/lib/python3.10/dist-packages/learning_interface/srv/__init__.py
[6.543s] -- Installing: /home/devin/ros2_ws/RSO2_Study/install/learning_interface/local/lib/python3.10/dist-packages/learning_interface/_learning_interface_s.ep.rosidl_typesupport_c.c
[6.543s] -- Installing: /home/devin/ros2_ws/RSO2_Study/install/learning_interface/local/lib/python3.10/dist-packages/learning_interface/learning_interface_s__rosidl_typesupport_c.cpython-310-x86_64-linux-gnu.so
[6.544s] -- Installing: /home/devin/ros2_ws/RSO2_Study/install/learning_interface/local/lib/python3.10/dist-packages/learning_interface/_learning_interface_s.ep.rosidl_typesupport_fastrtps_c.c
[6.544s] -- Installing: /home/devin/ros2_ws/RSO2_Study/install/learning_interface/local/lib/python3.10/dist-packages/learning_interface/action
[6.544s] -- Installing: /home/devin/ros2_ws/RSO2_Study/install/learning_interface/local/lib/python3.10/dist-packages/learning_interface/action/_move_circle_s.c
[6.544s] -- Installing: /home/devin/ros2_ws/RSO2_Study/install/learning_interface/local/lib/python3.10/dist-packages/learning_interface/action/_move_circle.py
[6.544s] -- Installing: /home/devin/ros2_ws/RSO2_Study/install/learning_interface/local/lib/python3.10/dist-packages/learning_interface/action/__init__.py
[6.544s] -- Installing: /home/devin/ros2_ws/RSO2_Study/install/learning_interface/local/lib/python3.10/dist-packages/learning_interface/learning_interface_s__rosidl_typesupport_fastrtps_c.cpython-310-x86_64-linux-gnu.so
[6.544s] -- Installing: /home/devin/ros2_ws/RSO2_Study/install/learning_interface/local/lib/python3.10/dist-packages/learning_interface/learning_interface_s__rosidl_typesupport_introspection_c.cpython-310-x86_64-linux-gnu.so
[6.544s] -- Installing: /home/devin/ros2_ws/RSO2_Study/install/learning_interface/local/lib/python3.10/dist-packages/learning_interface/__init__.py
[6.577s] Listing '/home/devin/ros2_ws/RSO2_Study/install/learning_interface/local/lib/python3.10/dist-packages/learning_interface'...
[6.577s] Compiling '/home/devin/ros2_ws/RSO2_Study/install/learning_interface/local/lib/python3.10/dist-packages/learning_interface/__init__.py'...
[6.577s] Listing '/home/devin/ros2_ws/RSO2_Study/install/learning_interface/local/lib/python3.10/dist-packages/learning_interface/action'...
[6.577s] Compiling '/home/devin/ros2_ws/RSO2_Study/install/learning_interface/local/lib/python3.10/dist-packages/learning_interface/action/__init__.py'...
[6.577s] Compiling '/home/devin/ros2_ws/RSO2_Study/install/learning_interface/local/lib/python3.10/dist-packages/learning_interface/action/_move_circle.py'...
[6.577s] Listing '/home/devin/ros2_ws/RSO2_Study/install/learning_interface/local/lib/python3.10/dist-packages/learning_interface/msg'...
[6.577s] Compiling '/home/devin/ros2_ws/RSO2_Study/install/learning_interface/local/lib/python3.10/dist-packages/learning_interface/msg/__init__.py'...
[6.577s] Compiling '/home/devin/ros2_ws/RSO2_Study/install/learning_interface/local/lib/python3.10/dist-packages/learning_interface/msg/_object_position.py'...
[6.577s] Listing '/home/devin/ros2_ws/RSO2_Study/install/learning_interface/local/lib/python3.10/dist-packages/learning_interface/srv'...
[6.577s] Compiling '/home/devin/ros2_ws/RSO2_Study/install/learning_interface/local/lib/python3.10/dist-packages/learning_interface/srv/__init__.py'...
[6.577s] Compiling '/home/devin/ros2_ws/RSO2_Study/install/learning_interface/local/lib/python3.10/dist-packages/learning_interface/srv/_add_two_ints.py'...
[6.578s] Compiling '/home/devin/ros2_ws/RSO2_Study/install/learning_interface/local/lib/python3.10/dist-packages/learning_interface/srv/_get_object_position.py'...
[6.581s] -- Installing: /home/devin/ros2_ws/RSO2_Study/install/learning_interface/local/lib/python3.10/dist-packages/learning_interface/learning_interface_s__rosidl_typesupport_fastrtps_c.cpython-310-x86_64-linux-gnu.so
[6.581s] -- Set runtime path of "/home/devin/ros2_ws/RSO2_Study/install/learning_interface/local/lib/python3.10/dist-packages/learning_interface/learning_interface_s__rosidl_typesupport_fastrtps_c.cpython-310-x86_64-linux-gnu.so" to ""
[6.581s] -- Installing: /home/devin/ros2_ws/RSO2_Study/install/learning_interface/local/lib/python3.10/dist-packages/learning_interface/learning_interface_s__rosidl_typesupport_introspection_c.cpython-310-x86_64-linux-gnu.so
[6.581s] -- Set runtime path of "/home/devin/ros2_ws/RSO2_Study/install/learning_interface/local/lib/python3.10/dist-packages/learning_interface/learning_interface_s__rosidl_typesupport_introspection_c.cpython-310-x86_64-linux-gnu.so" to ""
[6.582s] -- Installing: /home/devin/ros2_ws/RSO2_Study/install/learning_interface/local/lib/python3.10/dist-packages/learning_interface/learning_interface_s__rosidl_typesupport_c.cpython-310-x86_64-linux-gnu.so
[6.583s] -- Set runtime path of "/home/devin/ros2_ws/RSO2_Study/install/learning_interface/local/lib/python3.10/dist-packages/learning_interface/learning_interface_s__rosidl_typesupport_c.cpython-310-x86_64-linux-gnu.so" to ""
[6.583s] -- Installing: /home/devin/ros2_ws/RSO2_Study/install/learning_interface/lib/liblearning_interface__rosidl_generator_py.so
[6.584s] -- Set runtime path of "/home/devin/ros2_ws/RSO2_Study/install/learning_interface/lib/liblearning_interface__rosidl_generator_py.so" to ""
[6.585s] -- Installing: /home/devin/ros2_ws/RSO2_Study/install/learning_interface/share/learning_interface/msg/ObjectPosition.idl
[6.586s] -- Installing: /home/devin/ros2_ws/RSO2_Study/install/learning_interface/share/learning_interface/srv/AddTwoInts.idl
[6.586s] -- Installing: /home/devin/ros2_ws/RSO2_Study/install/learning_interface/share/learning_interface/srv/GetObjectPosition.idl
[6.587s] -- Installing: /home/devin/ros2_ws/RSO2_Study/install/learning_interface/share/learning_interface/action/MoveCircle.idl
[6.588s] -- Installing: /home/devin/ros2_ws/RSO2_Study/install/learning_interface/share/learning_interface/msg/ObjectPosition.msg
[6.588s] -- Installing: /home/devin/ros2_ws/RSO2_Study/install/learning_interface/share/learning_interface/srv/AddTwoInts.srv
[6.588s] -- Installing: /home/devin/ros2_ws/RSO2_Study/install/learning_interface/share/learning_interface/srv/AddTwoInts_Request.msg
[6.588s] -- Installing: /home/devin/ros2_ws/RSO2_Study/install/learning_interface/share/learning_interface/srv/AddTwoInts_Response.msg
[6.588s] -- Installing: /home/devin/ros2_ws/RSO2_Study/install/learning_interface/share/learning_interface/srv/GetObjectPosition.srv
[6.588s] -- Installing: /home/devin/ros2_ws/RSO2_Study/install/learning_interface/share/learning_interface/srv/GetObjectPosition_Request.msg
[6.589s] -- Installing: /home/devin/ros2_ws/RSO2_Study/install/learning_interface/share/learning_interface/srv/GetObjectPosition_Response.msg
[6.589s] -- Installing: /home/devin/ros2_ws/RSO2_Study/install/learning_interface/share/learning_interface/action/MoveCircle.action
[6.589s] -- Installing: /home/devin/ros2_ws/RSO2_Study/install/learning_interface/share/ament_index/resource_index/package_run_dependencies/learning_interface
[6.589s] -- Installing: /home/devin/ros2_ws/RSO2_Study/install/learning_interface/share/ament_index/resource_index/parent_prefix_path/learning_interface
[6.589s] -- Installing: /home/devin/ros2_ws/RSO2_Study/install/learning_interface/share/learning_interface/environment/ament_prefix_path.sh
[6.589s] -- Installing: /home/devin/ros2_ws/RSO2_Study/install/learning_interface/share/learning_interface/environment/ament_prefix_path.dsv
[6.589s] -- Installing: /home/devin/ros2_ws/RSO2_Study/install/learning_interface/share/learning_interface/environment/path.sh
[6.590s] -- Installing: /home/devin/ros2_ws/RSO2_Study/install/learning_interface/share/learning_interface/environment/path.dsv
[6.590s] -- Installing: /home/devin/ros2_ws/RSO2_Study/install/learning_interface/share/learning_interface/local_setup.bash
[6.590s] -- Installing: /home/devin/ros2_ws/RSO2_Study/install/learning_interface/share/learning_interface/local_setup.sh
[6.590s] -- Installing: /home/devin/ros2_ws/RSO2_Study/install/learning_interface/share/learning_interface/local_setup.zsh
[6.590s] -- Installing: /home/devin/ros2_ws/RSO2_Study/install/learning_interface/share/learning_interface/local_setup.dsv
[6.590s] -- Installing: /home/devin/ros2_ws/RSO2_Study/install/learning_interface/share/learning_interface/package.dsv
[6.590s] -- Installing: /home/devin/ros2_ws/RSO2_Study/install/learning_interface/share/ament_index/resource_index/packages/learning_interface
[6.591s] -- Installing: /home/devin/ros2_ws/RSO2_Study/install/learning_interface/share/learning_interface/cmake/export_learning_interface__rosidl_generator_cExport.cmake
[6.591s] -- Installing: /home/devin/ros2_ws/RSO2_Study/install/learning_interface/share/learning_interface/cmake/export_learning_interface__rosidl_generator_cExport-noconfig.cmake
[6.591s] -- Installing: /home/devin/ros2_ws/RSO2_Study/install/learning_interface/share/learning_interface/cmake/export_learning_interface__rosidl_typesupport_fastrtps_cExport.cmake
[6.591s] -- Installing: /home/devin/ros2_ws/RSO2_Study/install/learning_interface/share/learning_interface/cmake/export_learning_interface__rosidl_typesupport_fastrtps_cExport-noconfig.cmake
[6.591s] -- Installing: /home/devin/ros2_ws/RSO2_Study/install/learning_interface/share/learning_interface/cmake/learning_interface__rosidl_typesupport_introspection_cExport.cmake
[6.591s] -- Installing: /home/devin/ros2_ws/RSO2_Study/install/learning_interface/share/learning_interface/cmake/learning_interface__rosidl_typesupport_introspection_cExport-noconfig.cmake
[6.591s] -- Installing: /home/devin/ros2_ws/RSO2_Study/install/learning_interface/share/learning_interface/cmake/learning_interface__rosidl_typesupport_cExport.cmake
[6.592s] -- Installing: /home/devin/ros2_ws/RSO2_Study/install/learning_interface/share/learning_interface/cmake/learning_interface__rosidl_typesupport_cExport-noconfig.cmake
[6.592s] -- Installing: /home/devin/ros2_ws/RSO2_Study/install/learning_interface/share/learning_interface/cmake/export_learning_interface__rosidl_generator_cppExport.cmake
[6.592s] -- Installing: /home/devin/ros2_ws/RSO2_Study/install/learning_interface/share/learning_interface/cmake/export_learning_interface__rosidl_typesupport_fastrtps_cppExport.cmake
[6.592s] -- Installing: /home/devin/ros2_ws/RSO2_Study/install/learning_interface/share/learning_interface/cmake/export_learning_interface__rosidl_typesupport_fastrtps_cppExport-noconfig.cmake
[6.592s] -- Installing: /home/devin/ros2_ws/RSO2_Study/install/learning_interface/share/learning_interface/cmake/learning_interface__rosidl_typesupport_introspection_cppExport.cmake
[6.592s] -- Installing: /home/devin/ros2_ws/RSO2_Study/install/learning_interface/share/learning_interface/cmake/learning_interface__rosidl_typesupport_introspection_cppExport-noconfig.cmake
[6.592s] -- Installing: /home/devin/ros2_ws/RSO2_Study/install/learning_interface/share/learning_interface/cmake/learning_interface__rosidl_typesupport_cppExport.cmake
[6.592s] -- Installing: /home/devin/ros2_ws/RSO2_Study/install/learning_interface/share/learning_interface/cmake/learning_interface__rosidl_typesupport_cppExport-noconfig.cmake
[6.593s] -- Installing: /home/devin/ros2_ws/RSO2_Study/install/learning_interface/share/learning_interface/cmake/export_learning_interface__rosidl_generator_pyExport.cmake
[6.593s] -- Installing: /home/devin/ros2_ws/RSO2_Study/install/learning_interface/share/learning_interface/cmake/export_learning_interface__rosidl_generator_pyExport-noconfig.cmake
[6.593s] -- Installing: /home/devin/ros2_ws/RSO2_Study/install/learning_interface/share/learning_interface/cmake/rosidl_cmake-extras.cmake
[6.593s] -- Installing: /home/devin/ros2_ws/RSO2_Study/install/learning_interface/share/learning_interface/cmake/ament_cmake_export_dependencies-extras.cmake
[6.593s] -- Installing: /home/devin/ros2_ws/RSO2_Study/install/learning_interface/share/learning_interface/cmake/ament_cmake_export_include_directories-extras.cmake
[6.593s] -- Installing: /home/devin/ros2_ws/RSO2_Study/install/learning_interface/share/learning_interface/cmake/ament_cmake_export_libraries-extras.cmake
[6.593s] -- Installing: /home/devin/ros2_ws/RSO2_Study/install/learning_interface/share/learning_interface/cmake/ament_cmake_export_targets-extras.cmake
[6.593s] -- Installing: /home/devin/ros2_ws/RSO2_Study/install/learning_interface/share/learning_interface/cmake/rosidl_cmake_export_typesupport_targets-extras.cmake
[6.593s] -- Installing: /home/devin/ros2_ws/RSO2_Study/install/learning_interface/share/learning_interface/cmake/rosidl_cmake_export_typesupport_libraries-extras.cmake
[6.594s] -- Installing: /home/devin/ros2_ws/RSO2_Study/install/learning_interface/share/learning_interface/cmake/learning_interfaceConfig.cmake
[6.594s] -- Installing: /home/devin/ros2_ws/RSO2_Study/install/learning_interface/share/learning_interface/cmake/learning_interfaceConfig-version.cmake
[6.594s] -- Installing: /home/devin/ros2_ws/RSO2_Study/install/learning_interface/share/learning_interface/package.xml
[6.596s] Invoked command in '/home/devin/ros2_ws/RSO2_Study/build/learning_interface' returned '0': CMAKE_PREFIX_PATH=${CMAKE_PREFIX_PATH}:/home/devin/ros2_ws/RSO2_Study/install/learning_service:/home/devin/ros2_ws/RSO2_Study/install/action_py:/opt/ros/humble /usr/bin/cmake --install /home/devin/ros2_ws/RSO2_Study/build/learning_interface
