[0.015s] Invoking command in '/home/devin/ros2_ws/RSO2_Study/build/my_robot_interface': CMAKE_PREFIX_PATH=${CMAKE_PREFIX_PATH}:/home/devin/ros2_ws/RSO2_Study/install/action_py:/home/devin/ros2_ws/install/action_py:/opt/ros/humble /usr/bin/cmake /home/devin/ros2_ws/RSO2_Study/src/my_robot_interface -DCMAKE_INSTALL_PREFIX=/home/devin/ros2_ws/RSO2_Study/install/my_robot_interface
[0.248s] -- The C compiler identification is GNU 11.4.0
[0.699s] -- The CXX compiler identification is GNU 11.4.0
[0.983s] -- Detecting C compiler ABI info
[1.121s] -- Detecting C compiler ABI info - done
[1.127s] -- Check for working C compiler: /usr/bin/cc - skipped
[1.127s] -- Detecting C compile features
[1.128s] -- Detecting C compile features - done
[1.131s] -- Detecting CXX compiler ABI info
[1.269s] -- Detecting CXX compiler ABI info - done
[1.274s] -- Check for working CXX compiler: /usr/bin/c++ - skipped
[1.275s] -- Detecting CXX compile features
[1.275s] -- Detecting CXX compile features - done
[1.282s] -- Found ament_cmake: 1.3.11 (/opt/ros/humble/share/ament_cmake/cmake)
[1.396s] -- Found Python3: /usr/bin/python3 (found version "3.10.12") found components: Interpreter 
[1.479s] -- Found rosidl_default_generators: 1.2.0 (/opt/ros/humble/share/rosidl_default_generators/cmake)
[1.483s] -- Using all available rosidl_typesupport_c: rosidl_typesupport_fastrtps_c;rosidl_typesupport_introspection_c
[1.489s] -- Found rosidl_adapter: 3.1.6 (/opt/ros/humble/share/rosidl_adapter/cmake)
[1.631s] -- Using all available rosidl_typesupport_cpp: rosidl_typesupport_fastrtps_cpp;rosidl_typesupport_introspection_cpp
[1.897s] -- Found ament_cmake_ros: 0.10.0 (/opt/ros/humble/share/ament_cmake_ros/cmake)
[2.035s] -- Using all available rosidl_typesupport_c: rosidl_typesupport_fastrtps_c;rosidl_typesupport_introspection_c
[2.208s] -- Using all available rosidl_typesupport_cpp: rosidl_typesupport_fastrtps_cpp;rosidl_typesupport_introspection_cpp
[2.316s] -- Found PythonInterp: /usr/bin/python3 (found suitable version "3.10.12", minimum required is "3.6") 
[2.319s] -- Found python_cmake_module: 0.10.0 (/opt/ros/humble/share/python_cmake_module/cmake)
[2.638s] -- Found PythonLibs: /usr/lib/x86_64-linux-gnu/libpython3.10.so (found suitable version "3.10.12", minimum required is "3.5") 
[2.638s] -- Using PYTHON_EXECUTABLE: /usr/bin/python3
[2.638s] -- Using PYTHON_INCLUDE_DIRS: /usr/include/python3.10
[2.638s] -- Using PYTHON_LIBRARIES: /usr/lib/x86_64-linux-gnu/libpython3.10.so
[2.653s] -- Found PythonExtra: .so  
[2.729s] -- Configuring done
[2.764s] -- Generating done
[2.772s] -- Build files have been written to: /home/devin/ros2_ws/RSO2_Study/build/my_robot_interface
[2.780s] Invoked command in '/home/devin/ros2_ws/RSO2_Study/build/my_robot_interface' returned '0': CMAKE_PREFIX_PATH=${CMAKE_PREFIX_PATH}:/home/devin/ros2_ws/RSO2_Study/install/action_py:/home/devin/ros2_ws/install/action_py:/opt/ros/humble /usr/bin/cmake /home/devin/ros2_ws/RSO2_Study/src/my_robot_interface -DCMAKE_INSTALL_PREFIX=/home/devin/ros2_ws/RSO2_Study/install/my_robot_interface
[2.781s] Invoking command in '/home/devin/ros2_ws/RSO2_Study/build/my_robot_interface': CMAKE_PREFIX_PATH=${CMAKE_PREFIX_PATH}:/home/devin/ros2_ws/RSO2_Study/install/action_py:/home/devin/ros2_ws/install/action_py:/opt/ros/humble /usr/bin/cmake --build /home/devin/ros2_ws/RSO2_Study/build/my_robot_interface -- -j12 -l12
[2.813s] [  3%] [34m[1mGenerating C code for ROS interfaces[0m
[2.821s] [  6%] [34m[1mGenerating C++ code for ROS interfaces[0m
[2.828s] [  6%] Built target ament_cmake_python_copy_my_robot_interface
[3.018s] running egg_info
[3.018s] creating my_robot_interface.egg-info
[3.019s] writing my_robot_interface.egg-info/PKG-INFO
[3.019s] writing dependency_links to my_robot_interface.egg-info/dependency_links.txt
[3.019s] writing top-level names to my_robot_interface.egg-info/top_level.txt
[3.020s] writing manifest file 'my_robot_interface.egg-info/SOURCES.txt'
[3.022s] reading manifest file 'my_robot_interface.egg-info/SOURCES.txt'
[3.022s] writing manifest file 'my_robot_interface.egg-info/SOURCES.txt'
[3.043s] [  6%] Built target ament_cmake_python_build_my_robot_interface_egg
[3.193s] [  6%] Built target my_robot_interface__cpp
[3.202s] [  9%] [32mBuilding C object CMakeFiles/my_robot_interface__rosidl_generator_c.dir/rosidl_generator_c/my_robot_interface/action/detail/count_until__functions.c.o[0m
[3.202s] [ 12%] [34m[1mGenerating C++ introspection for ROS interfaces[0m
[3.203s] [ 16%] [34m[1mGenerating C++ type support dispatch for ROS interfaces[0m
[3.203s] [ 19%] [34m[1mGenerating C++ type support for eProsima Fast-RTPS[0m
[3.344s] [ 22%] [32m[1mLinking C shared library libmy_robot_interface__rosidl_generator_c.so[0m
[3.468s] [ 22%] Built target my_robot_interface__rosidl_generator_c
[3.477s] [ 29%] [34m[1mGenerating C introspection for ROS interfaces[0m
[3.477s] [ 29%] [34m[1mGenerating C type support dispatch for ROS interfaces[0m
[3.477s] [ 32%] [32mBuilding CXX object CMakeFiles/my_robot_interface__rosidl_typesupport_cpp.dir/rosidl_typesupport_cpp/my_robot_interface/action/count_until__type_support.cpp.o[0m
[3.477s] [ 35%] [34m[1mGenerating C type support for eProsima Fast-RTPS[0m
[3.484s] [ 38%] [32mBuilding CXX object CMakeFiles/my_robot_interface__rosidl_typesupport_introspection_cpp.dir/rosidl_typesupport_introspection_cpp/my_robot_interface/action/detail/count_until__type_support.cpp.o[0m
[3.548s] [ 41%] [32mBuilding CXX object CMakeFiles/my_robot_interface__rosidl_typesupport_fastrtps_cpp.dir/rosidl_typesupport_fastrtps_cpp/my_robot_interface/action/detail/dds_fastrtps/count_until__type_support.cpp.o[0m
[3.759s] [ 45%] [32mBuilding CXX object CMakeFiles/my_robot_interface__rosidl_typesupport_c.dir/rosidl_typesupport_c/my_robot_interface/action/count_until__type_support.cpp.o[0m
[3.817s] [ 48%] [32m[1mLinking CXX shared library libmy_robot_interface__rosidl_typesupport_c.so[0m
[3.875s] [ 51%] [32mBuilding C object CMakeFiles/my_robot_interface__rosidl_typesupport_introspection_c.dir/rosidl_typesupport_introspection_c/my_robot_interface/action/detail/count_until__type_support.c.o[0m
[3.878s] [ 54%] [32mBuilding CXX object CMakeFiles/my_robot_interface__rosidl_typesupport_fastrtps_c.dir/rosidl_typesupport_fastrtps_c/my_robot_interface/action/detail/count_until__type_support_c.cpp.o[0m
[3.925s] [ 58%] [32m[1mLinking C shared library libmy_robot_interface__rosidl_typesupport_introspection_c.so[0m
[4.003s] [ 58%] Built target my_robot_interface__rosidl_typesupport_c
[4.008s] [ 61%] [32m[1mLinking CXX shared library libmy_robot_interface__rosidl_typesupport_cpp.so[0m
[4.066s] [ 61%] Built target my_robot_interface__rosidl_typesupport_introspection_c
[4.092s] [ 64%] [32m[1mLinking CXX shared library libmy_robot_interface__rosidl_typesupport_introspection_cpp.so[0m
[4.110s] [ 67%] [32m[1mLinking CXX shared library libmy_robot_interface__rosidl_typesupport_fastrtps_cpp.so[0m
[4.138s] [ 67%] Built target my_robot_interface__rosidl_typesupport_cpp
[4.204s] [ 70%] [32m[1mLinking CXX shared library libmy_robot_interface__rosidl_typesupport_fastrtps_c.so[0m
[4.241s] [ 70%] Built target my_robot_interface__rosidl_typesupport_introspection_cpp
[4.261s] [ 70%] Built target my_robot_interface__rosidl_typesupport_fastrtps_cpp
[4.346s] [ 70%] Built target my_robot_interface__rosidl_typesupport_fastrtps_c
[4.361s] [ 70%] Built target my_robot_interface
[4.377s] [ 74%] [34m[1mGenerating Python code for ROS interfaces[0m
[4.895s] [ 74%] Built target my_robot_interface__py
[4.912s] [ 77%] [32mBuilding C object CMakeFiles/my_robot_interface__rosidl_generator_py.dir/rosidl_generator_py/my_robot_interface/action/_count_until_s.c.o[0m
[5.046s] [ 80%] [32m[1mLinking C shared library rosidl_generator_py/my_robot_interface/libmy_robot_interface__rosidl_generator_py.so[0m
[5.152s] [ 80%] Built target my_robot_interface__rosidl_generator_py
[5.168s] [ 83%] [32mBuilding C object CMakeFiles/my_robot_interface__rosidl_typesupport_fastrtps_c__pyext.dir/rosidl_generator_py/my_robot_interface/_my_robot_interface_s.ep.rosidl_typesupport_fastrtps_c.c.o[0m
[5.169s] [ 90%] [32mBuilding C object CMakeFiles/my_robot_interface__rosidl_typesupport_c__pyext.dir/rosidl_generator_py/my_robot_interface/_my_robot_interface_s.ep.rosidl_typesupport_c.c.o[0m
[5.169s] [ 90%] [32mBuilding C object CMakeFiles/my_robot_interface__rosidl_typesupport_introspection_c__pyext.dir/rosidl_generator_py/my_robot_interface/_my_robot_interface_s.ep.rosidl_typesupport_introspection_c.c.o[0m
[5.255s] [ 93%] [32m[1mLinking C shared library rosidl_generator_py/my_robot_interface/my_robot_interface_s__rosidl_typesupport_c.cpython-310-x86_64-linux-gnu.so[0m
[5.260s] [100%] [32m[1mLinking C shared library rosidl_generator_py/my_robot_interface/my_robot_interface_s__rosidl_typesupport_fastrtps_c.cpython-310-x86_64-linux-gnu.so[0m
[5.260s] [100%] [32m[1mLinking C shared library rosidl_generator_py/my_robot_interface/my_robot_interface_s__rosidl_typesupport_introspection_c.cpython-310-x86_64-linux-gnu.so[0m
[5.339s] [100%] Built target my_robot_interface__rosidl_typesupport_c__pyext
[5.339s] [100%] Built target my_robot_interface__rosidl_typesupport_introspection_c__pyext
[5.339s] [100%] Built target my_robot_interface__rosidl_typesupport_fastrtps_c__pyext
[5.348s] Invoked command in '/home/devin/ros2_ws/RSO2_Study/build/my_robot_interface' returned '0': CMAKE_PREFIX_PATH=${CMAKE_PREFIX_PATH}:/home/devin/ros2_ws/RSO2_Study/install/action_py:/home/devin/ros2_ws/install/action_py:/opt/ros/humble /usr/bin/cmake --build /home/devin/ros2_ws/RSO2_Study/build/my_robot_interface -- -j12 -l12
[5.356s] Invoking command in '/home/devin/ros2_ws/RSO2_Study/build/my_robot_interface': CMAKE_PREFIX_PATH=${CMAKE_PREFIX_PATH}:/home/devin/ros2_ws/RSO2_Study/install/action_py:/home/devin/ros2_ws/install/action_py:/opt/ros/humble /usr/bin/cmake --install /home/devin/ros2_ws/RSO2_Study/build/my_robot_interface
[5.362s] -- Install configuration: ""
[5.363s] -- Installing: /home/devin/ros2_ws/RSO2_Study/install/my_robot_interface/share/ament_index/resource_index/rosidl_interfaces/my_robot_interface
[5.363s] -- Installing: /home/devin/ros2_ws/RSO2_Study/install/my_robot_interface/include/my_robot_interface/my_robot_interface
[5.363s] -- Installing: /home/devin/ros2_ws/RSO2_Study/install/my_robot_interface/include/my_robot_interface/my_robot_interface/msg
[5.363s] -- Installing: /home/devin/ros2_ws/RSO2_Study/install/my_robot_interface/include/my_robot_interface/my_robot_interface/msg/rosidl_generator_c__visibility_control.h
[5.364s] -- Installing: /home/devin/ros2_ws/RSO2_Study/install/my_robot_interface/include/my_robot_interface/my_robot_interface/action
[5.364s] -- Installing: /home/devin/ros2_ws/RSO2_Study/install/my_robot_interface/include/my_robot_interface/my_robot_interface/action/count_until.h
[5.364s] -- Installing: /home/devin/ros2_ws/RSO2_Study/install/my_robot_interface/include/my_robot_interface/my_robot_interface/action/detail
[5.364s] -- Installing: /home/devin/ros2_ws/RSO2_Study/install/my_robot_interface/include/my_robot_interface/my_robot_interface/action/detail/count_until__functions.h
[5.364s] -- Installing: /home/devin/ros2_ws/RSO2_Study/install/my_robot_interface/include/my_robot_interface/my_robot_interface/action/detail/count_until__struct.h
[5.364s] -- Installing: /home/devin/ros2_ws/RSO2_Study/install/my_robot_interface/include/my_robot_interface/my_robot_interface/action/detail/count_until__functions.c
[5.364s] -- Installing: /home/devin/ros2_ws/RSO2_Study/install/my_robot_interface/include/my_robot_interface/my_robot_interface/action/detail/count_until__type_support.h
[5.365s] -- Installing: /home/devin/ros2_ws/RSO2_Study/install/my_robot_interface/share/my_robot_interface/environment/library_path.sh
[5.365s] -- Installing: /home/devin/ros2_ws/RSO2_Study/install/my_robot_interface/share/my_robot_interface/environment/library_path.dsv
[5.365s] -- Installing: /home/devin/ros2_ws/RSO2_Study/install/my_robot_interface/lib/libmy_robot_interface__rosidl_generator_c.so
[5.365s] -- Set runtime path of "/home/devin/ros2_ws/RSO2_Study/install/my_robot_interface/lib/libmy_robot_interface__rosidl_generator_c.so" to ""
[5.365s] -- Up-to-date: /home/devin/ros2_ws/RSO2_Study/install/my_robot_interface/include/my_robot_interface/my_robot_interface
[5.365s] -- Up-to-date: /home/devin/ros2_ws/RSO2_Study/install/my_robot_interface/include/my_robot_interface/my_robot_interface/msg
[5.366s] -- Installing: /home/devin/ros2_ws/RSO2_Study/install/my_robot_interface/include/my_robot_interface/my_robot_interface/msg/rosidl_typesupport_fastrtps_c__visibility_control.h
[5.366s] -- Up-to-date: /home/devin/ros2_ws/RSO2_Study/install/my_robot_interface/include/my_robot_interface/my_robot_interface/action
[5.366s] -- Up-to-date: /home/devin/ros2_ws/RSO2_Study/install/my_robot_interface/include/my_robot_interface/my_robot_interface/action/detail
[5.366s] -- Installing: /home/devin/ros2_ws/RSO2_Study/install/my_robot_interface/include/my_robot_interface/my_robot_interface/action/detail/count_until__rosidl_typesupport_fastrtps_c.h
[5.366s] -- Installing: /home/devin/ros2_ws/RSO2_Study/install/my_robot_interface/lib/libmy_robot_interface__rosidl_typesupport_fastrtps_c.so
[5.366s] -- Set runtime path of "/home/devin/ros2_ws/RSO2_Study/install/my_robot_interface/lib/libmy_robot_interface__rosidl_typesupport_fastrtps_c.so" to ""
[5.366s] -- Up-to-date: /home/devin/ros2_ws/RSO2_Study/install/my_robot_interface/include/my_robot_interface/my_robot_interface
[5.367s] -- Up-to-date: /home/devin/ros2_ws/RSO2_Study/install/my_robot_interface/include/my_robot_interface/my_robot_interface/msg
[5.367s] -- Installing: /home/devin/ros2_ws/RSO2_Study/install/my_robot_interface/include/my_robot_interface/my_robot_interface/msg/rosidl_typesupport_introspection_c__visibility_control.h
[5.367s] -- Up-to-date: /home/devin/ros2_ws/RSO2_Study/install/my_robot_interface/include/my_robot_interface/my_robot_interface/action
[5.367s] -- Up-to-date: /home/devin/ros2_ws/RSO2_Study/install/my_robot_interface/include/my_robot_interface/my_robot_interface/action/detail
[5.367s] -- Installing: /home/devin/ros2_ws/RSO2_Study/install/my_robot_interface/include/my_robot_interface/my_robot_interface/action/detail/count_until__type_support.c
[5.367s] -- Installing: /home/devin/ros2_ws/RSO2_Study/install/my_robot_interface/include/my_robot_interface/my_robot_interface/action/detail/count_until__rosidl_typesupport_introspection_c.h
[5.367s] -- Installing: /home/devin/ros2_ws/RSO2_Study/install/my_robot_interface/lib/libmy_robot_interface__rosidl_typesupport_introspection_c.so
[5.367s] -- Set runtime path of "/home/devin/ros2_ws/RSO2_Study/install/my_robot_interface/lib/libmy_robot_interface__rosidl_typesupport_introspection_c.so" to ""
[5.367s] -- Installing: /home/devin/ros2_ws/RSO2_Study/install/my_robot_interface/lib/libmy_robot_interface__rosidl_typesupport_c.so
[5.367s] -- Set runtime path of "/home/devin/ros2_ws/RSO2_Study/install/my_robot_interface/lib/libmy_robot_interface__rosidl_typesupport_c.so" to ""
[5.368s] -- Up-to-date: /home/devin/ros2_ws/RSO2_Study/install/my_robot_interface/include/my_robot_interface/my_robot_interface
[5.368s] -- Up-to-date: /home/devin/ros2_ws/RSO2_Study/install/my_robot_interface/include/my_robot_interface/my_robot_interface/msg
[5.368s] -- Installing: /home/devin/ros2_ws/RSO2_Study/install/my_robot_interface/include/my_robot_interface/my_robot_interface/msg/rosidl_generator_cpp__visibility_control.hpp
[5.368s] -- Up-to-date: /home/devin/ros2_ws/RSO2_Study/install/my_robot_interface/include/my_robot_interface/my_robot_interface/action
[5.368s] -- Installing: /home/devin/ros2_ws/RSO2_Study/install/my_robot_interface/include/my_robot_interface/my_robot_interface/action/count_until.hpp
[5.368s] -- Up-to-date: /home/devin/ros2_ws/RSO2_Study/install/my_robot_interface/include/my_robot_interface/my_robot_interface/action/detail
[5.368s] -- Installing: /home/devin/ros2_ws/RSO2_Study/install/my_robot_interface/include/my_robot_interface/my_robot_interface/action/detail/count_until__traits.hpp
[5.368s] -- Installing: /home/devin/ros2_ws/RSO2_Study/install/my_robot_interface/include/my_robot_interface/my_robot_interface/action/detail/count_until__type_support.hpp
[5.368s] -- Installing: /home/devin/ros2_ws/RSO2_Study/install/my_robot_interface/include/my_robot_interface/my_robot_interface/action/detail/count_until__builder.hpp
[5.368s] -- Installing: /home/devin/ros2_ws/RSO2_Study/install/my_robot_interface/include/my_robot_interface/my_robot_interface/action/detail/count_until__struct.hpp
[5.368s] -- Up-to-date: /home/devin/ros2_ws/RSO2_Study/install/my_robot_interface/include/my_robot_interface/my_robot_interface
[5.368s] -- Up-to-date: /home/devin/ros2_ws/RSO2_Study/install/my_robot_interface/include/my_robot_interface/my_robot_interface/msg
[5.368s] -- Installing: /home/devin/ros2_ws/RSO2_Study/install/my_robot_interface/include/my_robot_interface/my_robot_interface/msg/rosidl_typesupport_fastrtps_cpp__visibility_control.h
[5.369s] -- Up-to-date: /home/devin/ros2_ws/RSO2_Study/install/my_robot_interface/include/my_robot_interface/my_robot_interface/action
[5.369s] -- Up-to-date: /home/devin/ros2_ws/RSO2_Study/install/my_robot_interface/include/my_robot_interface/my_robot_interface/action/detail
[5.369s] -- Installing: /home/devin/ros2_ws/RSO2_Study/install/my_robot_interface/include/my_robot_interface/my_robot_interface/action/detail/dds_fastrtps
[5.369s] -- Installing: /home/devin/ros2_ws/RSO2_Study/install/my_robot_interface/include/my_robot_interface/my_robot_interface/action/detail/count_until__rosidl_typesupport_fastrtps_cpp.hpp
[5.369s] -- Installing: /home/devin/ros2_ws/RSO2_Study/install/my_robot_interface/lib/libmy_robot_interface__rosidl_typesupport_fastrtps_cpp.so
[5.370s] -- Set runtime path of "/home/devin/ros2_ws/RSO2_Study/install/my_robot_interface/lib/libmy_robot_interface__rosidl_typesupport_fastrtps_cpp.so" to ""
[5.370s] -- Up-to-date: /home/devin/ros2_ws/RSO2_Study/install/my_robot_interface/include/my_robot_interface/my_robot_interface
[5.370s] -- Up-to-date: /home/devin/ros2_ws/RSO2_Study/install/my_robot_interface/include/my_robot_interface/my_robot_interface/action
[5.370s] -- Up-to-date: /home/devin/ros2_ws/RSO2_Study/install/my_robot_interface/include/my_robot_interface/my_robot_interface/action/detail
[5.370s] -- Installing: /home/devin/ros2_ws/RSO2_Study/install/my_robot_interface/include/my_robot_interface/my_robot_interface/action/detail/count_until__rosidl_typesupport_introspection_cpp.hpp
[5.370s] -- Installing: /home/devin/ros2_ws/RSO2_Study/install/my_robot_interface/include/my_robot_interface/my_robot_interface/action/detail/count_until__type_support.cpp
[5.370s] -- Installing: /home/devin/ros2_ws/RSO2_Study/install/my_robot_interface/lib/libmy_robot_interface__rosidl_typesupport_introspection_cpp.so
[5.371s] -- Set runtime path of "/home/devin/ros2_ws/RSO2_Study/install/my_robot_interface/lib/libmy_robot_interface__rosidl_typesupport_introspection_cpp.so" to ""
[5.371s] -- Installing: /home/devin/ros2_ws/RSO2_Study/install/my_robot_interface/lib/libmy_robot_interface__rosidl_typesupport_cpp.so
[5.371s] -- Set runtime path of "/home/devin/ros2_ws/RSO2_Study/install/my_robot_interface/lib/libmy_robot_interface__rosidl_typesupport_cpp.so" to ""
[5.371s] -- Installing: /home/devin/ros2_ws/RSO2_Study/install/my_robot_interface/share/my_robot_interface/environment/pythonpath.sh
[5.371s] -- Installing: /home/devin/ros2_ws/RSO2_Study/install/my_robot_interface/share/my_robot_interface/environment/pythonpath.dsv
[5.371s] -- Installing: /home/devin/ros2_ws/RSO2_Study/install/my_robot_interface/local/lib/python3.10/dist-packages/my_robot_interface-0.0.0-py3.10.egg-info
[5.372s] -- Installing: /home/devin/ros2_ws/RSO2_Study/install/my_robot_interface/local/lib/python3.10/dist-packages/my_robot_interface-0.0.0-py3.10.egg-info/SOURCES.txt
[5.372s] -- Installing: /home/devin/ros2_ws/RSO2_Study/install/my_robot_interface/local/lib/python3.10/dist-packages/my_robot_interface-0.0.0-py3.10.egg-info/PKG-INFO
[5.372s] -- Installing: /home/devin/ros2_ws/RSO2_Study/install/my_robot_interface/local/lib/python3.10/dist-packages/my_robot_interface-0.0.0-py3.10.egg-info/top_level.txt
[5.372s] -- Installing: /home/devin/ros2_ws/RSO2_Study/install/my_robot_interface/local/lib/python3.10/dist-packages/my_robot_interface-0.0.0-py3.10.egg-info/dependency_links.txt
[5.372s] -- Installing: /home/devin/ros2_ws/RSO2_Study/install/my_robot_interface/local/lib/python3.10/dist-packages/my_robot_interface
[5.373s] -- Installing: /home/devin/ros2_ws/RSO2_Study/install/my_robot_interface/local/lib/python3.10/dist-packages/my_robot_interface/libmy_robot_interface__rosidl_generator_py.so
[5.373s] -- Installing: /home/devin/ros2_ws/RSO2_Study/install/my_robot_interface/local/lib/python3.10/dist-packages/my_robot_interface/my_robot_interface_s__rosidl_typesupport_introspection_c.cpython-310-x86_64-linux-gnu.so
[5.373s] -- Installing: /home/devin/ros2_ws/RSO2_Study/install/my_robot_interface/local/lib/python3.10/dist-packages/my_robot_interface/my_robot_interface_s__rosidl_typesupport_fastrtps_c.cpython-310-x86_64-linux-gnu.so
[5.373s] -- Installing: /home/devin/ros2_ws/RSO2_Study/install/my_robot_interface/local/lib/python3.10/dist-packages/my_robot_interface/_my_robot_interface_s.ep.rosidl_typesupport_fastrtps_c.c
[5.373s] -- Installing: /home/devin/ros2_ws/RSO2_Study/install/my_robot_interface/local/lib/python3.10/dist-packages/my_robot_interface/action
[5.373s] -- Installing: /home/devin/ros2_ws/RSO2_Study/install/my_robot_interface/local/lib/python3.10/dist-packages/my_robot_interface/action/_count_until_s.c
[5.373s] -- Installing: /home/devin/ros2_ws/RSO2_Study/install/my_robot_interface/local/lib/python3.10/dist-packages/my_robot_interface/action/_count_until.py
[5.373s] -- Installing: /home/devin/ros2_ws/RSO2_Study/install/my_robot_interface/local/lib/python3.10/dist-packages/my_robot_interface/action/__init__.py
[5.374s] -- Installing: /home/devin/ros2_ws/RSO2_Study/install/my_robot_interface/local/lib/python3.10/dist-packages/my_robot_interface/_my_robot_interface_s.ep.rosidl_typesupport_introspection_c.c
[5.374s] -- Installing: /home/devin/ros2_ws/RSO2_Study/install/my_robot_interface/local/lib/python3.10/dist-packages/my_robot_interface/my_robot_interface_s__rosidl_typesupport_c.cpython-310-x86_64-linux-gnu.so
[5.374s] -- Installing: /home/devin/ros2_ws/RSO2_Study/install/my_robot_interface/local/lib/python3.10/dist-packages/my_robot_interface/_my_robot_interface_s.ep.rosidl_typesupport_c.c
[5.374s] -- Installing: /home/devin/ros2_ws/RSO2_Study/install/my_robot_interface/local/lib/python3.10/dist-packages/my_robot_interface/__init__.py
[5.405s] Listing '/home/devin/ros2_ws/RSO2_Study/install/my_robot_interface/local/lib/python3.10/dist-packages/my_robot_interface'...
[5.405s] Compiling '/home/devin/ros2_ws/RSO2_Study/install/my_robot_interface/local/lib/python3.10/dist-packages/my_robot_interface/__init__.py'...
[5.405s] Listing '/home/devin/ros2_ws/RSO2_Study/install/my_robot_interface/local/lib/python3.10/dist-packages/my_robot_interface/action'...
[5.405s] Compiling '/home/devin/ros2_ws/RSO2_Study/install/my_robot_interface/local/lib/python3.10/dist-packages/my_robot_interface/action/__init__.py'...
[5.405s] Compiling '/home/devin/ros2_ws/RSO2_Study/install/my_robot_interface/local/lib/python3.10/dist-packages/my_robot_interface/action/_count_until.py'...
[5.409s] -- Installing: /home/devin/ros2_ws/RSO2_Study/install/my_robot_interface/local/lib/python3.10/dist-packages/my_robot_interface/my_robot_interface_s__rosidl_typesupport_fastrtps_c.cpython-310-x86_64-linux-gnu.so
[5.409s] -- Set runtime path of "/home/devin/ros2_ws/RSO2_Study/install/my_robot_interface/local/lib/python3.10/dist-packages/my_robot_interface/my_robot_interface_s__rosidl_typesupport_fastrtps_c.cpython-310-x86_64-linux-gnu.so" to ""
[5.409s] -- Installing: /home/devin/ros2_ws/RSO2_Study/install/my_robot_interface/local/lib/python3.10/dist-packages/my_robot_interface/my_robot_interface_s__rosidl_typesupport_introspection_c.cpython-310-x86_64-linux-gnu.so
[5.409s] -- Set runtime path of "/home/devin/ros2_ws/RSO2_Study/install/my_robot_interface/local/lib/python3.10/dist-packages/my_robot_interface/my_robot_interface_s__rosidl_typesupport_introspection_c.cpython-310-x86_64-linux-gnu.so" to ""
[5.410s] -- Installing: /home/devin/ros2_ws/RSO2_Study/install/my_robot_interface/local/lib/python3.10/dist-packages/my_robot_interface/my_robot_interface_s__rosidl_typesupport_c.cpython-310-x86_64-linux-gnu.so
[5.410s] -- Set runtime path of "/home/devin/ros2_ws/RSO2_Study/install/my_robot_interface/local/lib/python3.10/dist-packages/my_robot_interface/my_robot_interface_s__rosidl_typesupport_c.cpython-310-x86_64-linux-gnu.so" to ""
[5.410s] -- Installing: /home/devin/ros2_ws/RSO2_Study/install/my_robot_interface/lib/libmy_robot_interface__rosidl_generator_py.so
[5.410s] -- Set runtime path of "/home/devin/ros2_ws/RSO2_Study/install/my_robot_interface/lib/libmy_robot_interface__rosidl_generator_py.so" to ""
[5.410s] -- Installing: /home/devin/ros2_ws/RSO2_Study/install/my_robot_interface/share/my_robot_interface/action/CountUntil.idl
[5.411s] -- Installing: /home/devin/ros2_ws/RSO2_Study/install/my_robot_interface/share/my_robot_interface/action/CountUntil.action
[5.411s] -- Installing: /home/devin/ros2_ws/RSO2_Study/install/my_robot_interface/share/ament_index/resource_index/package_run_dependencies/my_robot_interface
[5.411s] -- Installing: /home/devin/ros2_ws/RSO2_Study/install/my_robot_interface/share/ament_index/resource_index/parent_prefix_path/my_robot_interface
[5.411s] -- Installing: /home/devin/ros2_ws/RSO2_Study/install/my_robot_interface/share/my_robot_interface/environment/ament_prefix_path.sh
[5.411s] -- Installing: /home/devin/ros2_ws/RSO2_Study/install/my_robot_interface/share/my_robot_interface/environment/ament_prefix_path.dsv
[5.411s] -- Installing: /home/devin/ros2_ws/RSO2_Study/install/my_robot_interface/share/my_robot_interface/environment/path.sh
[5.411s] -- Installing: /home/devin/ros2_ws/RSO2_Study/install/my_robot_interface/share/my_robot_interface/environment/path.dsv
[5.412s] -- Installing: /home/devin/ros2_ws/RSO2_Study/install/my_robot_interface/share/my_robot_interface/local_setup.bash
[5.412s] -- Installing: /home/devin/ros2_ws/RSO2_Study/install/my_robot_interface/share/my_robot_interface/local_setup.sh
[5.412s] -- Installing: /home/devin/ros2_ws/RSO2_Study/install/my_robot_interface/share/my_robot_interface/local_setup.zsh
[5.412s] -- Installing: /home/devin/ros2_ws/RSO2_Study/install/my_robot_interface/share/my_robot_interface/local_setup.dsv
[5.412s] -- Installing: /home/devin/ros2_ws/RSO2_Study/install/my_robot_interface/share/my_robot_interface/package.dsv
[5.412s] -- Installing: /home/devin/ros2_ws/RSO2_Study/install/my_robot_interface/share/ament_index/resource_index/packages/my_robot_interface
[5.413s] -- Installing: /home/devin/ros2_ws/RSO2_Study/install/my_robot_interface/share/my_robot_interface/cmake/export_my_robot_interface__rosidl_generator_cExport.cmake
[5.413s] -- Installing: /home/devin/ros2_ws/RSO2_Study/install/my_robot_interface/share/my_robot_interface/cmake/export_my_robot_interface__rosidl_generator_cExport-noconfig.cmake
[5.413s] -- Installing: /home/devin/ros2_ws/RSO2_Study/install/my_robot_interface/share/my_robot_interface/cmake/export_my_robot_interface__rosidl_typesupport_fastrtps_cExport.cmake
[5.413s] -- Installing: /home/devin/ros2_ws/RSO2_Study/install/my_robot_interface/share/my_robot_interface/cmake/export_my_robot_interface__rosidl_typesupport_fastrtps_cExport-noconfig.cmake
[5.414s] -- Installing: /home/devin/ros2_ws/RSO2_Study/install/my_robot_interface/share/my_robot_interface/cmake/my_robot_interface__rosidl_typesupport_introspection_cExport.cmake
[5.414s] -- Installing: /home/devin/ros2_ws/RSO2_Study/install/my_robot_interface/share/my_robot_interface/cmake/my_robot_interface__rosidl_typesupport_introspection_cExport-noconfig.cmake
[5.414s] -- Installing: /home/devin/ros2_ws/RSO2_Study/install/my_robot_interface/share/my_robot_interface/cmake/my_robot_interface__rosidl_typesupport_cExport.cmake
[5.414s] -- Installing: /home/devin/ros2_ws/RSO2_Study/install/my_robot_interface/share/my_robot_interface/cmake/my_robot_interface__rosidl_typesupport_cExport-noconfig.cmake
[5.414s] -- Installing: /home/devin/ros2_ws/RSO2_Study/install/my_robot_interface/share/my_robot_interface/cmake/export_my_robot_interface__rosidl_generator_cppExport.cmake
[5.414s] -- Installing: /home/devin/ros2_ws/RSO2_Study/install/my_robot_interface/share/my_robot_interface/cmake/export_my_robot_interface__rosidl_typesupport_fastrtps_cppExport.cmake
[5.414s] -- Installing: /home/devin/ros2_ws/RSO2_Study/install/my_robot_interface/share/my_robot_interface/cmake/export_my_robot_interface__rosidl_typesupport_fastrtps_cppExport-noconfig.cmake
[5.414s] -- Installing: /home/devin/ros2_ws/RSO2_Study/install/my_robot_interface/share/my_robot_interface/cmake/my_robot_interface__rosidl_typesupport_introspection_cppExport.cmake
[5.414s] -- Installing: /home/devin/ros2_ws/RSO2_Study/install/my_robot_interface/share/my_robot_interface/cmake/my_robot_interface__rosidl_typesupport_introspection_cppExport-noconfig.cmake
[5.415s] -- Installing: /home/devin/ros2_ws/RSO2_Study/install/my_robot_interface/share/my_robot_interface/cmake/my_robot_interface__rosidl_typesupport_cppExport.cmake
[5.415s] -- Installing: /home/devin/ros2_ws/RSO2_Study/install/my_robot_interface/share/my_robot_interface/cmake/my_robot_interface__rosidl_typesupport_cppExport-noconfig.cmake
[5.415s] -- Installing: /home/devin/ros2_ws/RSO2_Study/install/my_robot_interface/share/my_robot_interface/cmake/export_my_robot_interface__rosidl_generator_pyExport.cmake
[5.415s] -- Installing: /home/devin/ros2_ws/RSO2_Study/install/my_robot_interface/share/my_robot_interface/cmake/export_my_robot_interface__rosidl_generator_pyExport-noconfig.cmake
[5.415s] -- Installing: /home/devin/ros2_ws/RSO2_Study/install/my_robot_interface/share/my_robot_interface/cmake/rosidl_cmake-extras.cmake
[5.415s] -- Installing: /home/devin/ros2_ws/RSO2_Study/install/my_robot_interface/share/my_robot_interface/cmake/ament_cmake_export_dependencies-extras.cmake
[5.415s] -- Installing: /home/devin/ros2_ws/RSO2_Study/install/my_robot_interface/share/my_robot_interface/cmake/ament_cmake_export_include_directories-extras.cmake
[5.415s] -- Installing: /home/devin/ros2_ws/RSO2_Study/install/my_robot_interface/share/my_robot_interface/cmake/ament_cmake_export_libraries-extras.cmake
[5.416s] -- Installing: /home/devin/ros2_ws/RSO2_Study/install/my_robot_interface/share/my_robot_interface/cmake/ament_cmake_export_targets-extras.cmake
[5.416s] -- Installing: /home/devin/ros2_ws/RSO2_Study/install/my_robot_interface/share/my_robot_interface/cmake/rosidl_cmake_export_typesupport_targets-extras.cmake
[5.416s] -- Installing: /home/devin/ros2_ws/RSO2_Study/install/my_robot_interface/share/my_robot_interface/cmake/rosidl_cmake_export_typesupport_libraries-extras.cmake
[5.416s] -- Installing: /home/devin/ros2_ws/RSO2_Study/install/my_robot_interface/share/my_robot_interface/cmake/my_robot_interfaceConfig.cmake
[5.416s] -- Installing: /home/devin/ros2_ws/RSO2_Study/install/my_robot_interface/share/my_robot_interface/cmake/my_robot_interfaceConfig-version.cmake
[5.416s] -- Installing: /home/devin/ros2_ws/RSO2_Study/install/my_robot_interface/share/my_robot_interface/package.xml
[5.418s] Invoked command in '/home/devin/ros2_ws/RSO2_Study/build/my_robot_interface' returned '0': CMAKE_PREFIX_PATH=${CMAKE_PREFIX_PATH}:/home/devin/ros2_ws/RSO2_Study/install/action_py:/home/devin/ros2_ws/install/action_py:/opt/ros/humble /usr/bin/cmake --install /home/devin/ros2_ws/RSO2_Study/build/my_robot_interface
