[0.009s] Invoking command in '/home/devin/ros2_ws/RSO2_Study/build/my_robot_interface': CMAKE_PREFIX_PATH=${CMAKE_PREFIX_PATH}:/home/devin/ros2_ws/RSO2_Study/install/action_py:/opt/ros/humble /usr/bin/cmake --build /home/devin/ros2_ws/RSO2_Study/build/my_robot_interface -- -j12 -l12
[0.051s] [  9%] Built target my_robot_interface__cpp
[0.051s] [ 12%] Built target my_robot_interface__rosidl_generator_c
[0.061s] [ 12%] Built target ament_cmake_python_copy_my_robot_interface
[0.073s] [ 58%] Built target my_robot_interface__rosidl_typesupport_fastrtps_c
[0.073s] [ 58%] Built target my_robot_interface__rosidl_typesupport_fastrtps_cpp
[0.073s] [ 58%] Built target my_robot_interface__rosidl_typesupport_cpp
[0.073s] [ 58%] Built target my_robot_interface__rosidl_typesupport_introspection_c
[0.073s] [ 61%] Built target my_robot_interface__rosidl_typesupport_c
[0.075s] [ 70%] Built target my_robot_interface__rosidl_typesupport_introspection_cpp
[0.092s] [ 70%] Built target my_robot_interface
[0.109s] [ 74%] Built target my_robot_interface__py
[0.127s] [ 80%] Built target my_robot_interface__rosidl_generator_py
[0.146s] [ 93%] Built target my_robot_interface__rosidl_typesupport_c__pyext
[0.146s] [ 93%] Built target my_robot_interface__rosidl_typesupport_fastrtps_c__pyext
[0.148s] [100%] Built target my_robot_interface__rosidl_typesupport_introspection_c__pyext
[0.235s] running egg_info
[0.236s] writing my_robot_interface.egg-info/PKG-INFO
[0.236s] writing dependency_links to my_robot_interface.egg-info/dependency_links.txt
[0.236s] writing top-level names to my_robot_interface.egg-info/top_level.txt
[0.238s] reading manifest file 'my_robot_interface.egg-info/SOURCES.txt'
[0.238s] writing manifest file 'my_robot_interface.egg-info/SOURCES.txt'
[0.258s] [100%] Built target ament_cmake_python_build_my_robot_interface_egg
[0.268s] Invoked command in '/home/devin/ros2_ws/RSO2_Study/build/my_robot_interface' returned '0': CMAKE_PREFIX_PATH=${CMAKE_PREFIX_PATH}:/home/devin/ros2_ws/RSO2_Study/install/action_py:/opt/ros/humble /usr/bin/cmake --build /home/devin/ros2_ws/RSO2_Study/build/my_robot_interface -- -j12 -l12
[0.276s] Invoking command in '/home/devin/ros2_ws/RSO2_Study/build/my_robot_interface': CMAKE_PREFIX_PATH=${CMAKE_PREFIX_PATH}:/home/devin/ros2_ws/RSO2_Study/install/action_py:/opt/ros/humble /usr/bin/cmake --install /home/devin/ros2_ws/RSO2_Study/build/my_robot_interface
[0.283s] -- Install configuration: ""
[0.283s] -- Up-to-date: /home/devin/ros2_ws/RSO2_Study/install/my_robot_interface/share/ament_index/resource_index/rosidl_interfaces/my_robot_interface
[0.283s] -- Up-to-date: /home/devin/ros2_ws/RSO2_Study/install/my_robot_interface/include/my_robot_interface/my_robot_interface
[0.284s] -- Up-to-date: /home/devin/ros2_ws/RSO2_Study/install/my_robot_interface/include/my_robot_interface/my_robot_interface/msg
[0.284s] -- Up-to-date: /home/devin/ros2_ws/RSO2_Study/install/my_robot_interface/include/my_robot_interface/my_robot_interface/msg/rosidl_generator_c__visibility_control.h
[0.284s] -- Up-to-date: /home/devin/ros2_ws/RSO2_Study/install/my_robot_interface/include/my_robot_interface/my_robot_interface/action
[0.284s] -- Up-to-date: /home/devin/ros2_ws/RSO2_Study/install/my_robot_interface/include/my_robot_interface/my_robot_interface/action/count_until.h
[0.284s] -- Up-to-date: /home/devin/ros2_ws/RSO2_Study/install/my_robot_interface/include/my_robot_interface/my_robot_interface/action/detail
[0.284s] -- Up-to-date: /home/devin/ros2_ws/RSO2_Study/install/my_robot_interface/include/my_robot_interface/my_robot_interface/action/detail/count_until__functions.h
[0.285s] -- Up-to-date: /home/devin/ros2_ws/RSO2_Study/install/my_robot_interface/include/my_robot_interface/my_robot_interface/action/detail/count_until__struct.h
[0.285s] -- Up-to-date: /home/devin/ros2_ws/RSO2_Study/install/my_robot_interface/include/my_robot_interface/my_robot_interface/action/detail/count_until__functions.c
[0.285s] -- Up-to-date: /home/devin/ros2_ws/RSO2_Study/install/my_robot_interface/include/my_robot_interface/my_robot_interface/action/detail/count_until__type_support.h
[0.285s] -- Up-to-date: /home/devin/ros2_ws/RSO2_Study/install/my_robot_interface/share/my_robot_interface/environment/library_path.sh
[0.285s] -- Up-to-date: /home/devin/ros2_ws/RSO2_Study/install/my_robot_interface/share/my_robot_interface/environment/library_path.dsv
[0.285s] -- Up-to-date: /home/devin/ros2_ws/RSO2_Study/install/my_robot_interface/lib/libmy_robot_interface__rosidl_generator_c.so
[0.285s] -- Up-to-date: /home/devin/ros2_ws/RSO2_Study/install/my_robot_interface/include/my_robot_interface/my_robot_interface
[0.285s] -- Up-to-date: /home/devin/ros2_ws/RSO2_Study/install/my_robot_interface/include/my_robot_interface/my_robot_interface/msg
[0.285s] -- Up-to-date: /home/devin/ros2_ws/RSO2_Study/install/my_robot_interface/include/my_robot_interface/my_robot_interface/msg/rosidl_typesupport_fastrtps_c__visibility_control.h
[0.286s] -- Up-to-date: /home/devin/ros2_ws/RSO2_Study/install/my_robot_interface/include/my_robot_interface/my_robot_interface/action
[0.286s] -- Up-to-date: /home/devin/ros2_ws/RSO2_Study/install/my_robot_interface/include/my_robot_interface/my_robot_interface/action/detail
[0.286s] -- Up-to-date: /home/devin/ros2_ws/RSO2_Study/install/my_robot_interface/include/my_robot_interface/my_robot_interface/action/detail/count_until__rosidl_typesupport_fastrtps_c.h
[0.286s] -- Up-to-date: /home/devin/ros2_ws/RSO2_Study/install/my_robot_interface/lib/libmy_robot_interface__rosidl_typesupport_fastrtps_c.so
[0.286s] -- Up-to-date: /home/devin/ros2_ws/RSO2_Study/install/my_robot_interface/include/my_robot_interface/my_robot_interface
[0.286s] -- Up-to-date: /home/devin/ros2_ws/RSO2_Study/install/my_robot_interface/include/my_robot_interface/my_robot_interface/msg
[0.286s] -- Up-to-date: /home/devin/ros2_ws/RSO2_Study/install/my_robot_interface/include/my_robot_interface/my_robot_interface/msg/rosidl_typesupport_introspection_c__visibility_control.h
[0.286s] -- Up-to-date: /home/devin/ros2_ws/RSO2_Study/install/my_robot_interface/include/my_robot_interface/my_robot_interface/action
[0.286s] -- Up-to-date: /home/devin/ros2_ws/RSO2_Study/install/my_robot_interface/include/my_robot_interface/my_robot_interface/action/detail
[0.287s] -- Up-to-date: /home/devin/ros2_ws/RSO2_Study/install/my_robot_interface/include/my_robot_interface/my_robot_interface/action/detail/count_until__type_support.c
[0.287s] -- Up-to-date: /home/devin/ros2_ws/RSO2_Study/install/my_robot_interface/include/my_robot_interface/my_robot_interface/action/detail/count_until__rosidl_typesupport_introspection_c.h
[0.287s] -- Up-to-date: /home/devin/ros2_ws/RSO2_Study/install/my_robot_interface/lib/libmy_robot_interface__rosidl_typesupport_introspection_c.so
[0.287s] -- Up-to-date: /home/devin/ros2_ws/RSO2_Study/install/my_robot_interface/lib/libmy_robot_interface__rosidl_typesupport_c.so
[0.287s] -- Up-to-date: /home/devin/ros2_ws/RSO2_Study/install/my_robot_interface/include/my_robot_interface/my_robot_interface
[0.287s] -- Up-to-date: /home/devin/ros2_ws/RSO2_Study/install/my_robot_interface/include/my_robot_interface/my_robot_interface/msg
[0.287s] -- Up-to-date: /home/devin/ros2_ws/RSO2_Study/install/my_robot_interface/include/my_robot_interface/my_robot_interface/msg/rosidl_generator_cpp__visibility_control.hpp
[0.287s] -- Up-to-date: /home/devin/ros2_ws/RSO2_Study/install/my_robot_interface/include/my_robot_interface/my_robot_interface/action
[0.287s] -- Up-to-date: /home/devin/ros2_ws/RSO2_Study/install/my_robot_interface/include/my_robot_interface/my_robot_interface/action/count_until.hpp
[0.287s] -- Up-to-date: /home/devin/ros2_ws/RSO2_Study/install/my_robot_interface/include/my_robot_interface/my_robot_interface/action/detail
[0.288s] -- Up-to-date: /home/devin/ros2_ws/RSO2_Study/install/my_robot_interface/include/my_robot_interface/my_robot_interface/action/detail/count_until__traits.hpp
[0.288s] -- Up-to-date: /home/devin/ros2_ws/RSO2_Study/install/my_robot_interface/include/my_robot_interface/my_robot_interface/action/detail/count_until__type_support.hpp
[0.288s] -- Up-to-date: /home/devin/ros2_ws/RSO2_Study/install/my_robot_interface/include/my_robot_interface/my_robot_interface/action/detail/count_until__builder.hpp
[0.288s] -- Up-to-date: /home/devin/ros2_ws/RSO2_Study/install/my_robot_interface/include/my_robot_interface/my_robot_interface/action/detail/count_until__struct.hpp
[0.288s] -- Up-to-date: /home/devin/ros2_ws/RSO2_Study/install/my_robot_interface/include/my_robot_interface/my_robot_interface
[0.288s] -- Up-to-date: /home/devin/ros2_ws/RSO2_Study/install/my_robot_interface/include/my_robot_interface/my_robot_interface/msg
[0.288s] -- Up-to-date: /home/devin/ros2_ws/RSO2_Study/install/my_robot_interface/include/my_robot_interface/my_robot_interface/msg/rosidl_typesupport_fastrtps_cpp__visibility_control.h
[0.288s] -- Up-to-date: /home/devin/ros2_ws/RSO2_Study/install/my_robot_interface/include/my_robot_interface/my_robot_interface/action
[0.288s] -- Up-to-date: /home/devin/ros2_ws/RSO2_Study/install/my_robot_interface/include/my_robot_interface/my_robot_interface/action/detail
[0.289s] -- Up-to-date: /home/devin/ros2_ws/RSO2_Study/install/my_robot_interface/include/my_robot_interface/my_robot_interface/action/detail/dds_fastrtps
[0.289s] -- Up-to-date: /home/devin/ros2_ws/RSO2_Study/install/my_robot_interface/include/my_robot_interface/my_robot_interface/action/detail/count_until__rosidl_typesupport_fastrtps_cpp.hpp
[0.289s] -- Up-to-date: /home/devin/ros2_ws/RSO2_Study/install/my_robot_interface/lib/libmy_robot_interface__rosidl_typesupport_fastrtps_cpp.so
[0.289s] -- Up-to-date: /home/devin/ros2_ws/RSO2_Study/install/my_robot_interface/include/my_robot_interface/my_robot_interface
[0.289s] -- Up-to-date: /home/devin/ros2_ws/RSO2_Study/install/my_robot_interface/include/my_robot_interface/my_robot_interface/action
[0.289s] -- Up-to-date: /home/devin/ros2_ws/RSO2_Study/install/my_robot_interface/include/my_robot_interface/my_robot_interface/action/detail
[0.289s] -- Up-to-date: /home/devin/ros2_ws/RSO2_Study/install/my_robot_interface/include/my_robot_interface/my_robot_interface/action/detail/count_until__rosidl_typesupport_introspection_cpp.hpp
[0.289s] -- Up-to-date: /home/devin/ros2_ws/RSO2_Study/install/my_robot_interface/include/my_robot_interface/my_robot_interface/action/detail/count_until__type_support.cpp
[0.289s] -- Up-to-date: /home/devin/ros2_ws/RSO2_Study/install/my_robot_interface/lib/libmy_robot_interface__rosidl_typesupport_introspection_cpp.so
[0.289s] -- Up-to-date: /home/devin/ros2_ws/RSO2_Study/install/my_robot_interface/lib/libmy_robot_interface__rosidl_typesupport_cpp.so
[0.289s] -- Up-to-date: /home/devin/ros2_ws/RSO2_Study/install/my_robot_interface/share/my_robot_interface/environment/pythonpath.sh
[0.289s] -- Up-to-date: /home/devin/ros2_ws/RSO2_Study/install/my_robot_interface/share/my_robot_interface/environment/pythonpath.dsv
[0.289s] -- Up-to-date: /home/devin/ros2_ws/RSO2_Study/install/my_robot_interface/local/lib/python3.10/dist-packages/my_robot_interface-0.0.0-py3.10.egg-info
[0.289s] -- Installing: /home/devin/ros2_ws/RSO2_Study/install/my_robot_interface/local/lib/python3.10/dist-packages/my_robot_interface-0.0.0-py3.10.egg-info/SOURCES.txt
[0.290s] -- Installing: /home/devin/ros2_ws/RSO2_Study/install/my_robot_interface/local/lib/python3.10/dist-packages/my_robot_interface-0.0.0-py3.10.egg-info/PKG-INFO
[0.290s] -- Installing: /home/devin/ros2_ws/RSO2_Study/install/my_robot_interface/local/lib/python3.10/dist-packages/my_robot_interface-0.0.0-py3.10.egg-info/top_level.txt
[0.290s] -- Installing: /home/devin/ros2_ws/RSO2_Study/install/my_robot_interface/local/lib/python3.10/dist-packages/my_robot_interface-0.0.0-py3.10.egg-info/dependency_links.txt
[0.290s] -- Up-to-date: /home/devin/ros2_ws/RSO2_Study/install/my_robot_interface/local/lib/python3.10/dist-packages/my_robot_interface
[0.290s] -- Up-to-date: /home/devin/ros2_ws/RSO2_Study/install/my_robot_interface/local/lib/python3.10/dist-packages/my_robot_interface/libmy_robot_interface__rosidl_generator_py.so
[0.290s] -- Up-to-date: /home/devin/ros2_ws/RSO2_Study/install/my_robot_interface/local/lib/python3.10/dist-packages/my_robot_interface/my_robot_interface_s__rosidl_typesupport_introspection_c.cpython-310-x86_64-linux-gnu.so
[0.290s] -- Up-to-date: /home/devin/ros2_ws/RSO2_Study/install/my_robot_interface/local/lib/python3.10/dist-packages/my_robot_interface/my_robot_interface_s__rosidl_typesupport_fastrtps_c.cpython-310-x86_64-linux-gnu.so
[0.290s] -- Up-to-date: /home/devin/ros2_ws/RSO2_Study/install/my_robot_interface/local/lib/python3.10/dist-packages/my_robot_interface/_my_robot_interface_s.ep.rosidl_typesupport_fastrtps_c.c
[0.290s] -- Up-to-date: /home/devin/ros2_ws/RSO2_Study/install/my_robot_interface/local/lib/python3.10/dist-packages/my_robot_interface/action
[0.290s] -- Up-to-date: /home/devin/ros2_ws/RSO2_Study/install/my_robot_interface/local/lib/python3.10/dist-packages/my_robot_interface/action/_count_until_s.c
[0.290s] -- Up-to-date: /home/devin/ros2_ws/RSO2_Study/install/my_robot_interface/local/lib/python3.10/dist-packages/my_robot_interface/action/_count_until.py
[0.290s] -- Up-to-date: /home/devin/ros2_ws/RSO2_Study/install/my_robot_interface/local/lib/python3.10/dist-packages/my_robot_interface/action/__init__.py
[0.290s] -- Up-to-date: /home/devin/ros2_ws/RSO2_Study/install/my_robot_interface/local/lib/python3.10/dist-packages/my_robot_interface/_my_robot_interface_s.ep.rosidl_typesupport_introspection_c.c
[0.290s] -- Up-to-date: /home/devin/ros2_ws/RSO2_Study/install/my_robot_interface/local/lib/python3.10/dist-packages/my_robot_interface/my_robot_interface_s__rosidl_typesupport_c.cpython-310-x86_64-linux-gnu.so
[0.290s] -- Up-to-date: /home/devin/ros2_ws/RSO2_Study/install/my_robot_interface/local/lib/python3.10/dist-packages/my_robot_interface/_my_robot_interface_s.ep.rosidl_typesupport_c.c
[0.290s] -- Up-to-date: /home/devin/ros2_ws/RSO2_Study/install/my_robot_interface/local/lib/python3.10/dist-packages/my_robot_interface/__init__.py
[0.311s] Listing '/home/devin/ros2_ws/RSO2_Study/install/my_robot_interface/local/lib/python3.10/dist-packages/my_robot_interface'...
[0.311s] Listing '/home/devin/ros2_ws/RSO2_Study/install/my_robot_interface/local/lib/python3.10/dist-packages/my_robot_interface/action'...
[0.315s] -- Up-to-date: /home/devin/ros2_ws/RSO2_Study/install/my_robot_interface/local/lib/python3.10/dist-packages/my_robot_interface/my_robot_interface_s__rosidl_typesupport_fastrtps_c.cpython-310-x86_64-linux-gnu.so
[0.315s] -- Up-to-date: /home/devin/ros2_ws/RSO2_Study/install/my_robot_interface/local/lib/python3.10/dist-packages/my_robot_interface/my_robot_interface_s__rosidl_typesupport_introspection_c.cpython-310-x86_64-linux-gnu.so
[0.315s] -- Up-to-date: /home/devin/ros2_ws/RSO2_Study/install/my_robot_interface/local/lib/python3.10/dist-packages/my_robot_interface/my_robot_interface_s__rosidl_typesupport_c.cpython-310-x86_64-linux-gnu.so
[0.315s] -- Up-to-date: /home/devin/ros2_ws/RSO2_Study/install/my_robot_interface/lib/libmy_robot_interface__rosidl_generator_py.so
[0.315s] -- Up-to-date: /home/devin/ros2_ws/RSO2_Study/install/my_robot_interface/share/my_robot_interface/action/CountUntil.idl
[0.316s] -- Up-to-date: /home/devin/ros2_ws/RSO2_Study/install/my_robot_interface/share/my_robot_interface/action/CountUntil.action
[0.316s] -- Up-to-date: /home/devin/ros2_ws/RSO2_Study/install/my_robot_interface/share/ament_index/resource_index/package_run_dependencies/my_robot_interface
[0.316s] -- Up-to-date: /home/devin/ros2_ws/RSO2_Study/install/my_robot_interface/share/ament_index/resource_index/parent_prefix_path/my_robot_interface
[0.316s] -- Up-to-date: /home/devin/ros2_ws/RSO2_Study/install/my_robot_interface/share/my_robot_interface/environment/ament_prefix_path.sh
[0.316s] -- Up-to-date: /home/devin/ros2_ws/RSO2_Study/install/my_robot_interface/share/my_robot_interface/environment/ament_prefix_path.dsv
[0.316s] -- Up-to-date: /home/devin/ros2_ws/RSO2_Study/install/my_robot_interface/share/my_robot_interface/environment/path.sh
[0.316s] -- Up-to-date: /home/devin/ros2_ws/RSO2_Study/install/my_robot_interface/share/my_robot_interface/environment/path.dsv
[0.316s] -- Up-to-date: /home/devin/ros2_ws/RSO2_Study/install/my_robot_interface/share/my_robot_interface/local_setup.bash
[0.316s] -- Up-to-date: /home/devin/ros2_ws/RSO2_Study/install/my_robot_interface/share/my_robot_interface/local_setup.sh
[0.316s] -- Up-to-date: /home/devin/ros2_ws/RSO2_Study/install/my_robot_interface/share/my_robot_interface/local_setup.zsh
[0.316s] -- Up-to-date: /home/devin/ros2_ws/RSO2_Study/install/my_robot_interface/share/my_robot_interface/local_setup.dsv
[0.316s] -- Installing: /home/devin/ros2_ws/RSO2_Study/install/my_robot_interface/share/my_robot_interface/package.dsv
[0.316s] -- Up-to-date: /home/devin/ros2_ws/RSO2_Study/install/my_robot_interface/share/ament_index/resource_index/packages/my_robot_interface
[0.316s] -- Up-to-date: /home/devin/ros2_ws/RSO2_Study/install/my_robot_interface/share/my_robot_interface/cmake/export_my_robot_interface__rosidl_generator_cExport.cmake
[0.317s] -- Up-to-date: /home/devin/ros2_ws/RSO2_Study/install/my_robot_interface/share/my_robot_interface/cmake/export_my_robot_interface__rosidl_generator_cExport-noconfig.cmake
[0.317s] -- Up-to-date: /home/devin/ros2_ws/RSO2_Study/install/my_robot_interface/share/my_robot_interface/cmake/export_my_robot_interface__rosidl_typesupport_fastrtps_cExport.cmake
[0.317s] -- Up-to-date: /home/devin/ros2_ws/RSO2_Study/install/my_robot_interface/share/my_robot_interface/cmake/export_my_robot_interface__rosidl_typesupport_fastrtps_cExport-noconfig.cmake
[0.317s] -- Up-to-date: /home/devin/ros2_ws/RSO2_Study/install/my_robot_interface/share/my_robot_interface/cmake/my_robot_interface__rosidl_typesupport_introspection_cExport.cmake
[0.317s] -- Up-to-date: /home/devin/ros2_ws/RSO2_Study/install/my_robot_interface/share/my_robot_interface/cmake/my_robot_interface__rosidl_typesupport_introspection_cExport-noconfig.cmake
[0.317s] -- Up-to-date: /home/devin/ros2_ws/RSO2_Study/install/my_robot_interface/share/my_robot_interface/cmake/my_robot_interface__rosidl_typesupport_cExport.cmake
[0.317s] -- Up-to-date: /home/devin/ros2_ws/RSO2_Study/install/my_robot_interface/share/my_robot_interface/cmake/my_robot_interface__rosidl_typesupport_cExport-noconfig.cmake
[0.317s] -- Up-to-date: /home/devin/ros2_ws/RSO2_Study/install/my_robot_interface/share/my_robot_interface/cmake/export_my_robot_interface__rosidl_generator_cppExport.cmake
[0.318s] -- Up-to-date: /home/devin/ros2_ws/RSO2_Study/install/my_robot_interface/share/my_robot_interface/cmake/export_my_robot_interface__rosidl_typesupport_fastrtps_cppExport.cmake
[0.318s] -- Up-to-date: /home/devin/ros2_ws/RSO2_Study/install/my_robot_interface/share/my_robot_interface/cmake/export_my_robot_interface__rosidl_typesupport_fastrtps_cppExport-noconfig.cmake
[0.318s] -- Up-to-date: /home/devin/ros2_ws/RSO2_Study/install/my_robot_interface/share/my_robot_interface/cmake/my_robot_interface__rosidl_typesupport_introspection_cppExport.cmake
[0.318s] -- Up-to-date: /home/devin/ros2_ws/RSO2_Study/install/my_robot_interface/share/my_robot_interface/cmake/my_robot_interface__rosidl_typesupport_introspection_cppExport-noconfig.cmake
[0.318s] -- Up-to-date: /home/devin/ros2_ws/RSO2_Study/install/my_robot_interface/share/my_robot_interface/cmake/my_robot_interface__rosidl_typesupport_cppExport.cmake
[0.318s] -- Up-to-date: /home/devin/ros2_ws/RSO2_Study/install/my_robot_interface/share/my_robot_interface/cmake/my_robot_interface__rosidl_typesupport_cppExport-noconfig.cmake
[0.318s] -- Up-to-date: /home/devin/ros2_ws/RSO2_Study/install/my_robot_interface/share/my_robot_interface/cmake/export_my_robot_interface__rosidl_generator_pyExport.cmake
[0.318s] -- Up-to-date: /home/devin/ros2_ws/RSO2_Study/install/my_robot_interface/share/my_robot_interface/cmake/export_my_robot_interface__rosidl_generator_pyExport-noconfig.cmake
[0.318s] -- Up-to-date: /home/devin/ros2_ws/RSO2_Study/install/my_robot_interface/share/my_robot_interface/cmake/rosidl_cmake-extras.cmake
[0.319s] -- Up-to-date: /home/devin/ros2_ws/RSO2_Study/install/my_robot_interface/share/my_robot_interface/cmake/ament_cmake_export_dependencies-extras.cmake
[0.319s] -- Up-to-date: /home/devin/ros2_ws/RSO2_Study/install/my_robot_interface/share/my_robot_interface/cmake/ament_cmake_export_include_directories-extras.cmake
[0.319s] -- Up-to-date: /home/devin/ros2_ws/RSO2_Study/install/my_robot_interface/share/my_robot_interface/cmake/ament_cmake_export_libraries-extras.cmake
[0.319s] -- Up-to-date: /home/devin/ros2_ws/RSO2_Study/install/my_robot_interface/share/my_robot_interface/cmake/ament_cmake_export_targets-extras.cmake
[0.319s] -- Up-to-date: /home/devin/ros2_ws/RSO2_Study/install/my_robot_interface/share/my_robot_interface/cmake/rosidl_cmake_export_typesupport_targets-extras.cmake
[0.319s] -- Up-to-date: /home/devin/ros2_ws/RSO2_Study/install/my_robot_interface/share/my_robot_interface/cmake/rosidl_cmake_export_typesupport_libraries-extras.cmake
[0.319s] -- Up-to-date: /home/devin/ros2_ws/RSO2_Study/install/my_robot_interface/share/my_robot_interface/cmake/my_robot_interfaceConfig.cmake
[0.319s] -- Up-to-date: /home/devin/ros2_ws/RSO2_Study/install/my_robot_interface/share/my_robot_interface/cmake/my_robot_interfaceConfig-version.cmake
[0.319s] -- Up-to-date: /home/devin/ros2_ws/RSO2_Study/install/my_robot_interface/share/my_robot_interface/package.xml
[0.320s] Invoked command in '/home/devin/ros2_ws/RSO2_Study/build/my_robot_interface' returned '0': CMAKE_PREFIX_PATH=${CMAKE_PREFIX_PATH}:/home/devin/ros2_ws/RSO2_Study/install/action_py:/opt/ros/humble /usr/bin/cmake --install /home/devin/ros2_ws/RSO2_Study/build/my_robot_interface
