running develop
Removing /home/devin/ros2_ws/RSO2_Study/install/action_py/lib/python3.10/site-packages/action-py.egg-link (link to .)
running egg_info
writing ../../build/action_py/action_py.egg-info/PKG-INFO
writing dependency_links to ../../build/action_py/action_py.egg-info/dependency_links.txt
writing entry points to ../../build/action_py/action_py.egg-info/entry_points.txt
writing requirements to ../../build/action_py/action_py.egg-info/requires.txt
writing top-level names to ../../build/action_py/action_py.egg-info/top_level.txt
reading manifest file '../../build/action_py/action_py.egg-info/SOURCES.txt'
writing manifest file '../../build/action_py/action_py.egg-info/SOURCES.txt'
running build
running build_py
copying action_py/count_until_client.py -> /home/devin/ros2_ws/RSO2_Study/build/action_py/build/lib/action_py
copying action_py/count_until_service.py -> /home/devin/ros2_ws/RSO2_Study/build/action_py/build/lib/action_py
running install
running install_lib
creating /home/devin/ros2_ws/RSO2_Study/install/action_py/lib/python3.10/site-packages/action_py
copying /home/devin/ros2_ws/RSO2_Study/build/action_py/build/lib/action_py/count_until_client.py -> /home/devin/ros2_ws/RSO2_Study/install/action_py/lib/python3.10/site-packages/action_py
copying /home/devin/ros2_ws/RSO2_Study/build/action_py/build/lib/action_py/count_until_service.py -> /home/devin/ros2_ws/RSO2_Study/install/action_py/lib/python3.10/site-packages/action_py
copying /home/devin/ros2_ws/RSO2_Study/build/action_py/build/lib/action_py/__init__.py -> /home/devin/ros2_ws/RSO2_Study/install/action_py/lib/python3.10/site-packages/action_py
byte-compiling /home/devin/ros2_ws/RSO2_Study/install/action_py/lib/python3.10/site-packages/action_py/count_until_client.py to count_until_client.cpython-310.pyc
byte-compiling /home/devin/ros2_ws/RSO2_Study/install/action_py/lib/python3.10/site-packages/action_py/count_until_service.py to count_until_service.cpython-310.pyc
byte-compiling /home/devin/ros2_ws/RSO2_Study/install/action_py/lib/python3.10/site-packages/action_py/__init__.py to __init__.cpython-310.pyc
running install_data
copying resource/action_py -> /home/devin/ros2_ws/RSO2_Study/install/action_py/share/ament_index/resource_index/packages
copying package.xml -> /home/devin/ros2_ws/RSO2_Study/install/action_py/share/action_py
running install_egg_info
Copying ../../build/action_py/action_py.egg-info to /home/devin/ros2_ws/RSO2_Study/install/action_py/lib/python3.10/site-packages/action_py-0.0.0-py3.10.egg-info
running install_scripts
Installing count_until_client script to /home/devin/ros2_ws/RSO2_Study/install/action_py/lib/action_py
Installing count_until_service script to /home/devin/ros2_ws/RSO2_Study/install/action_py/lib/action_py
writing list of installed files to '/home/devin/ros2_ws/RSO2_Study/build/action_py/install.log'
