[0.671s] Invoking command in '/home/devin/ros2_ws/RSO2_Study/src/action_py': PYTHONPATH=/home/devin/ros2_ws/RSO2_Study/build/action_py/prefix_override:/usr/lib/python3/dist-packages/colcon_core/task/python/colcon_distutils_commands:/home/devin/ros2_ws/RSO2_Study/install/action_py/lib/python3.10/site-packages:${PYTHONPATH} /usr/bin/python3 -W ignore:setup.py install is deprecated -W ignore:easy_install command is deprecated setup.py egg_info --egg-base ../../build/action_py build --build-base /home/devin/ros2_ws/RSO2_Study/build/action_py/build install --record /home/devin/ros2_ws/RSO2_Study/build/action_py/install.log --single-version-externally-managed install_data
[0.818s] running egg_info
[0.818s] creating ../../build/action_py/action_py.egg-info
[0.819s] writing ../../build/action_py/action_py.egg-info/PKG-INFO
[0.819s] writing dependency_links to ../../build/action_py/action_py.egg-info/dependency_links.txt
[0.819s] writing entry points to ../../build/action_py/action_py.egg-info/entry_points.txt
[0.819s] writing requirements to ../../build/action_py/action_py.egg-info/requires.txt
[0.819s] writing top-level names to ../../build/action_py/action_py.egg-info/top_level.txt
[0.819s] writing manifest file '../../build/action_py/action_py.egg-info/SOURCES.txt'
[0.821s] reading manifest file '../../build/action_py/action_py.egg-info/SOURCES.txt'
[0.822s] writing manifest file '../../build/action_py/action_py.egg-info/SOURCES.txt'
[0.822s] running build
[0.822s] running build_py
[0.822s] creating /home/devin/ros2_ws/RSO2_Study/build/action_py/build
[0.822s] creating /home/devin/ros2_ws/RSO2_Study/build/action_py/build/lib
[0.823s] creating /home/devin/ros2_ws/RSO2_Study/build/action_py/build/lib/action_py
[0.823s] copying action_py/count_until_client.py -> /home/devin/ros2_ws/RSO2_Study/build/action_py/build/lib/action_py
[0.823s] copying action_py/count_until_service.py -> /home/devin/ros2_ws/RSO2_Study/build/action_py/build/lib/action_py
[0.824s] copying action_py/__init__.py -> /home/devin/ros2_ws/RSO2_Study/build/action_py/build/lib/action_py
[0.824s] running install
[0.824s] running install_lib
[0.825s] creating /home/devin/ros2_ws/RSO2_Study/install/action_py/lib/python3.10/site-packages/action_py
[0.825s] copying /home/devin/ros2_ws/RSO2_Study/build/action_py/build/lib/action_py/count_until_client.py -> /home/devin/ros2_ws/RSO2_Study/install/action_py/lib/python3.10/site-packages/action_py
[0.825s] copying /home/devin/ros2_ws/RSO2_Study/build/action_py/build/lib/action_py/count_until_service.py -> /home/devin/ros2_ws/RSO2_Study/install/action_py/lib/python3.10/site-packages/action_py
[0.825s] copying /home/devin/ros2_ws/RSO2_Study/build/action_py/build/lib/action_py/__init__.py -> /home/devin/ros2_ws/RSO2_Study/install/action_py/lib/python3.10/site-packages/action_py
[0.826s] byte-compiling /home/devin/ros2_ws/RSO2_Study/install/action_py/lib/python3.10/site-packages/action_py/count_until_client.py to count_until_client.cpython-310.pyc
[0.826s] byte-compiling /home/devin/ros2_ws/RSO2_Study/install/action_py/lib/python3.10/site-packages/action_py/count_until_service.py to count_until_service.cpython-310.pyc
[0.827s] byte-compiling /home/devin/ros2_ws/RSO2_Study/install/action_py/lib/python3.10/site-packages/action_py/__init__.py to __init__.cpython-310.pyc
[0.827s] running install_data
[0.827s] creating /home/devin/ros2_ws/RSO2_Study/install/action_py/share/ament_index
[0.827s] creating /home/devin/ros2_ws/RSO2_Study/install/action_py/share/ament_index/resource_index
[0.827s] creating /home/devin/ros2_ws/RSO2_Study/install/action_py/share/ament_index/resource_index/packages
[0.827s] copying resource/action_py -> /home/devin/ros2_ws/RSO2_Study/install/action_py/share/ament_index/resource_index/packages
[0.828s] copying package.xml -> /home/devin/ros2_ws/RSO2_Study/install/action_py/share/action_py
[0.828s] running install_egg_info
[0.829s] Copying ../../build/action_py/action_py.egg-info to /home/devin/ros2_ws/RSO2_Study/install/action_py/lib/python3.10/site-packages/action_py-0.0.0-py3.10.egg-info
[0.830s] running install_scripts
[0.846s] Installing count_until_client script to /home/devin/ros2_ws/RSO2_Study/install/action_py/lib/action_py
[0.847s] Installing count_until_service script to /home/devin/ros2_ws/RSO2_Study/install/action_py/lib/action_py
[0.847s] writing list of installed files to '/home/devin/ros2_ws/RSO2_Study/build/action_py/install.log'
[0.868s] Invoked command in '/home/devin/ros2_ws/RSO2_Study/src/action_py' returned '0': PYTHONPATH=/home/devin/ros2_ws/RSO2_Study/build/action_py/prefix_override:/usr/lib/python3/dist-packages/colcon_core/task/python/colcon_distutils_commands:/home/devin/ros2_ws/RSO2_Study/install/action_py/lib/python3.10/site-packages:${PYTHONPATH} /usr/bin/python3 -W ignore:setup.py install is deprecated -W ignore:easy_install command is deprecated setup.py egg_info --egg-base ../../build/action_py build --build-base /home/devin/ros2_ws/RSO2_Study/build/action_py/build install --record /home/devin/ros2_ws/RSO2_Study/build/action_py/install.log --single-version-externally-managed install_data
