[0.013s] Invoking command in '/home/devin/ros2_ws/RSO2_Study/build/my_robot_interface': CMAKE_PREFIX_PATH=${CMAKE_PREFIX_PATH}:/home/devin/ros2_ws/RSO2_Study/install/action_py:/home/devin/ros2_ws/install/action_py:/opt/ros/humble /usr/bin/cmake --build /home/devin/ros2_ws/RSO2_Study/build/my_robot_interface -- -j12 -l12
[0.102s] [  3%] Built target my_robot_interface__cpp
[0.102s] [ 12%] Built target my_robot_interface__rosidl_generator_c
[0.118s] [ 12%] Built target ament_cmake_python_copy_my_robot_interface
[0.126s] [ 41%] Built target my_robot_interface__rosidl_typesupport_introspection_cpp
[0.126s] [ 41%] Built target my_robot_interface__rosidl_typesupport_cpp
[0.126s] [ 41%] Built target my_robot_interface__rosidl_typesupport_fastrtps_cpp
[0.138s] [ 70%] Built target my_robot_interface__rosidl_typesupport_fastrtps_c
[0.138s] [ 70%] Built target my_robot_interface__rosidl_typesupport_introspection_c
[0.138s] [ 70%] Built target my_robot_interface__rosidl_typesupport_c
[0.156s] [ 70%] Built target my_robot_interface
[0.174s] [ 74%] Built target my_robot_interface__py
[0.196s] [ 80%] Built target my_robot_interface__rosidl_generator_py
[0.217s] [ 93%] Built target my_robot_interface__rosidl_typesupport_fastrtps_c__pyext
[0.217s] [ 93%] Built target my_robot_interface__rosidl_typesupport_introspection_c__pyext
[0.217s] [100%] Built target my_robot_interface__rosidl_typesupport_c__pyext
[0.298s] running egg_info
[0.299s] writing my_robot_interface.egg-info/PKG-INFO
[0.299s] writing dependency_links to my_robot_interface.egg-info/dependency_links.txt
[0.299s] writing top-level names to my_robot_interface.egg-info/top_level.txt
[0.303s] reading manifest file 'my_robot_interface.egg-info/SOURCES.txt'
[0.303s] writing manifest file 'my_robot_interface.egg-info/SOURCES.txt'
[0.326s] [100%] Built target ament_cmake_python_build_my_robot_interface_egg
[0.335s] Invoked command in '/home/devin/ros2_ws/RSO2_Study/build/my_robot_interface' returned '0': CMAKE_PREFIX_PATH=${CMAKE_PREFIX_PATH}:/home/devin/ros2_ws/RSO2_Study/install/action_py:/home/devin/ros2_ws/install/action_py:/opt/ros/humble /usr/bin/cmake --build /home/devin/ros2_ws/RSO2_Study/build/my_robot_interface -- -j12 -l12
[0.344s] Invoking command in '/home/devin/ros2_ws/RSO2_Study/build/my_robot_interface': CMAKE_PREFIX_PATH=${CMAKE_PREFIX_PATH}:/home/devin/ros2_ws/RSO2_Study/install/action_py:/home/devin/ros2_ws/install/action_py:/opt/ros/humble /usr/bin/cmake --install /home/devin/ros2_ws/RSO2_Study/build/my_robot_interface
[0.352s] -- Install configuration: ""
[0.352s] -- Up-to-date: /home/devin/ros2_ws/RSO2_Study/install/my_robot_interface/share/ament_index/resource_index/rosidl_interfaces/my_robot_interface
[0.352s] -- Up-to-date: /home/devin/ros2_ws/RSO2_Study/install/my_robot_interface/include/my_robot_interface/my_robot_interface
[0.353s] -- Up-to-date: /home/devin/ros2_ws/RSO2_Study/install/my_robot_interface/include/my_robot_interface/my_robot_interface/msg
[0.353s] -- Up-to-date: /home/devin/ros2_ws/RSO2_Study/install/my_robot_interface/include/my_robot_interface/my_robot_interface/msg/rosidl_generator_c__visibility_control.h
[0.353s] -- Up-to-date: /home/devin/ros2_ws/RSO2_Study/install/my_robot_interface/include/my_robot_interface/my_robot_interface/action
[0.353s] -- Up-to-date: /home/devin/ros2_ws/RSO2_Study/install/my_robot_interface/include/my_robot_interface/my_robot_interface/action/count_until.h
[0.353s] -- Up-to-date: /home/devin/ros2_ws/RSO2_Study/install/my_robot_interface/include/my_robot_interface/my_robot_interface/action/detail
[0.353s] -- Up-to-date: /home/devin/ros2_ws/RSO2_Study/install/my_robot_interface/include/my_robot_interface/my_robot_interface/action/detail/count_until__functions.h
[0.354s] -- Up-to-date: /home/devin/ros2_ws/RSO2_Study/install/my_robot_interface/include/my_robot_interface/my_robot_interface/action/detail/count_until__struct.h
[0.354s] -- Up-to-date: /home/devin/ros2_ws/RSO2_Study/install/my_robot_interface/include/my_robot_interface/my_robot_interface/action/detail/count_until__functions.c
[0.354s] -- Up-to-date: /home/devin/ros2_ws/RSO2_Study/install/my_robot_interface/include/my_robot_interface/my_robot_interface/action/detail/count_until__type_support.h
[0.354s] -- Up-to-date: /home/devin/ros2_ws/RSO2_Study/install/my_robot_interface/share/my_robot_interface/environment/library_path.sh
[0.354s] -- Up-to-date: /home/devin/ros2_ws/RSO2_Study/install/my_robot_interface/share/my_robot_interface/environment/library_path.dsv
[0.354s] -- Up-to-date: /home/devin/ros2_ws/RSO2_Study/install/my_robot_interface/lib/libmy_robot_interface__rosidl_generator_c.so
[0.354s] -- Up-to-date: /home/devin/ros2_ws/RSO2_Study/install/my_robot_interface/include/my_robot_interface/my_robot_interface
[0.355s] -- Up-to-date: /home/devin/ros2_ws/RSO2_Study/install/my_robot_interface/include/my_robot_interface/my_robot_interface/msg
[0.355s] -- Up-to-date: /home/devin/ros2_ws/RSO2_Study/install/my_robot_interface/include/my_robot_interface/my_robot_interface/msg/rosidl_typesupport_fastrtps_c__visibility_control.h
[0.355s] -- Up-to-date: /home/devin/ros2_ws/RSO2_Study/install/my_robot_interface/include/my_robot_interface/my_robot_interface/action
[0.355s] -- Up-to-date: /home/devin/ros2_ws/RSO2_Study/install/my_robot_interface/include/my_robot_interface/my_robot_interface/action/detail
[0.355s] -- Up-to-date: /home/devin/ros2_ws/RSO2_Study/install/my_robot_interface/include/my_robot_interface/my_robot_interface/action/detail/count_until__rosidl_typesupport_fastrtps_c.h
[0.356s] -- Up-to-date: /home/devin/ros2_ws/RSO2_Study/install/my_robot_interface/lib/libmy_robot_interface__rosidl_typesupport_fastrtps_c.so
[0.356s] -- Up-to-date: /home/devin/ros2_ws/RSO2_Study/install/my_robot_interface/include/my_robot_interface/my_robot_interface
[0.356s] -- Up-to-date: /home/devin/ros2_ws/RSO2_Study/install/my_robot_interface/include/my_robot_interface/my_robot_interface/msg
[0.357s] -- Up-to-date: /home/devin/ros2_ws/RSO2_Study/install/my_robot_interface/include/my_robot_interface/my_robot_interface/msg/rosidl_typesupport_introspection_c__visibility_control.h
[0.357s] -- Up-to-date: /home/devin/ros2_ws/RSO2_Study/install/my_robot_interface/include/my_robot_interface/my_robot_interface/action
[0.357s] -- Up-to-date: /home/devin/ros2_ws/RSO2_Study/install/my_robot_interface/include/my_robot_interface/my_robot_interface/action/detail
[0.357s] -- Up-to-date: /home/devin/ros2_ws/RSO2_Study/install/my_robot_interface/include/my_robot_interface/my_robot_interface/action/detail/count_until__type_support.c
[0.357s] -- Up-to-date: /home/devin/ros2_ws/RSO2_Study/install/my_robot_interface/include/my_robot_interface/my_robot_interface/action/detail/count_until__rosidl_typesupport_introspection_c.h
[0.358s] -- Up-to-date: /home/devin/ros2_ws/RSO2_Study/install/my_robot_interface/lib/libmy_robot_interface__rosidl_typesupport_introspection_c.so
[0.358s] -- Up-to-date: /home/devin/ros2_ws/RSO2_Study/install/my_robot_interface/lib/libmy_robot_interface__rosidl_typesupport_c.so
[0.358s] -- Up-to-date: /home/devin/ros2_ws/RSO2_Study/install/my_robot_interface/include/my_robot_interface/my_robot_interface
[0.359s] -- Up-to-date: /home/devin/ros2_ws/RSO2_Study/install/my_robot_interface/include/my_robot_interface/my_robot_interface/msg
[0.359s] -- Up-to-date: /home/devin/ros2_ws/RSO2_Study/install/my_robot_interface/include/my_robot_interface/my_robot_interface/msg/rosidl_generator_cpp__visibility_control.hpp
[0.359s] -- Up-to-date: /home/devin/ros2_ws/RSO2_Study/install/my_robot_interface/include/my_robot_interface/my_robot_interface/action
[0.359s] -- Up-to-date: /home/devin/ros2_ws/RSO2_Study/install/my_robot_interface/include/my_robot_interface/my_robot_interface/action/count_until.hpp
[0.359s] -- Up-to-date: /home/devin/ros2_ws/RSO2_Study/install/my_robot_interface/include/my_robot_interface/my_robot_interface/action/detail
[0.359s] -- Up-to-date: /home/devin/ros2_ws/RSO2_Study/install/my_robot_interface/include/my_robot_interface/my_robot_interface/action/detail/count_until__traits.hpp
[0.359s] -- Up-to-date: /home/devin/ros2_ws/RSO2_Study/install/my_robot_interface/include/my_robot_interface/my_robot_interface/action/detail/count_until__type_support.hpp
[0.359s] -- Up-to-date: /home/devin/ros2_ws/RSO2_Study/install/my_robot_interface/include/my_robot_interface/my_robot_interface/action/detail/count_until__builder.hpp
[0.360s] -- Up-to-date: /home/devin/ros2_ws/RSO2_Study/install/my_robot_interface/include/my_robot_interface/my_robot_interface/action/detail/count_until__struct.hpp
[0.360s] -- Up-to-date: /home/devin/ros2_ws/RSO2_Study/install/my_robot_interface/include/my_robot_interface/my_robot_interface
[0.360s] -- Up-to-date: /home/devin/ros2_ws/RSO2_Study/install/my_robot_interface/include/my_robot_interface/my_robot_interface/msg
[0.360s] -- Up-to-date: /home/devin/ros2_ws/RSO2_Study/install/my_robot_interface/include/my_robot_interface/my_robot_interface/msg/rosidl_typesupport_fastrtps_cpp__visibility_control.h
[0.360s] -- Up-to-date: /home/devin/ros2_ws/RSO2_Study/install/my_robot_interface/include/my_robot_interface/my_robot_interface/action
[0.360s] -- Up-to-date: /home/devin/ros2_ws/RSO2_Study/install/my_robot_interface/include/my_robot_interface/my_robot_interface/action/detail
[0.360s] -- Up-to-date: /home/devin/ros2_ws/RSO2_Study/install/my_robot_interface/include/my_robot_interface/my_robot_interface/action/detail/dds_fastrtps
[0.360s] -- Up-to-date: /home/devin/ros2_ws/RSO2_Study/install/my_robot_interface/include/my_robot_interface/my_robot_interface/action/detail/count_until__rosidl_typesupport_fastrtps_cpp.hpp
[0.361s] -- Up-to-date: /home/devin/ros2_ws/RSO2_Study/install/my_robot_interface/lib/libmy_robot_interface__rosidl_typesupport_fastrtps_cpp.so
[0.361s] -- Up-to-date: /home/devin/ros2_ws/RSO2_Study/install/my_robot_interface/include/my_robot_interface/my_robot_interface
[0.361s] -- Up-to-date: /home/devin/ros2_ws/RSO2_Study/install/my_robot_interface/include/my_robot_interface/my_robot_interface/action
[0.361s] -- Up-to-date: /home/devin/ros2_ws/RSO2_Study/install/my_robot_interface/include/my_robot_interface/my_robot_interface/action/detail
[0.362s] -- Up-to-date: /home/devin/ros2_ws/RSO2_Study/install/my_robot_interface/include/my_robot_interface/my_robot_interface/action/detail/count_until__rosidl_typesupport_introspection_cpp.hpp
[0.362s] -- Up-to-date: /home/devin/ros2_ws/RSO2_Study/install/my_robot_interface/include/my_robot_interface/my_robot_interface/action/detail/count_until__type_support.cpp
[0.362s] -- Up-to-date: /home/devin/ros2_ws/RSO2_Study/install/my_robot_interface/lib/libmy_robot_interface__rosidl_typesupport_introspection_cpp.so
[0.363s] -- Up-to-date: /home/devin/ros2_ws/RSO2_Study/install/my_robot_interface/lib/libmy_robot_interface__rosidl_typesupport_cpp.so
[0.363s] -- Up-to-date: /home/devin/ros2_ws/RSO2_Study/install/my_robot_interface/share/my_robot_interface/environment/pythonpath.sh
[0.363s] -- Up-to-date: /home/devin/ros2_ws/RSO2_Study/install/my_robot_interface/share/my_robot_interface/environment/pythonpath.dsv
[0.363s] -- Up-to-date: /home/devin/ros2_ws/RSO2_Study/install/my_robot_interface/local/lib/python3.10/dist-packages/my_robot_interface-0.0.0-py3.10.egg-info
[0.363s] -- Installing: /home/devin/ros2_ws/RSO2_Study/install/my_robot_interface/local/lib/python3.10/dist-packages/my_robot_interface-0.0.0-py3.10.egg-info/SOURCES.txt
[0.363s] -- Installing: /home/devin/ros2_ws/RSO2_Study/install/my_robot_interface/local/lib/python3.10/dist-packages/my_robot_interface-0.0.0-py3.10.egg-info/PKG-INFO
[0.363s] -- Installing: /home/devin/ros2_ws/RSO2_Study/install/my_robot_interface/local/lib/python3.10/dist-packages/my_robot_interface-0.0.0-py3.10.egg-info/top_level.txt
[0.363s] -- Installing: /home/devin/ros2_ws/RSO2_Study/install/my_robot_interface/local/lib/python3.10/dist-packages/my_robot_interface-0.0.0-py3.10.egg-info/dependency_links.txt
[0.364s] -- Up-to-date: /home/devin/ros2_ws/RSO2_Study/install/my_robot_interface/local/lib/python3.10/dist-packages/my_robot_interface
[0.364s] -- Up-to-date: /home/devin/ros2_ws/RSO2_Study/install/my_robot_interface/local/lib/python3.10/dist-packages/my_robot_interface/libmy_robot_interface__rosidl_generator_py.so
[0.364s] -- Up-to-date: /home/devin/ros2_ws/RSO2_Study/install/my_robot_interface/local/lib/python3.10/dist-packages/my_robot_interface/my_robot_interface_s__rosidl_typesupport_introspection_c.cpython-310-x86_64-linux-gnu.so
[0.364s] -- Up-to-date: /home/devin/ros2_ws/RSO2_Study/install/my_robot_interface/local/lib/python3.10/dist-packages/my_robot_interface/my_robot_interface_s__rosidl_typesupport_fastrtps_c.cpython-310-x86_64-linux-gnu.so
[0.364s] -- Up-to-date: /home/devin/ros2_ws/RSO2_Study/install/my_robot_interface/local/lib/python3.10/dist-packages/my_robot_interface/_my_robot_interface_s.ep.rosidl_typesupport_fastrtps_c.c
[0.364s] -- Up-to-date: /home/devin/ros2_ws/RSO2_Study/install/my_robot_interface/local/lib/python3.10/dist-packages/my_robot_interface/action
[0.364s] -- Up-to-date: /home/devin/ros2_ws/RSO2_Study/install/my_robot_interface/local/lib/python3.10/dist-packages/my_robot_interface/action/_count_until_s.c
[0.364s] -- Up-to-date: /home/devin/ros2_ws/RSO2_Study/install/my_robot_interface/local/lib/python3.10/dist-packages/my_robot_interface/action/_count_until.py
[0.364s] -- Up-to-date: /home/devin/ros2_ws/RSO2_Study/install/my_robot_interface/local/lib/python3.10/dist-packages/my_robot_interface/action/__init__.py
[0.364s] -- Up-to-date: /home/devin/ros2_ws/RSO2_Study/install/my_robot_interface/local/lib/python3.10/dist-packages/my_robot_interface/_my_robot_interface_s.ep.rosidl_typesupport_introspection_c.c
[0.364s] -- Up-to-date: /home/devin/ros2_ws/RSO2_Study/install/my_robot_interface/local/lib/python3.10/dist-packages/my_robot_interface/my_robot_interface_s__rosidl_typesupport_c.cpython-310-x86_64-linux-gnu.so
[0.364s] -- Up-to-date: /home/devin/ros2_ws/RSO2_Study/install/my_robot_interface/local/lib/python3.10/dist-packages/my_robot_interface/_my_robot_interface_s.ep.rosidl_typesupport_c.c
[0.364s] -- Up-to-date: /home/devin/ros2_ws/RSO2_Study/install/my_robot_interface/local/lib/python3.10/dist-packages/my_robot_interface/__init__.py
[0.391s] Listing '/home/devin/ros2_ws/RSO2_Study/install/my_robot_interface/local/lib/python3.10/dist-packages/my_robot_interface'...
[0.391s] Listing '/home/devin/ros2_ws/RSO2_Study/install/my_robot_interface/local/lib/python3.10/dist-packages/my_robot_interface/action'...
[0.395s] -- Up-to-date: /home/devin/ros2_ws/RSO2_Study/install/my_robot_interface/local/lib/python3.10/dist-packages/my_robot_interface/my_robot_interface_s__rosidl_typesupport_fastrtps_c.cpython-310-x86_64-linux-gnu.so
[0.396s] -- Up-to-date: /home/devin/ros2_ws/RSO2_Study/install/my_robot_interface/local/lib/python3.10/dist-packages/my_robot_interface/my_robot_interface_s__rosidl_typesupport_introspection_c.cpython-310-x86_64-linux-gnu.so
[0.396s] -- Up-to-date: /home/devin/ros2_ws/RSO2_Study/install/my_robot_interface/local/lib/python3.10/dist-packages/my_robot_interface/my_robot_interface_s__rosidl_typesupport_c.cpython-310-x86_64-linux-gnu.so
[0.397s] -- Up-to-date: /home/devin/ros2_ws/RSO2_Study/install/my_robot_interface/lib/libmy_robot_interface__rosidl_generator_py.so
[0.398s] -- Up-to-date: /home/devin/ros2_ws/RSO2_Study/install/my_robot_interface/share/my_robot_interface/action/CountUntil.idl
[0.398s] -- Up-to-date: /home/devin/ros2_ws/RSO2_Study/install/my_robot_interface/share/my_robot_interface/action/CountUntil.action
[0.398s] -- Up-to-date: /home/devin/ros2_ws/RSO2_Study/install/my_robot_interface/share/ament_index/resource_index/package_run_dependencies/my_robot_interface
[0.398s] -- Up-to-date: /home/devin/ros2_ws/RSO2_Study/install/my_robot_interface/share/ament_index/resource_index/parent_prefix_path/my_robot_interface
[0.398s] -- Up-to-date: /home/devin/ros2_ws/RSO2_Study/install/my_robot_interface/share/my_robot_interface/environment/ament_prefix_path.sh
[0.398s] -- Up-to-date: /home/devin/ros2_ws/RSO2_Study/install/my_robot_interface/share/my_robot_interface/environment/ament_prefix_path.dsv
[0.398s] -- Up-to-date: /home/devin/ros2_ws/RSO2_Study/install/my_robot_interface/share/my_robot_interface/environment/path.sh
[0.398s] -- Up-to-date: /home/devin/ros2_ws/RSO2_Study/install/my_robot_interface/share/my_robot_interface/environment/path.dsv
[0.398s] -- Up-to-date: /home/devin/ros2_ws/RSO2_Study/install/my_robot_interface/share/my_robot_interface/local_setup.bash
[0.398s] -- Up-to-date: /home/devin/ros2_ws/RSO2_Study/install/my_robot_interface/share/my_robot_interface/local_setup.sh
[0.398s] -- Up-to-date: /home/devin/ros2_ws/RSO2_Study/install/my_robot_interface/share/my_robot_interface/local_setup.zsh
[0.398s] -- Up-to-date: /home/devin/ros2_ws/RSO2_Study/install/my_robot_interface/share/my_robot_interface/local_setup.dsv
[0.399s] -- Installing: /home/devin/ros2_ws/RSO2_Study/install/my_robot_interface/share/my_robot_interface/package.dsv
[0.399s] -- Up-to-date: /home/devin/ros2_ws/RSO2_Study/install/my_robot_interface/share/ament_index/resource_index/packages/my_robot_interface
[0.399s] -- Up-to-date: /home/devin/ros2_ws/RSO2_Study/install/my_robot_interface/share/my_robot_interface/cmake/export_my_robot_interface__rosidl_generator_cExport.cmake
[0.399s] -- Up-to-date: /home/devin/ros2_ws/RSO2_Study/install/my_robot_interface/share/my_robot_interface/cmake/export_my_robot_interface__rosidl_generator_cExport-noconfig.cmake
[0.399s] -- Up-to-date: /home/devin/ros2_ws/RSO2_Study/install/my_robot_interface/share/my_robot_interface/cmake/export_my_robot_interface__rosidl_typesupport_fastrtps_cExport.cmake
[0.399s] -- Up-to-date: /home/devin/ros2_ws/RSO2_Study/install/my_robot_interface/share/my_robot_interface/cmake/export_my_robot_interface__rosidl_typesupport_fastrtps_cExport-noconfig.cmake
[0.400s] -- Up-to-date: /home/devin/ros2_ws/RSO2_Study/install/my_robot_interface/share/my_robot_interface/cmake/my_robot_interface__rosidl_typesupport_introspection_cExport.cmake
[0.400s] -- Up-to-date: /home/devin/ros2_ws/RSO2_Study/install/my_robot_interface/share/my_robot_interface/cmake/my_robot_interface__rosidl_typesupport_introspection_cExport-noconfig.cmake
[0.400s] -- Up-to-date: /home/devin/ros2_ws/RSO2_Study/install/my_robot_interface/share/my_robot_interface/cmake/my_robot_interface__rosidl_typesupport_cExport.cmake
[0.400s] -- Up-to-date: /home/devin/ros2_ws/RSO2_Study/install/my_robot_interface/share/my_robot_interface/cmake/my_robot_interface__rosidl_typesupport_cExport-noconfig.cmake
[0.401s] -- Up-to-date: /home/devin/ros2_ws/RSO2_Study/install/my_robot_interface/share/my_robot_interface/cmake/export_my_robot_interface__rosidl_generator_cppExport.cmake
[0.401s] -- Up-to-date: /home/devin/ros2_ws/RSO2_Study/install/my_robot_interface/share/my_robot_interface/cmake/export_my_robot_interface__rosidl_typesupport_fastrtps_cppExport.cmake
[0.401s] -- Up-to-date: /home/devin/ros2_ws/RSO2_Study/install/my_robot_interface/share/my_robot_interface/cmake/export_my_robot_interface__rosidl_typesupport_fastrtps_cppExport-noconfig.cmake
[0.402s] -- Up-to-date: /home/devin/ros2_ws/RSO2_Study/install/my_robot_interface/share/my_robot_interface/cmake/my_robot_interface__rosidl_typesupport_introspection_cppExport.cmake
[0.402s] -- Up-to-date: /home/devin/ros2_ws/RSO2_Study/install/my_robot_interface/share/my_robot_interface/cmake/my_robot_interface__rosidl_typesupport_introspection_cppExport-noconfig.cmake
[0.402s] -- Up-to-date: /home/devin/ros2_ws/RSO2_Study/install/my_robot_interface/share/my_robot_interface/cmake/my_robot_interface__rosidl_typesupport_cppExport.cmake
[0.402s] -- Up-to-date: /home/devin/ros2_ws/RSO2_Study/install/my_robot_interface/share/my_robot_interface/cmake/my_robot_interface__rosidl_typesupport_cppExport-noconfig.cmake
[0.402s] -- Up-to-date: /home/devin/ros2_ws/RSO2_Study/install/my_robot_interface/share/my_robot_interface/cmake/export_my_robot_interface__rosidl_generator_pyExport.cmake
[0.402s] -- Up-to-date: /home/devin/ros2_ws/RSO2_Study/install/my_robot_interface/share/my_robot_interface/cmake/export_my_robot_interface__rosidl_generator_pyExport-noconfig.cmake
[0.403s] -- Up-to-date: /home/devin/ros2_ws/RSO2_Study/install/my_robot_interface/share/my_robot_interface/cmake/rosidl_cmake-extras.cmake
[0.403s] -- Up-to-date: /home/devin/ros2_ws/RSO2_Study/install/my_robot_interface/share/my_robot_interface/cmake/ament_cmake_export_dependencies-extras.cmake
[0.403s] -- Up-to-date: /home/devin/ros2_ws/RSO2_Study/install/my_robot_interface/share/my_robot_interface/cmake/ament_cmake_export_include_directories-extras.cmake
[0.403s] -- Up-to-date: /home/devin/ros2_ws/RSO2_Study/install/my_robot_interface/share/my_robot_interface/cmake/ament_cmake_export_libraries-extras.cmake
[0.403s] -- Up-to-date: /home/devin/ros2_ws/RSO2_Study/install/my_robot_interface/share/my_robot_interface/cmake/ament_cmake_export_targets-extras.cmake
[0.403s] -- Up-to-date: /home/devin/ros2_ws/RSO2_Study/install/my_robot_interface/share/my_robot_interface/cmake/rosidl_cmake_export_typesupport_targets-extras.cmake
[0.403s] -- Up-to-date: /home/devin/ros2_ws/RSO2_Study/install/my_robot_interface/share/my_robot_interface/cmake/rosidl_cmake_export_typesupport_libraries-extras.cmake
[0.403s] -- Up-to-date: /home/devin/ros2_ws/RSO2_Study/install/my_robot_interface/share/my_robot_interface/cmake/my_robot_interfaceConfig.cmake
[0.403s] -- Up-to-date: /home/devin/ros2_ws/RSO2_Study/install/my_robot_interface/share/my_robot_interface/cmake/my_robot_interfaceConfig-version.cmake
[0.403s] -- Up-to-date: /home/devin/ros2_ws/RSO2_Study/install/my_robot_interface/share/my_robot_interface/package.xml
[0.406s] Invoked command in '/home/devin/ros2_ws/RSO2_Study/build/my_robot_interface' returned '0': CMAKE_PREFIX_PATH=${CMAKE_PREFIX_PATH}:/home/devin/ros2_ws/RSO2_Study/install/action_py:/home/devin/ros2_ws/install/action_py:/opt/ros/humble /usr/bin/cmake --install /home/devin/ros2_ws/RSO2_Study/build/my_robot_interface
