[0.147s] DEBUG:colcon:Command line arguments: ['/usr/bin/colcon', 'build', '--packages-select', 'learning_interface']
[0.148s] DEBUG:colcon:Parsed command line arguments: Namespace(log_base=None, log_level=None, verb_name='build', build_base='build', install_base='install', merge_install=False, symlink_install=False, test_result_base=None, continue_on_error=False, executor='parallel', parallel_workers=12, event_handlers=None, ignore_user_meta=False, metas=['./colcon.meta'], base_paths=['.'], packages_ignore=None, packages_ignore_regex=None, paths=None, packages_up_to=None, packages_up_to_regex=None, packages_above=None, packages_above_and_dependencies=None, packages_above_depth=None, packages_select_by_dep=None, packages_skip_by_dep=None, packages_skip_up_to=None, packages_select_build_failed=False, packages_skip_build_finished=False, packages_select_test_failures=False, packages_skip_test_passed=False, packages_select=['learning_interface'], packages_skip=None, packages_select_regex=None, packages_skip_regex=None, packages_start=None, packages_end=None, allow_overriding=[], cmake_args=None, cmake_target=None, cmake_target_skip_unavailable=False, cmake_clean_cache=False, cmake_clean_first=False, cmake_force_configure=False, ament_cmake_args=None, catkin_cmake_args=None, catkin_skip_building_tests=False, verb_parser=<colcon_defaults.argument_parser.defaults.DefaultArgumentsDecorator object at 0x78a74f4485b0>, verb_extension=<colcon_core.verb.build.BuildVerb object at 0x78a74f5519f0>, main=<bound method BuildVerb.main of <colcon_core.verb.build.BuildVerb object at 0x78a74f5519f0>>)
[0.434s] Level 1:colcon.colcon_core.package_discovery:discover_packages(colcon_meta) check parameters
[0.434s] Level 1:colcon.colcon_core.package_discovery:discover_packages(recursive) check parameters
[0.434s] Level 1:colcon.colcon_core.package_discovery:discover_packages(ignore) check parameters
[0.434s] Level 1:colcon.colcon_core.package_discovery:discover_packages(path) check parameters
[0.434s] Level 1:colcon.colcon_core.package_discovery:discover_packages(colcon_meta) discover
[0.434s] Level 1:colcon.colcon_core.package_discovery:discover_packages(recursive) discover
[0.435s] INFO:colcon.colcon_core.package_discovery:Crawling recursively for packages in '/home/devin/ros2_ws/RSO2_Study'
[0.435s] Level 1:colcon.colcon_core.package_identification:_identify(.) by extensions ['ignore', 'ignore_ament_install']
[0.435s] Level 1:colcon.colcon_core.package_identification:_identify(.) by extension 'ignore'
[0.435s] Level 1:colcon.colcon_core.package_identification:_identify(.) by extension 'ignore_ament_install'
[0.435s] Level 1:colcon.colcon_core.package_identification:_identify(.) by extensions ['colcon_pkg']
[0.435s] Level 1:colcon.colcon_core.package_identification:_identify(.) by extension 'colcon_pkg'
[0.435s] Level 1:colcon.colcon_core.package_identification:_identify(.) by extensions ['colcon_meta']
[0.435s] Level 1:colcon.colcon_core.package_identification:_identify(.) by extension 'colcon_meta'
[0.435s] Level 1:colcon.colcon_core.package_identification:_identify(.) by extensions ['ros']
[0.435s] Level 1:colcon.colcon_core.package_identification:_identify(.) by extension 'ros'
[0.446s] Level 1:colcon.colcon_core.package_identification:_identify(.) by extensions ['cmake', 'python']
[0.446s] Level 1:colcon.colcon_core.package_identification:_identify(.) by extension 'cmake'
[0.446s] Level 1:colcon.colcon_core.package_identification:_identify(.) by extension 'python'
[0.446s] Level 1:colcon.colcon_core.package_identification:_identify(.) by extensions ['python_setup_py']
[0.446s] Level 1:colcon.colcon_core.package_identification:_identify(.) by extension 'python_setup_py'
[0.446s] Level 1:colcon.colcon_core.package_identification:_identify(build) by extensions ['ignore', 'ignore_ament_install']
[0.446s] Level 1:colcon.colcon_core.package_identification:_identify(build) by extension 'ignore'
[0.446s] Level 1:colcon.colcon_core.package_identification:_identify(build) ignored
[0.447s] Level 1:colcon.colcon_core.package_identification:_identify(install) by extensions ['ignore', 'ignore_ament_install']
[0.447s] Level 1:colcon.colcon_core.package_identification:_identify(install) by extension 'ignore'
[0.447s] Level 1:colcon.colcon_core.package_identification:_identify(install) ignored
[0.447s] Level 1:colcon.colcon_core.package_identification:_identify(log) by extensions ['ignore', 'ignore_ament_install']
[0.447s] Level 1:colcon.colcon_core.package_identification:_identify(log) by extension 'ignore'
[0.447s] Level 1:colcon.colcon_core.package_identification:_identify(log) ignored
[0.447s] Level 1:colcon.colcon_core.package_identification:_identify(src) by extensions ['ignore', 'ignore_ament_install']
[0.447s] Level 1:colcon.colcon_core.package_identification:_identify(src) by extension 'ignore'
[0.447s] Level 1:colcon.colcon_core.package_identification:_identify(src) by extension 'ignore_ament_install'
[0.447s] Level 1:colcon.colcon_core.package_identification:_identify(src) by extensions ['colcon_pkg']
[0.447s] Level 1:colcon.colcon_core.package_identification:_identify(src) by extension 'colcon_pkg'
[0.447s] Level 1:colcon.colcon_core.package_identification:_identify(src) by extensions ['colcon_meta']
[0.447s] Level 1:colcon.colcon_core.package_identification:_identify(src) by extension 'colcon_meta'
[0.447s] Level 1:colcon.colcon_core.package_identification:_identify(src) by extensions ['ros']
[0.447s] Level 1:colcon.colcon_core.package_identification:_identify(src) by extension 'ros'
[0.447s] Level 1:colcon.colcon_core.package_identification:_identify(src) by extensions ['cmake', 'python']
[0.447s] Level 1:colcon.colcon_core.package_identification:_identify(src) by extension 'cmake'
[0.447s] Level 1:colcon.colcon_core.package_identification:_identify(src) by extension 'python'
[0.447s] Level 1:colcon.colcon_core.package_identification:_identify(src) by extensions ['python_setup_py']
[0.447s] Level 1:colcon.colcon_core.package_identification:_identify(src) by extension 'python_setup_py'
[0.447s] Level 1:colcon.colcon_core.package_identification:_identify(src/action_py) by extensions ['ignore', 'ignore_ament_install']
[0.447s] Level 1:colcon.colcon_core.package_identification:_identify(src/action_py) by extension 'ignore'
[0.447s] Level 1:colcon.colcon_core.package_identification:_identify(src/action_py) by extension 'ignore_ament_install'
[0.448s] Level 1:colcon.colcon_core.package_identification:_identify(src/action_py) by extensions ['colcon_pkg']
[0.448s] Level 1:colcon.colcon_core.package_identification:_identify(src/action_py) by extension 'colcon_pkg'
[0.448s] Level 1:colcon.colcon_core.package_identification:_identify(src/action_py) by extensions ['colcon_meta']
[0.448s] Level 1:colcon.colcon_core.package_identification:_identify(src/action_py) by extension 'colcon_meta'
[0.448s] Level 1:colcon.colcon_core.package_identification:_identify(src/action_py) by extensions ['ros']
[0.448s] Level 1:colcon.colcon_core.package_identification:_identify(src/action_py) by extension 'ros'
[0.450s] DEBUG:colcon.colcon_core.package_identification:Package 'src/action_py' with type 'ros.ament_python' and name 'action_py'
[0.450s] Level 1:colcon.colcon_core.package_identification:_identify(src/learning_interface) by extensions ['ignore', 'ignore_ament_install']
[0.451s] Level 1:colcon.colcon_core.package_identification:_identify(src/learning_interface) by extension 'ignore'
[0.451s] Level 1:colcon.colcon_core.package_identification:_identify(src/learning_interface) by extension 'ignore_ament_install'
[0.451s] Level 1:colcon.colcon_core.package_identification:_identify(src/learning_interface) by extensions ['colcon_pkg']
[0.451s] Level 1:colcon.colcon_core.package_identification:_identify(src/learning_interface) by extension 'colcon_pkg'
[0.451s] Level 1:colcon.colcon_core.package_identification:_identify(src/learning_interface) by extensions ['colcon_meta']
[0.451s] Level 1:colcon.colcon_core.package_identification:_identify(src/learning_interface) by extension 'colcon_meta'
[0.451s] Level 1:colcon.colcon_core.package_identification:_identify(src/learning_interface) by extensions ['ros']
[0.451s] Level 1:colcon.colcon_core.package_identification:_identify(src/learning_interface) by extension 'ros'
[0.451s] DEBUG:colcon.colcon_core.package_identification:Package 'src/learning_interface' with type 'ros.ament_cmake' and name 'learning_interface'
[0.451s] Level 1:colcon.colcon_core.package_identification:_identify(src/learning_service) by extensions ['ignore', 'ignore_ament_install']
[0.451s] Level 1:colcon.colcon_core.package_identification:_identify(src/learning_service) by extension 'ignore'
[0.451s] Level 1:colcon.colcon_core.package_identification:_identify(src/learning_service) by extension 'ignore_ament_install'
[0.451s] Level 1:colcon.colcon_core.package_identification:_identify(src/learning_service) by extensions ['colcon_pkg']
[0.451s] Level 1:colcon.colcon_core.package_identification:_identify(src/learning_service) by extension 'colcon_pkg'
[0.451s] Level 1:colcon.colcon_core.package_identification:_identify(src/learning_service) by extensions ['colcon_meta']
[0.451s] Level 1:colcon.colcon_core.package_identification:_identify(src/learning_service) by extension 'colcon_meta'
[0.451s] Level 1:colcon.colcon_core.package_identification:_identify(src/learning_service) by extensions ['ros']
[0.451s] Level 1:colcon.colcon_core.package_identification:_identify(src/learning_service) by extension 'ros'
[0.452s] DEBUG:colcon.colcon_core.package_identification:Package 'src/learning_service' with type 'ros.ament_python' and name 'learning_service'
[0.452s] Level 1:colcon.colcon_core.package_identification:_identify(src/my_robot_interface) by extensions ['ignore', 'ignore_ament_install']
[0.452s] Level 1:colcon.colcon_core.package_identification:_identify(src/my_robot_interface) by extension 'ignore'
[0.452s] Level 1:colcon.colcon_core.package_identification:_identify(src/my_robot_interface) by extension 'ignore_ament_install'
[0.453s] Level 1:colcon.colcon_core.package_identification:_identify(src/my_robot_interface) by extensions ['colcon_pkg']
[0.453s] Level 1:colcon.colcon_core.package_identification:_identify(src/my_robot_interface) by extension 'colcon_pkg'
[0.453s] Level 1:colcon.colcon_core.package_identification:_identify(src/my_robot_interface) by extensions ['colcon_meta']
[0.453s] Level 1:colcon.colcon_core.package_identification:_identify(src/my_robot_interface) by extension 'colcon_meta'
[0.453s] Level 1:colcon.colcon_core.package_identification:_identify(src/my_robot_interface) by extensions ['ros']
[0.453s] Level 1:colcon.colcon_core.package_identification:_identify(src/my_robot_interface) by extension 'ros'
[0.453s] DEBUG:colcon.colcon_core.package_identification:Package 'src/my_robot_interface' with type 'ros.ament_cmake' and name 'my_robot_interface'
[0.453s] Level 1:colcon.colcon_core.package_discovery:discover_packages(recursive) using defaults
[0.453s] Level 1:colcon.colcon_core.package_discovery:discover_packages(ignore) discover
[0.453s] Level 1:colcon.colcon_core.package_discovery:discover_packages(ignore) using defaults
[0.453s] Level 1:colcon.colcon_core.package_discovery:discover_packages(path) discover
[0.453s] Level 1:colcon.colcon_core.package_discovery:discover_packages(path) using defaults
[0.477s] INFO:colcon.colcon_core.package_selection:Skipping not selected package 'my_robot_interface' in 'src/my_robot_interface'
[0.477s] INFO:colcon.colcon_core.package_selection:Skipping not selected package 'action_py' in 'src/action_py'
[0.477s] INFO:colcon.colcon_core.package_selection:Skipping not selected package 'learning_service' in 'src/learning_service'
[0.478s] Level 1:colcon.colcon_core.package_discovery:discover_packages(prefix_path) check parameters
[0.478s] Level 1:colcon.colcon_core.package_discovery:discover_packages(prefix_path) discover
[0.480s] DEBUG:colcon.colcon_installed_package_information.package_discovery:Found 3 installed packages in /home/devin/ros2_ws/RSO2_Study/install
[0.481s] DEBUG:colcon.colcon_installed_package_information.package_discovery:Found 295 installed packages in /opt/ros/humble
[0.490s] Level 1:colcon.colcon_core.package_discovery:discover_packages(prefix_path) using defaults
[0.516s] Level 5:colcon.colcon_core.verb:set package 'learning_interface' build argument 'cmake_args' from command line to 'None'
[0.516s] Level 5:colcon.colcon_core.verb:set package 'learning_interface' build argument 'cmake_target' from command line to 'None'
[0.516s] Level 5:colcon.colcon_core.verb:set package 'learning_interface' build argument 'cmake_target_skip_unavailable' from command line to 'False'
[0.516s] Level 5:colcon.colcon_core.verb:set package 'learning_interface' build argument 'cmake_clean_cache' from command line to 'False'
[0.516s] Level 5:colcon.colcon_core.verb:set package 'learning_interface' build argument 'cmake_clean_first' from command line to 'False'
[0.516s] Level 5:colcon.colcon_core.verb:set package 'learning_interface' build argument 'cmake_force_configure' from command line to 'False'
[0.516s] Level 5:colcon.colcon_core.verb:set package 'learning_interface' build argument 'ament_cmake_args' from command line to 'None'
[0.516s] Level 5:colcon.colcon_core.verb:set package 'learning_interface' build argument 'catkin_cmake_args' from command line to 'None'
[0.516s] Level 5:colcon.colcon_core.verb:set package 'learning_interface' build argument 'catkin_skip_building_tests' from command line to 'False'
[0.516s] DEBUG:colcon.colcon_core.verb:Building package 'learning_interface' with the following arguments: {'ament_cmake_args': None, 'build_base': '/home/devin/ros2_ws/RSO2_Study/build/learning_interface', 'catkin_cmake_args': None, 'catkin_skip_building_tests': False, 'cmake_args': None, 'cmake_clean_cache': False, 'cmake_clean_first': False, 'cmake_force_configure': False, 'cmake_target': None, 'cmake_target_skip_unavailable': False, 'install_base': '/home/devin/ros2_ws/RSO2_Study/install/learning_interface', 'merge_install': False, 'path': '/home/devin/ros2_ws/RSO2_Study/src/learning_interface', 'symlink_install': False, 'test_result_base': None}
[0.516s] INFO:colcon.colcon_core.executor:Executing jobs using 'parallel' executor
[0.517s] DEBUG:colcon.colcon_parallel_executor.executor.parallel:run_until_complete
[0.518s] INFO:colcon.colcon_ros.task.ament_cmake.build:Building ROS package in '/home/devin/ros2_ws/RSO2_Study/src/learning_interface' with build type 'ament_cmake'
[0.518s] INFO:colcon.colcon_cmake.task.cmake.build:Building CMake package in '/home/devin/ros2_ws/RSO2_Study/src/learning_interface'
[0.523s] INFO:colcon.colcon_core.plugin_system:Skipping extension 'colcon_core.shell.bat': Not used on non-Windows systems
[0.523s] INFO:colcon.colcon_core.shell:Skip shell extension 'powershell' for command environment: Not usable outside of PowerShell
[0.523s] DEBUG:colcon.colcon_core.shell:Skip shell extension 'dsv' for command environment
[0.530s] DEBUG:colcon.colcon_core.event_handler.log_command:Invoking command in '/home/devin/ros2_ws/RSO2_Study/build/learning_interface': CMAKE_PREFIX_PATH=${CMAKE_PREFIX_PATH}:/home/devin/ros2_ws/RSO2_Study/install/learning_service:/home/devin/ros2_ws/RSO2_Study/install/action_py:/opt/ros/humble /usr/bin/cmake /home/devin/ros2_ws/RSO2_Study/src/learning_interface -DCMAKE_INSTALL_PREFIX=/home/devin/ros2_ws/RSO2_Study/install/learning_interface
[3.337s] DEBUG:colcon.colcon_core.event_handler.log_command:Invoked command in '/home/devin/ros2_ws/RSO2_Study/build/learning_interface' returned '0': CMAKE_PREFIX_PATH=${CMAKE_PREFIX_PATH}:/home/devin/ros2_ws/RSO2_Study/install/learning_service:/home/devin/ros2_ws/RSO2_Study/install/action_py:/opt/ros/humble /usr/bin/cmake /home/devin/ros2_ws/RSO2_Study/src/learning_interface -DCMAKE_INSTALL_PREFIX=/home/devin/ros2_ws/RSO2_Study/install/learning_interface
[3.339s] DEBUG:colcon.colcon_core.event_handler.log_command:Invoking command in '/home/devin/ros2_ws/RSO2_Study/build/learning_interface': CMAKE_PREFIX_PATH=${CMAKE_PREFIX_PATH}:/home/devin/ros2_ws/RSO2_Study/install/learning_service:/home/devin/ros2_ws/RSO2_Study/install/action_py:/opt/ros/humble /usr/bin/cmake --build /home/devin/ros2_ws/RSO2_Study/build/learning_interface -- -j12 -l12
[7.031s] DEBUG:colcon.colcon_core.event_handler.log_command:Invoked command in '/home/devin/ros2_ws/RSO2_Study/build/learning_interface' returned '0': CMAKE_PREFIX_PATH=${CMAKE_PREFIX_PATH}:/home/devin/ros2_ws/RSO2_Study/install/learning_service:/home/devin/ros2_ws/RSO2_Study/install/action_py:/opt/ros/humble /usr/bin/cmake --build /home/devin/ros2_ws/RSO2_Study/build/learning_interface -- -j12 -l12
[7.040s] DEBUG:colcon.colcon_core.event_handler.log_command:Invoking command in '/home/devin/ros2_ws/RSO2_Study/build/learning_interface': CMAKE_PREFIX_PATH=${CMAKE_PREFIX_PATH}:/home/devin/ros2_ws/RSO2_Study/install/learning_service:/home/devin/ros2_ws/RSO2_Study/install/action_py:/opt/ros/humble /usr/bin/cmake --install /home/devin/ros2_ws/RSO2_Study/build/learning_interface
[7.114s] Level 1:colcon.colcon_core.environment:create_environment_scripts_only(learning_interface)
[7.115s] DEBUG:colcon.colcon_core.event_handler.log_command:Invoked command in '/home/devin/ros2_ws/RSO2_Study/build/learning_interface' returned '0': CMAKE_PREFIX_PATH=${CMAKE_PREFIX_PATH}:/home/devin/ros2_ws/RSO2_Study/install/learning_service:/home/devin/ros2_ws/RSO2_Study/install/action_py:/opt/ros/humble /usr/bin/cmake --install /home/devin/ros2_ws/RSO2_Study/build/learning_interface
[7.120s] Level 1:colcon.colcon_core.environment:checking '/home/devin/ros2_ws/RSO2_Study/install/learning_interface' for CMake module files
[7.120s] Level 1:colcon.colcon_core.environment:checking '/home/devin/ros2_ws/RSO2_Study/install/learning_interface' for CMake config files
[7.121s] Level 1:colcon.colcon_core.shell:create_environment_hook('learning_interface', 'cmake_prefix_path')
[7.121s] INFO:colcon.colcon_core.shell:Creating environment hook '/home/devin/ros2_ws/RSO2_Study/install/learning_interface/share/learning_interface/hook/cmake_prefix_path.ps1'
[7.122s] INFO:colcon.colcon_core.shell:Creating environment descriptor '/home/devin/ros2_ws/RSO2_Study/install/learning_interface/share/learning_interface/hook/cmake_prefix_path.dsv'
[7.122s] INFO:colcon.colcon_core.shell:Creating environment hook '/home/devin/ros2_ws/RSO2_Study/install/learning_interface/share/learning_interface/hook/cmake_prefix_path.sh'
[7.123s] Level 1:colcon.colcon_core.environment:checking '/home/devin/ros2_ws/RSO2_Study/install/learning_interface/lib'
[7.123s] Level 1:colcon.colcon_core.shell:create_environment_hook('learning_interface', 'ld_library_path_lib')
[7.124s] INFO:colcon.colcon_core.shell:Creating environment hook '/home/devin/ros2_ws/RSO2_Study/install/learning_interface/share/learning_interface/hook/ld_library_path_lib.ps1'
[7.124s] INFO:colcon.colcon_core.shell:Creating environment descriptor '/home/devin/ros2_ws/RSO2_Study/install/learning_interface/share/learning_interface/hook/ld_library_path_lib.dsv'
[7.124s] INFO:colcon.colcon_core.shell:Creating environment hook '/home/devin/ros2_ws/RSO2_Study/install/learning_interface/share/learning_interface/hook/ld_library_path_lib.sh'
[7.124s] Level 1:colcon.colcon_core.environment:checking '/home/devin/ros2_ws/RSO2_Study/install/learning_interface/bin'
[7.124s] Level 1:colcon.colcon_core.environment:checking '/home/devin/ros2_ws/RSO2_Study/install/learning_interface/lib/pkgconfig/learning_interface.pc'
[7.125s] Level 1:colcon.colcon_core.environment:checking '/home/devin/ros2_ws/RSO2_Study/install/learning_interface/lib/python3.10/site-packages'
[7.125s] Level 1:colcon.colcon_core.environment:checking '/home/devin/ros2_ws/RSO2_Study/install/learning_interface/bin'
[7.125s] INFO:colcon.colcon_core.shell:Creating package script '/home/devin/ros2_ws/RSO2_Study/install/learning_interface/share/learning_interface/package.ps1'
[7.126s] INFO:colcon.colcon_core.shell:Creating package descriptor '/home/devin/ros2_ws/RSO2_Study/install/learning_interface/share/learning_interface/package.dsv'
[7.126s] INFO:colcon.colcon_core.shell:Creating package script '/home/devin/ros2_ws/RSO2_Study/install/learning_interface/share/learning_interface/package.sh'
[7.127s] INFO:colcon.colcon_core.shell:Creating package script '/home/devin/ros2_ws/RSO2_Study/install/learning_interface/share/learning_interface/package.bash'
[7.128s] INFO:colcon.colcon_core.shell:Creating package script '/home/devin/ros2_ws/RSO2_Study/install/learning_interface/share/learning_interface/package.zsh'
[7.128s] Level 1:colcon.colcon_core.environment:create_file_with_runtime_dependencies(/home/devin/ros2_ws/RSO2_Study/install/learning_interface/share/colcon-core/packages/learning_interface)
[7.129s] Level 1:colcon.colcon_core.environment:create_environment_scripts_only(learning_interface)
[7.129s] Level 1:colcon.colcon_core.environment:checking '/home/devin/ros2_ws/RSO2_Study/install/learning_interface' for CMake module files
[7.130s] Level 1:colcon.colcon_core.environment:checking '/home/devin/ros2_ws/RSO2_Study/install/learning_interface' for CMake config files
[7.130s] Level 1:colcon.colcon_core.shell:create_environment_hook('learning_interface', 'cmake_prefix_path')
[7.131s] INFO:colcon.colcon_core.shell:Creating environment hook '/home/devin/ros2_ws/RSO2_Study/install/learning_interface/share/learning_interface/hook/cmake_prefix_path.ps1'
[7.131s] INFO:colcon.colcon_core.shell:Creating environment descriptor '/home/devin/ros2_ws/RSO2_Study/install/learning_interface/share/learning_interface/hook/cmake_prefix_path.dsv'
[7.131s] INFO:colcon.colcon_core.shell:Creating environment hook '/home/devin/ros2_ws/RSO2_Study/install/learning_interface/share/learning_interface/hook/cmake_prefix_path.sh'
[7.132s] Level 1:colcon.colcon_core.environment:checking '/home/devin/ros2_ws/RSO2_Study/install/learning_interface/lib'
[7.132s] Level 1:colcon.colcon_core.shell:create_environment_hook('learning_interface', 'ld_library_path_lib')
[7.132s] INFO:colcon.colcon_core.shell:Creating environment hook '/home/devin/ros2_ws/RSO2_Study/install/learning_interface/share/learning_interface/hook/ld_library_path_lib.ps1'
[7.132s] INFO:colcon.colcon_core.shell:Creating environment descriptor '/home/devin/ros2_ws/RSO2_Study/install/learning_interface/share/learning_interface/hook/ld_library_path_lib.dsv'
[7.132s] INFO:colcon.colcon_core.shell:Creating environment hook '/home/devin/ros2_ws/RSO2_Study/install/learning_interface/share/learning_interface/hook/ld_library_path_lib.sh'
[7.133s] Level 1:colcon.colcon_core.environment:checking '/home/devin/ros2_ws/RSO2_Study/install/learning_interface/bin'
[7.133s] Level 1:colcon.colcon_core.environment:checking '/home/devin/ros2_ws/RSO2_Study/install/learning_interface/lib/pkgconfig/learning_interface.pc'
[7.133s] Level 1:colcon.colcon_core.environment:checking '/home/devin/ros2_ws/RSO2_Study/install/learning_interface/lib/python3.10/site-packages'
[7.133s] Level 1:colcon.colcon_core.environment:checking '/home/devin/ros2_ws/RSO2_Study/install/learning_interface/bin'
[7.133s] INFO:colcon.colcon_core.shell:Creating package script '/home/devin/ros2_ws/RSO2_Study/install/learning_interface/share/learning_interface/package.ps1'
[7.134s] INFO:colcon.colcon_core.shell:Creating package descriptor '/home/devin/ros2_ws/RSO2_Study/install/learning_interface/share/learning_interface/package.dsv'
[7.134s] INFO:colcon.colcon_core.shell:Creating package script '/home/devin/ros2_ws/RSO2_Study/install/learning_interface/share/learning_interface/package.sh'
[7.134s] INFO:colcon.colcon_core.shell:Creating package script '/home/devin/ros2_ws/RSO2_Study/install/learning_interface/share/learning_interface/package.bash'
[7.134s] INFO:colcon.colcon_core.shell:Creating package script '/home/devin/ros2_ws/RSO2_Study/install/learning_interface/share/learning_interface/package.zsh'
[7.135s] Level 1:colcon.colcon_core.environment:create_file_with_runtime_dependencies(/home/devin/ros2_ws/RSO2_Study/install/learning_interface/share/colcon-core/packages/learning_interface)
[7.135s] DEBUG:colcon.colcon_parallel_executor.executor.parallel:closing loop
[7.135s] DEBUG:colcon.colcon_parallel_executor.executor.parallel:loop closed
[7.136s] DEBUG:colcon.colcon_parallel_executor.executor.parallel:run_until_complete finished with '0'
[7.136s] DEBUG:colcon.colcon_core.event_reactor:joining thread
[7.176s] INFO:colcon.colcon_core.plugin_system:Skipping extension 'colcon_notification.desktop_notification.notify_send': Could not find 'notify-send'
[7.176s] INFO:colcon.colcon_core.plugin_system:Skipping extension 'colcon_notification.desktop_notification.terminal_notifier': Not used on non-Darwin systems
[7.176s] INFO:colcon.colcon_core.plugin_system:Skipping extension 'colcon_notification.desktop_notification.win32': Not used on non-Windows systems
[7.176s] INFO:colcon.colcon_notification.desktop_notification:Sending desktop notification using 'notify2'
[7.179s] DEBUG:colcon.colcon_notification.desktop_notification.notify2:Failed to initialize notify2: org.freedesktop.DBus.Error.ServiceUnknown: The name org.freedesktop.Notifications was not provided by any .service files
[7.179s] DEBUG:colcon.colcon_core.event_reactor:joined thread
[7.179s] INFO:colcon.colcon_core.shell:Creating prefix script '/home/devin/ros2_ws/RSO2_Study/install/local_setup.ps1'
[7.180s] INFO:colcon.colcon_core.shell:Creating prefix util module '/home/devin/ros2_ws/RSO2_Study/install/_local_setup_util_ps1.py'
[7.182s] INFO:colcon.colcon_core.shell:Creating prefix chain script '/home/devin/ros2_ws/RSO2_Study/install/setup.ps1'
[7.183s] INFO:colcon.colcon_core.shell:Creating prefix script '/home/devin/ros2_ws/RSO2_Study/install/local_setup.sh'
[7.183s] INFO:colcon.colcon_core.shell:Creating prefix util module '/home/devin/ros2_ws/RSO2_Study/install/_local_setup_util_sh.py'
[7.184s] INFO:colcon.colcon_core.shell:Creating prefix chain script '/home/devin/ros2_ws/RSO2_Study/install/setup.sh'
[7.184s] INFO:colcon.colcon_core.shell:Creating prefix script '/home/devin/ros2_ws/RSO2_Study/install/local_setup.bash'
[7.185s] INFO:colcon.colcon_core.shell:Creating prefix chain script '/home/devin/ros2_ws/RSO2_Study/install/setup.bash'
[7.186s] INFO:colcon.colcon_core.shell:Creating prefix script '/home/devin/ros2_ws/RSO2_Study/install/local_setup.zsh'
[7.187s] INFO:colcon.colcon_core.shell:Creating prefix chain script '/home/devin/ros2_ws/RSO2_Study/install/setup.zsh'
