[0.010s] Invoking command in '/home/devin/ros2_ws/RSO2_Study/build/my_robot_interface': CMAKE_PREFIX_PATH=${CMAKE_PREFIX_PATH}:/home/devin/ros2_ws/RSO2_Study/install/action_py:/home/devin/ros2_ws/install/action_py:/opt/ros/humble /usr/bin/cmake --build /home/devin/ros2_ws/RSO2_Study/build/my_robot_interface -- -j12 -l12
[0.045s] [35m[1mConsolidate compiler generated dependencies of target my_robot_interface__rosidl_generator_c[0m
[0.053s] [  3%] Built target my_robot_interface__cpp
[0.055s] [ 12%] Built target my_robot_interface__rosidl_generator_c
[0.065s] [35m[1mConsolidate compiler generated dependencies of target my_robot_interface__rosidl_typesupport_cpp[0m
[0.065s] [35m[1mConsolidate compiler generated dependencies of target my_robot_interface__rosidl_typesupport_introspection_c[0m
[0.065s] [35m[1mConsolidate compiler generated dependencies of target my_robot_interface__rosidl_typesupport_fastrtps_c[0m
[0.065s] [ 12%] Built target ament_cmake_python_copy_my_robot_interface
[0.065s] [35m[1mConsolidate compiler generated dependencies of target my_robot_interface__rosidl_typesupport_c[0m
[0.065s] [35m[1mConsolidate compiler generated dependencies of target my_robot_interface__rosidl_typesupport_introspection_cpp[0m
[0.065s] [35m[1mConsolidate compiler generated dependencies of target my_robot_interface__rosidl_typesupport_fastrtps_cpp[0m
[0.077s] [ 22%] Built target my_robot_interface__rosidl_typesupport_fastrtps_c
[0.078s] [ 41%] Built target my_robot_interface__rosidl_typesupport_c
[0.078s] [ 41%] Built target my_robot_interface__rosidl_typesupport_introspection_c
[0.080s] [ 51%] Built target my_robot_interface__rosidl_typesupport_cpp
[0.080s] [ 61%] Built target my_robot_interface__rosidl_typesupport_fastrtps_cpp
[0.080s] [ 70%] Built target my_robot_interface__rosidl_typesupport_introspection_cpp
[0.099s] [ 70%] Built target my_robot_interface
[0.118s] [ 74%] Built target my_robot_interface__py
[0.127s] [35m[1mConsolidate compiler generated dependencies of target my_robot_interface__rosidl_generator_py[0m
[0.137s] [ 80%] Built target my_robot_interface__rosidl_generator_py
[0.146s] [35m[1mConsolidate compiler generated dependencies of target my_robot_interface__rosidl_typesupport_fastrtps_c__pyext[0m
[0.146s] [35m[1mConsolidate compiler generated dependencies of target my_robot_interface__rosidl_typesupport_introspection_c__pyext[0m
[0.146s] [35m[1mConsolidate compiler generated dependencies of target my_robot_interface__rosidl_typesupport_c__pyext[0m
[0.158s] [ 93%] Built target my_robot_interface__rosidl_typesupport_c__pyext
[0.158s] [ 93%] Built target my_robot_interface__rosidl_typesupport_introspection_c__pyext
[0.158s] [100%] Built target my_robot_interface__rosidl_typesupport_fastrtps_c__pyext
[0.244s] running egg_info
[0.245s] writing my_robot_interface.egg-info/PKG-INFO
[0.245s] writing dependency_links to my_robot_interface.egg-info/dependency_links.txt
[0.245s] writing top-level names to my_robot_interface.egg-info/top_level.txt
[0.247s] reading manifest file 'my_robot_interface.egg-info/SOURCES.txt'
[0.247s] writing manifest file 'my_robot_interface.egg-info/SOURCES.txt'
[0.268s] [100%] Built target ament_cmake_python_build_my_robot_interface_egg
[0.278s] Invoked command in '/home/devin/ros2_ws/RSO2_Study/build/my_robot_interface' returned '0': CMAKE_PREFIX_PATH=${CMAKE_PREFIX_PATH}:/home/devin/ros2_ws/RSO2_Study/install/action_py:/home/devin/ros2_ws/install/action_py:/opt/ros/humble /usr/bin/cmake --build /home/devin/ros2_ws/RSO2_Study/build/my_robot_interface -- -j12 -l12
[0.286s] Invoking command in '/home/devin/ros2_ws/RSO2_Study/build/my_robot_interface': CMAKE_PREFIX_PATH=${CMAKE_PREFIX_PATH}:/home/devin/ros2_ws/RSO2_Study/install/action_py:/home/devin/ros2_ws/install/action_py:/opt/ros/humble /usr/bin/cmake --install /home/devin/ros2_ws/RSO2_Study/build/my_robot_interface
[0.292s] -- Install configuration: ""
[0.292s] -- Up-to-date: /home/devin/ros2_ws/RSO2_Study/install/my_robot_interface/share/ament_index/resource_index/rosidl_interfaces/my_robot_interface
[0.292s] -- Up-to-date: /home/devin/ros2_ws/RSO2_Study/install/my_robot_interface/include/my_robot_interface/my_robot_interface
[0.292s] -- Up-to-date: /home/devin/ros2_ws/RSO2_Study/install/my_robot_interface/include/my_robot_interface/my_robot_interface/msg
[0.292s] -- Up-to-date: /home/devin/ros2_ws/RSO2_Study/install/my_robot_interface/include/my_robot_interface/my_robot_interface/msg/rosidl_generator_c__visibility_control.h
[0.292s] -- Up-to-date: /home/devin/ros2_ws/RSO2_Study/install/my_robot_interface/include/my_robot_interface/my_robot_interface/action
[0.293s] -- Up-to-date: /home/devin/ros2_ws/RSO2_Study/install/my_robot_interface/include/my_robot_interface/my_robot_interface/action/count_until.h
[0.293s] -- Up-to-date: /home/devin/ros2_ws/RSO2_Study/install/my_robot_interface/include/my_robot_interface/my_robot_interface/action/detail
[0.293s] -- Up-to-date: /home/devin/ros2_ws/RSO2_Study/install/my_robot_interface/include/my_robot_interface/my_robot_interface/action/detail/count_until__functions.h
[0.293s] -- Up-to-date: /home/devin/ros2_ws/RSO2_Study/install/my_robot_interface/include/my_robot_interface/my_robot_interface/action/detail/count_until__struct.h
[0.293s] -- Up-to-date: /home/devin/ros2_ws/RSO2_Study/install/my_robot_interface/include/my_robot_interface/my_robot_interface/action/detail/count_until__functions.c
[0.293s] -- Up-to-date: /home/devin/ros2_ws/RSO2_Study/install/my_robot_interface/include/my_robot_interface/my_robot_interface/action/detail/count_until__type_support.h
[0.293s] -- Up-to-date: /home/devin/ros2_ws/RSO2_Study/install/my_robot_interface/share/my_robot_interface/environment/library_path.sh
[0.293s] -- Up-to-date: /home/devin/ros2_ws/RSO2_Study/install/my_robot_interface/share/my_robot_interface/environment/library_path.dsv
[0.293s] -- Up-to-date: /home/devin/ros2_ws/RSO2_Study/install/my_robot_interface/lib/libmy_robot_interface__rosidl_generator_c.so
[0.294s] -- Up-to-date: /home/devin/ros2_ws/RSO2_Study/install/my_robot_interface/include/my_robot_interface/my_robot_interface
[0.294s] -- Up-to-date: /home/devin/ros2_ws/RSO2_Study/install/my_robot_interface/include/my_robot_interface/my_robot_interface/msg
[0.294s] -- Up-to-date: /home/devin/ros2_ws/RSO2_Study/install/my_robot_interface/include/my_robot_interface/my_robot_interface/msg/rosidl_typesupport_fastrtps_c__visibility_control.h
[0.294s] -- Up-to-date: /home/devin/ros2_ws/RSO2_Study/install/my_robot_interface/include/my_robot_interface/my_robot_interface/action
[0.294s] -- Up-to-date: /home/devin/ros2_ws/RSO2_Study/install/my_robot_interface/include/my_robot_interface/my_robot_interface/action/detail
[0.294s] -- Up-to-date: /home/devin/ros2_ws/RSO2_Study/install/my_robot_interface/include/my_robot_interface/my_robot_interface/action/detail/count_until__rosidl_typesupport_fastrtps_c.h
[0.295s] -- Up-to-date: /home/devin/ros2_ws/RSO2_Study/install/my_robot_interface/lib/libmy_robot_interface__rosidl_typesupport_fastrtps_c.so
[0.295s] -- Up-to-date: /home/devin/ros2_ws/RSO2_Study/install/my_robot_interface/include/my_robot_interface/my_robot_interface
[0.295s] -- Up-to-date: /home/devin/ros2_ws/RSO2_Study/install/my_robot_interface/include/my_robot_interface/my_robot_interface/msg
[0.295s] -- Up-to-date: /home/devin/ros2_ws/RSO2_Study/install/my_robot_interface/include/my_robot_interface/my_robot_interface/msg/rosidl_typesupport_introspection_c__visibility_control.h
[0.295s] -- Up-to-date: /home/devin/ros2_ws/RSO2_Study/install/my_robot_interface/include/my_robot_interface/my_robot_interface/action
[0.295s] -- Up-to-date: /home/devin/ros2_ws/RSO2_Study/install/my_robot_interface/include/my_robot_interface/my_robot_interface/action/detail
[0.295s] -- Up-to-date: /home/devin/ros2_ws/RSO2_Study/install/my_robot_interface/include/my_robot_interface/my_robot_interface/action/detail/count_until__type_support.c
[0.295s] -- Up-to-date: /home/devin/ros2_ws/RSO2_Study/install/my_robot_interface/include/my_robot_interface/my_robot_interface/action/detail/count_until__rosidl_typesupport_introspection_c.h
[0.295s] -- Up-to-date: /home/devin/ros2_ws/RSO2_Study/install/my_robot_interface/lib/libmy_robot_interface__rosidl_typesupport_introspection_c.so
[0.296s] -- Up-to-date: /home/devin/ros2_ws/RSO2_Study/install/my_robot_interface/lib/libmy_robot_interface__rosidl_typesupport_c.so
[0.296s] -- Up-to-date: /home/devin/ros2_ws/RSO2_Study/install/my_robot_interface/include/my_robot_interface/my_robot_interface
[0.296s] -- Up-to-date: /home/devin/ros2_ws/RSO2_Study/install/my_robot_interface/include/my_robot_interface/my_robot_interface/msg
[0.296s] -- Up-to-date: /home/devin/ros2_ws/RSO2_Study/install/my_robot_interface/include/my_robot_interface/my_robot_interface/msg/rosidl_generator_cpp__visibility_control.hpp
[0.296s] -- Up-to-date: /home/devin/ros2_ws/RSO2_Study/install/my_robot_interface/include/my_robot_interface/my_robot_interface/action
[0.296s] -- Up-to-date: /home/devin/ros2_ws/RSO2_Study/install/my_robot_interface/include/my_robot_interface/my_robot_interface/action/count_until.hpp
[0.296s] -- Up-to-date: /home/devin/ros2_ws/RSO2_Study/install/my_robot_interface/include/my_robot_interface/my_robot_interface/action/detail
[0.296s] -- Up-to-date: /home/devin/ros2_ws/RSO2_Study/install/my_robot_interface/include/my_robot_interface/my_robot_interface/action/detail/count_until__traits.hpp
[0.296s] -- Up-to-date: /home/devin/ros2_ws/RSO2_Study/install/my_robot_interface/include/my_robot_interface/my_robot_interface/action/detail/count_until__type_support.hpp
[0.297s] -- Up-to-date: /home/devin/ros2_ws/RSO2_Study/install/my_robot_interface/include/my_robot_interface/my_robot_interface/action/detail/count_until__builder.hpp
[0.297s] -- Up-to-date: /home/devin/ros2_ws/RSO2_Study/install/my_robot_interface/include/my_robot_interface/my_robot_interface/action/detail/count_until__struct.hpp
[0.297s] -- Up-to-date: /home/devin/ros2_ws/RSO2_Study/install/my_robot_interface/include/my_robot_interface/my_robot_interface
[0.297s] -- Up-to-date: /home/devin/ros2_ws/RSO2_Study/install/my_robot_interface/include/my_robot_interface/my_robot_interface/msg
[0.297s] -- Up-to-date: /home/devin/ros2_ws/RSO2_Study/install/my_robot_interface/include/my_robot_interface/my_robot_interface/msg/rosidl_typesupport_fastrtps_cpp__visibility_control.h
[0.297s] -- Up-to-date: /home/devin/ros2_ws/RSO2_Study/install/my_robot_interface/include/my_robot_interface/my_robot_interface/action
[0.297s] -- Up-to-date: /home/devin/ros2_ws/RSO2_Study/install/my_robot_interface/include/my_robot_interface/my_robot_interface/action/detail
[0.297s] -- Up-to-date: /home/devin/ros2_ws/RSO2_Study/install/my_robot_interface/include/my_robot_interface/my_robot_interface/action/detail/dds_fastrtps
[0.297s] -- Up-to-date: /home/devin/ros2_ws/RSO2_Study/install/my_robot_interface/include/my_robot_interface/my_robot_interface/action/detail/count_until__rosidl_typesupport_fastrtps_cpp.hpp
[0.297s] -- Up-to-date: /home/devin/ros2_ws/RSO2_Study/install/my_robot_interface/lib/libmy_robot_interface__rosidl_typesupport_fastrtps_cpp.so
[0.297s] -- Up-to-date: /home/devin/ros2_ws/RSO2_Study/install/my_robot_interface/include/my_robot_interface/my_robot_interface
[0.297s] -- Up-to-date: /home/devin/ros2_ws/RSO2_Study/install/my_robot_interface/include/my_robot_interface/my_robot_interface/action
[0.297s] -- Up-to-date: /home/devin/ros2_ws/RSO2_Study/install/my_robot_interface/include/my_robot_interface/my_robot_interface/action/detail
[0.297s] -- Up-to-date: /home/devin/ros2_ws/RSO2_Study/install/my_robot_interface/include/my_robot_interface/my_robot_interface/action/detail/count_until__rosidl_typesupport_introspection_cpp.hpp
[0.297s] -- Up-to-date: /home/devin/ros2_ws/RSO2_Study/install/my_robot_interface/include/my_robot_interface/my_robot_interface/action/detail/count_until__type_support.cpp
[0.297s] -- Up-to-date: /home/devin/ros2_ws/RSO2_Study/install/my_robot_interface/lib/libmy_robot_interface__rosidl_typesupport_introspection_cpp.so
[0.297s] -- Up-to-date: /home/devin/ros2_ws/RSO2_Study/install/my_robot_interface/lib/libmy_robot_interface__rosidl_typesupport_cpp.so
[0.297s] -- Up-to-date: /home/devin/ros2_ws/RSO2_Study/install/my_robot_interface/share/my_robot_interface/environment/pythonpath.sh
[0.297s] -- Up-to-date: /home/devin/ros2_ws/RSO2_Study/install/my_robot_interface/share/my_robot_interface/environment/pythonpath.dsv
[0.297s] -- Up-to-date: /home/devin/ros2_ws/RSO2_Study/install/my_robot_interface/local/lib/python3.10/dist-packages/my_robot_interface-0.0.0-py3.10.egg-info
[0.297s] -- Installing: /home/devin/ros2_ws/RSO2_Study/install/my_robot_interface/local/lib/python3.10/dist-packages/my_robot_interface-0.0.0-py3.10.egg-info/SOURCES.txt
[0.298s] -- Installing: /home/devin/ros2_ws/RSO2_Study/install/my_robot_interface/local/lib/python3.10/dist-packages/my_robot_interface-0.0.0-py3.10.egg-info/PKG-INFO
[0.298s] -- Installing: /home/devin/ros2_ws/RSO2_Study/install/my_robot_interface/local/lib/python3.10/dist-packages/my_robot_interface-0.0.0-py3.10.egg-info/top_level.txt
[0.298s] -- Installing: /home/devin/ros2_ws/RSO2_Study/install/my_robot_interface/local/lib/python3.10/dist-packages/my_robot_interface-0.0.0-py3.10.egg-info/dependency_links.txt
[0.298s] -- Up-to-date: /home/devin/ros2_ws/RSO2_Study/install/my_robot_interface/local/lib/python3.10/dist-packages/my_robot_interface
[0.298s] -- Up-to-date: /home/devin/ros2_ws/RSO2_Study/install/my_robot_interface/local/lib/python3.10/dist-packages/my_robot_interface/libmy_robot_interface__rosidl_generator_py.so
[0.298s] -- Up-to-date: /home/devin/ros2_ws/RSO2_Study/install/my_robot_interface/local/lib/python3.10/dist-packages/my_robot_interface/my_robot_interface_s__rosidl_typesupport_introspection_c.cpython-310-x86_64-linux-gnu.so
[0.298s] -- Up-to-date: /home/devin/ros2_ws/RSO2_Study/install/my_robot_interface/local/lib/python3.10/dist-packages/my_robot_interface/my_robot_interface_s__rosidl_typesupport_fastrtps_c.cpython-310-x86_64-linux-gnu.so
[0.298s] -- Up-to-date: /home/devin/ros2_ws/RSO2_Study/install/my_robot_interface/local/lib/python3.10/dist-packages/my_robot_interface/_my_robot_interface_s.ep.rosidl_typesupport_fastrtps_c.c
[0.298s] -- Up-to-date: /home/devin/ros2_ws/RSO2_Study/install/my_robot_interface/local/lib/python3.10/dist-packages/my_robot_interface/action
[0.298s] -- Up-to-date: /home/devin/ros2_ws/RSO2_Study/install/my_robot_interface/local/lib/python3.10/dist-packages/my_robot_interface/action/_count_until_s.c
[0.298s] -- Up-to-date: /home/devin/ros2_ws/RSO2_Study/install/my_robot_interface/local/lib/python3.10/dist-packages/my_robot_interface/action/_count_until.py
[0.298s] -- Up-to-date: /home/devin/ros2_ws/RSO2_Study/install/my_robot_interface/local/lib/python3.10/dist-packages/my_robot_interface/action/__init__.py
[0.298s] -- Up-to-date: /home/devin/ros2_ws/RSO2_Study/install/my_robot_interface/local/lib/python3.10/dist-packages/my_robot_interface/_my_robot_interface_s.ep.rosidl_typesupport_introspection_c.c
[0.298s] -- Up-to-date: /home/devin/ros2_ws/RSO2_Study/install/my_robot_interface/local/lib/python3.10/dist-packages/my_robot_interface/my_robot_interface_s__rosidl_typesupport_c.cpython-310-x86_64-linux-gnu.so
[0.298s] -- Up-to-date: /home/devin/ros2_ws/RSO2_Study/install/my_robot_interface/local/lib/python3.10/dist-packages/my_robot_interface/_my_robot_interface_s.ep.rosidl_typesupport_c.c
[0.298s] -- Up-to-date: /home/devin/ros2_ws/RSO2_Study/install/my_robot_interface/local/lib/python3.10/dist-packages/my_robot_interface/__init__.py
[0.319s] Listing '/home/devin/ros2_ws/RSO2_Study/install/my_robot_interface/local/lib/python3.10/dist-packages/my_robot_interface'...
[0.319s] Listing '/home/devin/ros2_ws/RSO2_Study/install/my_robot_interface/local/lib/python3.10/dist-packages/my_robot_interface/action'...
[0.323s] -- Up-to-date: /home/devin/ros2_ws/RSO2_Study/install/my_robot_interface/local/lib/python3.10/dist-packages/my_robot_interface/my_robot_interface_s__rosidl_typesupport_fastrtps_c.cpython-310-x86_64-linux-gnu.so
[0.323s] -- Up-to-date: /home/devin/ros2_ws/RSO2_Study/install/my_robot_interface/local/lib/python3.10/dist-packages/my_robot_interface/my_robot_interface_s__rosidl_typesupport_introspection_c.cpython-310-x86_64-linux-gnu.so
[0.323s] -- Up-to-date: /home/devin/ros2_ws/RSO2_Study/install/my_robot_interface/local/lib/python3.10/dist-packages/my_robot_interface/my_robot_interface_s__rosidl_typesupport_c.cpython-310-x86_64-linux-gnu.so
[0.323s] -- Up-to-date: /home/devin/ros2_ws/RSO2_Study/install/my_robot_interface/lib/libmy_robot_interface__rosidl_generator_py.so
[0.323s] -- Up-to-date: /home/devin/ros2_ws/RSO2_Study/install/my_robot_interface/share/my_robot_interface/action/CountUntil.idl
[0.324s] -- Up-to-date: /home/devin/ros2_ws/RSO2_Study/install/my_robot_interface/share/my_robot_interface/action/CountUntil.action
[0.324s] -- Up-to-date: /home/devin/ros2_ws/RSO2_Study/install/my_robot_interface/share/ament_index/resource_index/package_run_dependencies/my_robot_interface
[0.324s] -- Up-to-date: /home/devin/ros2_ws/RSO2_Study/install/my_robot_interface/share/ament_index/resource_index/parent_prefix_path/my_robot_interface
[0.324s] -- Up-to-date: /home/devin/ros2_ws/RSO2_Study/install/my_robot_interface/share/my_robot_interface/environment/ament_prefix_path.sh
[0.324s] -- Up-to-date: /home/devin/ros2_ws/RSO2_Study/install/my_robot_interface/share/my_robot_interface/environment/ament_prefix_path.dsv
[0.324s] -- Up-to-date: /home/devin/ros2_ws/RSO2_Study/install/my_robot_interface/share/my_robot_interface/environment/path.sh
[0.324s] -- Up-to-date: /home/devin/ros2_ws/RSO2_Study/install/my_robot_interface/share/my_robot_interface/environment/path.dsv
[0.324s] -- Up-to-date: /home/devin/ros2_ws/RSO2_Study/install/my_robot_interface/share/my_robot_interface/local_setup.bash
[0.324s] -- Up-to-date: /home/devin/ros2_ws/RSO2_Study/install/my_robot_interface/share/my_robot_interface/local_setup.sh
[0.325s] -- Up-to-date: /home/devin/ros2_ws/RSO2_Study/install/my_robot_interface/share/my_robot_interface/local_setup.zsh
[0.325s] -- Up-to-date: /home/devin/ros2_ws/RSO2_Study/install/my_robot_interface/share/my_robot_interface/local_setup.dsv
[0.325s] -- Installing: /home/devin/ros2_ws/RSO2_Study/install/my_robot_interface/share/my_robot_interface/package.dsv
[0.325s] -- Up-to-date: /home/devin/ros2_ws/RSO2_Study/install/my_robot_interface/share/ament_index/resource_index/packages/my_robot_interface
[0.325s] -- Up-to-date: /home/devin/ros2_ws/RSO2_Study/install/my_robot_interface/share/my_robot_interface/cmake/export_my_robot_interface__rosidl_generator_cExport.cmake
[0.325s] -- Up-to-date: /home/devin/ros2_ws/RSO2_Study/install/my_robot_interface/share/my_robot_interface/cmake/export_my_robot_interface__rosidl_generator_cExport-noconfig.cmake
[0.325s] -- Up-to-date: /home/devin/ros2_ws/RSO2_Study/install/my_robot_interface/share/my_robot_interface/cmake/export_my_robot_interface__rosidl_typesupport_fastrtps_cExport.cmake
[0.326s] -- Up-to-date: /home/devin/ros2_ws/RSO2_Study/install/my_robot_interface/share/my_robot_interface/cmake/export_my_robot_interface__rosidl_typesupport_fastrtps_cExport-noconfig.cmake
[0.326s] -- Up-to-date: /home/devin/ros2_ws/RSO2_Study/install/my_robot_interface/share/my_robot_interface/cmake/my_robot_interface__rosidl_typesupport_introspection_cExport.cmake
[0.326s] -- Up-to-date: /home/devin/ros2_ws/RSO2_Study/install/my_robot_interface/share/my_robot_interface/cmake/my_robot_interface__rosidl_typesupport_introspection_cExport-noconfig.cmake
[0.326s] -- Up-to-date: /home/devin/ros2_ws/RSO2_Study/install/my_robot_interface/share/my_robot_interface/cmake/my_robot_interface__rosidl_typesupport_cExport.cmake
[0.326s] -- Up-to-date: /home/devin/ros2_ws/RSO2_Study/install/my_robot_interface/share/my_robot_interface/cmake/my_robot_interface__rosidl_typesupport_cExport-noconfig.cmake
[0.326s] -- Up-to-date: /home/devin/ros2_ws/RSO2_Study/install/my_robot_interface/share/my_robot_interface/cmake/export_my_robot_interface__rosidl_generator_cppExport.cmake
[0.326s] -- Up-to-date: /home/devin/ros2_ws/RSO2_Study/install/my_robot_interface/share/my_robot_interface/cmake/export_my_robot_interface__rosidl_typesupport_fastrtps_cppExport.cmake
[0.326s] -- Up-to-date: /home/devin/ros2_ws/RSO2_Study/install/my_robot_interface/share/my_robot_interface/cmake/export_my_robot_interface__rosidl_typesupport_fastrtps_cppExport-noconfig.cmake
[0.326s] -- Up-to-date: /home/devin/ros2_ws/RSO2_Study/install/my_robot_interface/share/my_robot_interface/cmake/my_robot_interface__rosidl_typesupport_introspection_cppExport.cmake
[0.326s] -- Up-to-date: /home/devin/ros2_ws/RSO2_Study/install/my_robot_interface/share/my_robot_interface/cmake/my_robot_interface__rosidl_typesupport_introspection_cppExport-noconfig.cmake
[0.326s] -- Up-to-date: /home/devin/ros2_ws/RSO2_Study/install/my_robot_interface/share/my_robot_interface/cmake/my_robot_interface__rosidl_typesupport_cppExport.cmake
[0.326s] -- Up-to-date: /home/devin/ros2_ws/RSO2_Study/install/my_robot_interface/share/my_robot_interface/cmake/my_robot_interface__rosidl_typesupport_cppExport-noconfig.cmake
[0.326s] -- Up-to-date: /home/devin/ros2_ws/RSO2_Study/install/my_robot_interface/share/my_robot_interface/cmake/export_my_robot_interface__rosidl_generator_pyExport.cmake
[0.326s] -- Up-to-date: /home/devin/ros2_ws/RSO2_Study/install/my_robot_interface/share/my_robot_interface/cmake/export_my_robot_interface__rosidl_generator_pyExport-noconfig.cmake
[0.326s] -- Up-to-date: /home/devin/ros2_ws/RSO2_Study/install/my_robot_interface/share/my_robot_interface/cmake/rosidl_cmake-extras.cmake
[0.326s] -- Up-to-date: /home/devin/ros2_ws/RSO2_Study/install/my_robot_interface/share/my_robot_interface/cmake/ament_cmake_export_dependencies-extras.cmake
[0.326s] -- Up-to-date: /home/devin/ros2_ws/RSO2_Study/install/my_robot_interface/share/my_robot_interface/cmake/ament_cmake_export_include_directories-extras.cmake
[0.326s] -- Up-to-date: /home/devin/ros2_ws/RSO2_Study/install/my_robot_interface/share/my_robot_interface/cmake/ament_cmake_export_libraries-extras.cmake
[0.326s] -- Up-to-date: /home/devin/ros2_ws/RSO2_Study/install/my_robot_interface/share/my_robot_interface/cmake/ament_cmake_export_targets-extras.cmake
[0.326s] -- Up-to-date: /home/devin/ros2_ws/RSO2_Study/install/my_robot_interface/share/my_robot_interface/cmake/rosidl_cmake_export_typesupport_targets-extras.cmake
[0.326s] -- Up-to-date: /home/devin/ros2_ws/RSO2_Study/install/my_robot_interface/share/my_robot_interface/cmake/rosidl_cmake_export_typesupport_libraries-extras.cmake
[0.326s] -- Up-to-date: /home/devin/ros2_ws/RSO2_Study/install/my_robot_interface/share/my_robot_interface/cmake/my_robot_interfaceConfig.cmake
[0.326s] -- Up-to-date: /home/devin/ros2_ws/RSO2_Study/install/my_robot_interface/share/my_robot_interface/cmake/my_robot_interfaceConfig-version.cmake
[0.326s] -- Up-to-date: /home/devin/ros2_ws/RSO2_Study/install/my_robot_interface/share/my_robot_interface/package.xml
[0.328s] Invoked command in '/home/devin/ros2_ws/RSO2_Study/build/my_robot_interface' returned '0': CMAKE_PREFIX_PATH=${CMAKE_PREFIX_PATH}:/home/devin/ros2_ws/RSO2_Study/install/action_py:/home/devin/ros2_ws/install/action_py:/opt/ros/humble /usr/bin/cmake --install /home/devin/ros2_ws/RSO2_Study/build/my_robot_interface
